<html xmlns:math="http://exslt.org/math" xmlns:testng="http://testng.org">
   <head>
      <title>TestNG XSLT Results</title>
      <meta http-equiv="content-type" content="text/html; charset=utf-8"></meta>
      <meta http-equiv="pragma" content="no-cache"></meta>
      <meta http-equiv="cache-control" content="max-age=0"></meta>
      <meta http-equiv="cache-control" content="no-cache"></meta>
      <meta http-equiv="cache-control" content="no-store"></meta>
      <LINK rel="stylesheet" href="style.css"></LINK>
      <script type="text/javascript" src="main.js"></script>
   </head>
   <body>
      <table width="100%" style="font-size: 16px; margin-bottom: 10px;" cellspacing="1">
         <tr>
            <td width="100%">
               All methods in suite
               
               <b>commonTest</b>
            </td>
            <td style="background-color: #FFBBBB; padding: 3px 3px 3px 0;" align="center">
               <div style="width: 50px;">8</div>
            </td>
            <td style="background-color: lightgreen; padding: 3px 3px 3px 0;" align="center">
               <div style="width: 50px;">2</div>
            </td>
            <td style="background-color: #FFFFBB; padding: 3px 3px 3px 0;" align="center">
               <div style="width: 50px;">0</div>
            </td>
            <td align="center" style="background-color: #eaf0f7; padding: 3px 3px 3px 0;">
               <div style="width: 50px;">10</div>
            </td>
            <td align="center"
                style="font-weight: bold; background-color: #eaf0f7; padding: 3px 3px 3px 0;">
               <div style="width: 50px;">20%</div>
            </td>
         </tr>
      </table>
      <div style="width: 200px;">
         <label for="groupMethodsCheckBox" style="font-weight: bold; margin: 0;">
            <input id="groupMethodsCheckBox" type="checkbox" onclick="switchTestMethodsView(this)"></input>
            Group by class
            
         </label>
         <br></br>
         <label for="methodsFilter_ALL" style="font-weight: bold; margin: 0;">
            <input id="methodsFilter_ALL" type="checkbox"
                   onclick="testMethodsFilterChanged(this, 'ALL')"></input>
            All
            
         </label>
      </div>
      <label for="methodsFilter_FAIL" style="margin-left: 20px;">
         <input id="methodsFilter_FAIL" type="checkbox"
                onclick="testMethodsFilterChanged(this, 'FAIL')"
                checked=""></input>
         Failed
         
      </label>
      <label for="methodsFilter_PASS">
         <input id="methodsFilter_PASS" type="checkbox"
                onclick="testMethodsFilterChanged(this, 'PASS')"
                checked=""></input>
         Passed
         
      </label>
      <label for="methodsFilter_SKIP">
         <input id="methodsFilter_SKIP" type="checkbox"
                onclick="testMethodsFilterChanged(this, 'SKIP')"
                checked=""></input>
         Skipped
         
      </label>
      <label for="methodsFilter_CONF">
         <input id="methodsFilter_CONF" type="checkbox"
                onclick="testMethodsFilterChanged(this, 'CONF')"></input>
         Config
         
      </label>
      <br></br>
      <div id="testMethodsByStatus">
         <table class="testMethodsTable" cellpadding="0" cellspacing="0">
            <tr class="methodsTableHeader">
               <td width="100%">Name</td>
               <td nowrap="true">Started</td>
               <td nowrap="true">Duration</td>
               <td>Exception</td>
            </tr>
            <tr id="com.maax.businessmanager.common.provision_copy_defect_Test_Provisioncopy_byStatus_failed_FAIL1_row"
                class="testMethodStatusFAIL">
               <td width="100%" class="firstMethodCell">
                  <a onclick="toggleDetailsVisibility('com.maax.businessmanager.common.provision_copy_defect_Test_Provisioncopy_byStatus_failed_FAIL1_details')">Provisioncopy({Successmess=Data Updated Successfully, LOB=Life, Username=bcchase, Result=, Runmode=Y, Benefit=Member Life,
                     copypagecode=DEC3025, Password=Welcome1, copypagestatus=Inforce, copypagedesc=DEC3015DESC, Browser=Firefox})
                  </a>
               </td>
               <td nowrap="true">11:59:14</td>
               <td nowrap="true" align="right">38s
                  
               </td>
               <td nowrap="true">
                  <a onclick="toggleDetailsVisibility('com.maax.businessmanager.common.provision_copy_defect_Test_Provisioncopy_byStatus_failed_FAIL1_exception')">org.openqa.selenium.NoSuchElementException: 
                     Unable to locate element: {"method":"xpath","selector":"//div[contains(@id,'connection-working') and contains(@class,'iceOutConStatActv')
                     and contains(@style,'visibility: visible')]"}
                     Command duration or timeout: 15 milliseconds
                     For documentation on this error, please visit: http://seleniumhq.org/exceptions/no_such_element.html
                     Build info: version: '2.44.0', revision: '76d78cf323ce037c5f92db6c1bba601c2ac43ad8', time: '2014-10-23 13:11:40'
                     System info: host: 'LMTN202461', ip: '167.74.108.52', os.name: 'Windows 7', os.arch: 'amd64', os.version: '6.1', java.version:
                     '1.8.0_25'
                     Driver info: org.openqa.selenium.firefox.FirefoxDriver
                     Capabilities [{applicationCacheEnabled=true, rotatable=false, handlesAlerts=true, databaseEnabled=true, version=31.4.0, platform=WINDOWS,
                     nativeEvents=true, acceptSslCerts=true, webStorageEnabled=true, locationContextEnabled=true, browserName=firefox, takesScreenshot=true,
                     javascriptEnabled=true, cssSelectorsEnabled=true}]
                     Session ID: 4585e2aa-ad2a-4608-b17e-6f7ad43bfaed
                     
                  </a>
                   
                  
               </td>
            </tr>
            <tr>
               <td colspan="4" class="detailsBox">
                  <div id="com.maax.businessmanager.common.provision_copy_defect_Test_Provisioncopy_byStatus_failed_FAIL1_details"
                       class="testMethodDetails">
                     <div>
                        <b>Name: </b>Provisioncopy
                     </div>
                     <div>
                        <b>Signature: </b>Provisioncopy(java.util.Hashtable)
                     </div>
                     <div>
                        <b>Parameters: </b>
                        
                        {Successmess=Data Updated Successfully, LOB=Life, Username=bcchase, Result=, Runmode=Y, Benefit=Member Life, copypagecode=DEC3025,
                        Password=Welcome1, copypagestatus=Inforce, copypagedesc=DEC3015DESC, Browser=Firefox}
                        
                        
                     </div>
                     <div>
                        <b>Start time: </b>11:59:14
                     </div>
                     <div>
                        <b>End time: </b>11:59:52
                     </div>
                     <div>
                        <b>Duration: </b>38s
                        
                     </div>
                  </div>
               </td>
            </tr>
            <tr>
               <td colspan="4" class="detailsBox">
                  <div id="com.maax.businessmanager.common.provision_copy_defect_Test_Provisioncopy_byStatus_failed_FAIL1_exception"
                       class="testMethodDetails">
                     <pre style="padding: 5px; margin: 0;">org.openqa.selenium.NoSuchElementException: Unable to locate element: {"method":"xpath","selector":"//div[contains(@id,'connection-working')
                        and contains(@class,'iceOutConStatActv') and contains(@style,'visibility: visible')]"}
                        Command duration or timeout: 15 milliseconds
                        For documentation on this error, please visit: http://seleniumhq.org/exceptions/no_such_element.html
                        Build info: version: '2.44.0', revision: '76d78cf323ce037c5f92db6c1bba601c2ac43ad8', time: '2014-10-23 13:11:40'
                        System info: host: 'LMTN202461', ip: '167.74.108.52', os.name: 'Windows 7', os.arch: 'amd64', os.version: '6.1', java.version:
                        '1.8.0_25'
                        Driver info: org.openqa.selenium.firefox.FirefoxDriver
                        Capabilities [{applicationCacheEnabled=true, rotatable=false, handlesAlerts=true, databaseEnabled=true, version=31.4.0, platform=WINDOWS,
                        nativeEvents=true, acceptSslCerts=true, webStorageEnabled=true, locationContextEnabled=true, browserName=firefox, takesScreenshot=true,
                        javascriptEnabled=true, cssSelectorsEnabled=true}]
                        Session ID: 4585e2aa-ad2a-4608-b17e-6f7ad43bfaed
                        	at sun.reflect.NativeConstructorAccessorImpl.newInstance0(Native Method)
                        	at sun.reflect.NativeConstructorAccessorImpl.newInstance(NativeConstructorAccessorImpl.java:62)
                        	at sun.reflect.DelegatingConstructorAccessorImpl.newInstance(DelegatingConstructorAccessorImpl.java:45)
                        	at java.lang.reflect.Constructor.newInstance(Constructor.java:408)
                        	at org.openqa.selenium.remote.ErrorHandler.createThrowable(ErrorHandler.java:204)
                        	at org.openqa.selenium.remote.ErrorHandler.throwIfResponseFailed(ErrorHandler.java:156)
                        	at org.openqa.selenium.remote.RemoteWebDriver.execute(RemoteWebDriver.java:599)
                        	at org.openqa.selenium.remote.RemoteWebDriver.findElement(RemoteWebDriver.java:352)
                        	at org.openqa.selenium.remote.RemoteWebDriver.findElementByXPath(RemoteWebDriver.java:449)
                        	at org.openqa.selenium.By$ByXPath.findElement(By.java:357)
                        	at org.openqa.selenium.remote.RemoteWebDriver.findElement(RemoteWebDriver.java:344)
                        	at com.maax.businessmanager.util.TestBase.dynamicwait(TestBase.java:249)
                        	at com.maax.businessmanager.common.provision_copy_defect_Test.Provisioncopy(provision_copy_defect_Test.java:89)
                        	at sun.reflect.NativeMethodAccessorImpl.invoke0(Native Method)
                        	at sun.reflect.NativeMethodAccessorImpl.invoke(NativeMethodAccessorImpl.java:62)
                        	at sun.reflect.DelegatingMethodAccessorImpl.invoke(DelegatingMethodAccessorImpl.java:43)
                        	at java.lang.reflect.Method.invoke(Method.java:483)
                        	at org.testng.internal.MethodInvocationHelper.invokeMethod(MethodInvocationHelper.java:80)
                        	at org.testng.internal.Invoker.invokeMethod(Invoker.java:673)
                        	at org.testng.internal.Invoker.invokeTestMethod(Invoker.java:842)
                        	at org.testng.internal.Invoker.invokeTestMethods(Invoker.java:1166)
                        	at org.testng.internal.TestMethodWorker.invokeTestMethods(TestMethodWorker.java:125)
                        	at org.testng.internal.TestMethodWorker.run(TestMethodWorker.java:109)
                        	at org.testng.TestRunner.runWorkers(TestRunner.java:1178)
                        	at org.testng.TestRunner.privateRun(TestRunner.java:757)
                        	at org.testng.TestRunner.run(TestRunner.java:608)
                        	at org.testng.SuiteRunner.runTest(SuiteRunner.java:334)
                        	at org.testng.SuiteRunner.runSequentially(SuiteRunner.java:329)
                        	at org.testng.SuiteRunner.privateRun(SuiteRunner.java:291)
                        	at org.testng.SuiteRunner.run(SuiteRunner.java:240)
                        	at org.testng.SuiteRunnerWorker.runSuite(SuiteRunnerWorker.java:52)
                        	at org.testng.SuiteRunnerWorker.run(SuiteRunnerWorker.java:86)
                        	at org.testng.TestNG.runSuitesSequentially(TestNG.java:1158)
                        	at org.testng.TestNG.runSuitesSequentially(TestNG.java:1154)
                        	at org.testng.TestNG.runSuitesLocally(TestNG.java:1083)
                        	at org.testng.TestNG.run(TestNG.java:999)
                        	at org.apache.maven.surefire.testng.TestNGExecutor.run(TestNGExecutor.java:178)
                        	at org.apache.maven.surefire.testng.TestNGXmlTestSuite.execute(TestNGXmlTestSuite.java:92)
                        	at org.apache.maven.surefire.testng.TestNGProvider.invoke(TestNGProvider.java:96)
                        	at sun.reflect.NativeMethodAccessorImpl.invoke0(Native Method)
                        	at sun.reflect.NativeMethodAccessorImpl.invoke(NativeMethodAccessorImpl.java:62)
                        	at sun.reflect.DelegatingMethodAccessorImpl.invoke(DelegatingMethodAccessorImpl.java:43)
                        	at java.lang.reflect.Method.invoke(Method.java:483)
                        	at org.apache.maven.surefire.util.ReflectionUtils.invokeMethodWithArray(ReflectionUtils.java:189)
                        	at org.apache.maven.surefire.booter.ProviderFactory$ProviderProxy.invoke(ProviderFactory.java:165)
                        	at org.apache.maven.surefire.booter.ProviderFactory.invokeProvider(ProviderFactory.java:85)
                        	at org.apache.maven.surefire.booter.ForkedBooter.runSuitesInProcess(ForkedBooter.java:115)
                        	at org.apache.maven.surefire.booter.ForkedBooter.main(ForkedBooter.java:75)
                        Caused by: org.openqa.selenium.NoSuchElementException: Unable to locate element: {"method":"xpath","selector":"//div[contains(@id,'connection-working')
                        and contains(@class,'iceOutConStatActv') and contains(@style,'visibility: visible')]"}
                        For documentation on this error, please visit: http://seleniumhq.org/exceptions/no_such_element.html
                        Build info: version: '2.44.0', revision: '76d78cf323ce037c5f92db6c1bba601c2ac43ad8', time: '2014-10-23 13:11:40'
                        System info: host: 'LMTN202461', ip: '167.74.108.52', os.name: 'Windows 7', os.arch: 'amd64', os.version: '6.1', java.version:
                        '1.8.0_25'
                        Driver info: driver.version: unknown
                        	at &lt;anonymous class&gt;.FirefoxDriver.prototype.findElementInternal_(file:///C:/Users/othnvun/AppData/Local/Temp/anonymous8014481421836216495webdriver-profile/extensions/fxdriver@googlecode.com/components/driver-component.js:9641:133)
                        	at &lt;anonymous class&gt;.FirefoxDriver.prototype.findElement(file:///C:/Users/othnvun/AppData/Local/Temp/anonymous8014481421836216495webdriver-profile/extensions/fxdriver@googlecode.com/components/driver-component.js:9650:3)
                        	at &lt;anonymous class&gt;.DelayedCommand.prototype.executeInternal_/h(file:///C:/Users/othnvun/AppData/Local/Temp/anonymous8014481421836216495webdriver-profile/extensions/fxdriver@googlecode.com/components/command-processor.js:11635:16)
                        	at &lt;anonymous class&gt;.DelayedCommand.prototype.executeInternal_(file:///C:/Users/othnvun/AppData/Local/Temp/anonymous8014481421836216495webdriver-profile/extensions/fxdriver@googlecode.com/components/command-processor.js:11640:7)
                        	at &lt;anonymous class&gt;.DelayedCommand.prototype.execute/&lt;(file:///C:/Users/othnvun/AppData/Local/Temp/anonymous8014481421836216495webdriver-profile/extensions/fxdriver@googlecode.com/components/command-processor.js:11582:5)
                     </pre>
                  </div>
               </td>
            </tr>
            <tr id="com.maax.businessmanager.common.provision_copy_defect_Test_Provisioncopy_byStatus_failed_FAIL2_row"
                class="testMethodStatusFAIL">
               <td width="100%" class="firstMethodCell">
                  <a onclick="toggleDetailsVisibility('com.maax.businessmanager.common.provision_copy_defect_Test_Provisioncopy_byStatus_failed_FAIL2_details')">Provisioncopy({Successmess=Data Updated Successfully, LOB=AD&amp;D, Username=bcchase, Result=, Runmode=Y, Benefit=Member AD&amp;D,
                     copypagecode=DEC3025, Password=Welcome1, copypagestatus=Inforce, copypagedesc=DEC3015DESC, Browser=Firefox})
                  </a>
               </td>
               <td nowrap="true">11:59:52</td>
               <td nowrap="true" align="right">31s
                  
               </td>
               <td nowrap="true">
                  <a onclick="toggleDetailsVisibility('com.maax.businessmanager.common.provision_copy_defect_Test_Provisioncopy_byStatus_failed_FAIL2_exception')">org.openqa.selenium.NoSuchElementException: 
                     Unable to locate element: {"method":"xpath","selector":"//div[contains(@id,'connection-working') and contains(@class,'iceOutConStatActv')
                     and contains(@style,'visibility: visible')]"}
                     Command duration or timeout: 9 milliseconds
                     For documentation on this error, please visit: http://seleniumhq.org/exceptions/no_such_element.html
                     Build info: version: '2.44.0', revision: '76d78cf323ce037c5f92db6c1bba601c2ac43ad8', time: '2014-10-23 13:11:40'
                     System info: host: 'LMTN202461', ip: '167.74.108.52', os.name: 'Windows 7', os.arch: 'amd64', os.version: '6.1', java.version:
                     '1.8.0_25'
                     Driver info: org.openqa.selenium.firefox.FirefoxDriver
                     Capabilities [{applicationCacheEnabled=true, rotatable=false, handlesAlerts=true, databaseEnabled=true, version=31.4.0, platform=WINDOWS,
                     nativeEvents=true, acceptSslCerts=true, webStorageEnabled=true, locationContextEnabled=true, browserName=firefox, takesScreenshot=true,
                     javascriptEnabled=true, cssSelectorsEnabled=true}]
                     Session ID: b15d4a34-b2f3-47c2-9def-9cdf1f9cc79c
                     
                  </a>
                   
                  
               </td>
            </tr>
            <tr>
               <td colspan="4" class="detailsBox">
                  <div id="com.maax.businessmanager.common.provision_copy_defect_Test_Provisioncopy_byStatus_failed_FAIL2_details"
                       class="testMethodDetails">
                     <div>
                        <b>Name: </b>Provisioncopy
                     </div>
                     <div>
                        <b>Signature: </b>Provisioncopy(java.util.Hashtable)
                     </div>
                     <div>
                        <b>Parameters: </b>
                        
                        {Successmess=Data Updated Successfully, LOB=AD&amp;D, Username=bcchase, Result=, Runmode=Y, Benefit=Member AD&amp;D, copypagecode=DEC3025,
                        Password=Welcome1, copypagestatus=Inforce, copypagedesc=DEC3015DESC, Browser=Firefox}
                        
                        
                     </div>
                     <div>
                        <b>Start time: </b>11:59:52
                     </div>
                     <div>
                        <b>End time: </b>12:00:24
                     </div>
                     <div>
                        <b>Duration: </b>31s
                        
                     </div>
                  </div>
               </td>
            </tr>
            <tr>
               <td colspan="4" class="detailsBox">
                  <div id="com.maax.businessmanager.common.provision_copy_defect_Test_Provisioncopy_byStatus_failed_FAIL2_exception"
                       class="testMethodDetails">
                     <pre style="padding: 5px; margin: 0;">org.openqa.selenium.NoSuchElementException: Unable to locate element: {"method":"xpath","selector":"//div[contains(@id,'connection-working')
                        and contains(@class,'iceOutConStatActv') and contains(@style,'visibility: visible')]"}
                        Command duration or timeout: 9 milliseconds
                        For documentation on this error, please visit: http://seleniumhq.org/exceptions/no_such_element.html
                        Build info: version: '2.44.0', revision: '76d78cf323ce037c5f92db6c1bba601c2ac43ad8', time: '2014-10-23 13:11:40'
                        System info: host: 'LMTN202461', ip: '167.74.108.52', os.name: 'Windows 7', os.arch: 'amd64', os.version: '6.1', java.version:
                        '1.8.0_25'
                        Driver info: org.openqa.selenium.firefox.FirefoxDriver
                        Capabilities [{applicationCacheEnabled=true, rotatable=false, handlesAlerts=true, databaseEnabled=true, version=31.4.0, platform=WINDOWS,
                        nativeEvents=true, acceptSslCerts=true, webStorageEnabled=true, locationContextEnabled=true, browserName=firefox, takesScreenshot=true,
                        javascriptEnabled=true, cssSelectorsEnabled=true}]
                        Session ID: b15d4a34-b2f3-47c2-9def-9cdf1f9cc79c
                        	at sun.reflect.NativeConstructorAccessorImpl.newInstance0(Native Method)
                        	at sun.reflect.NativeConstructorAccessorImpl.newInstance(NativeConstructorAccessorImpl.java:62)
                        	at sun.reflect.DelegatingConstructorAccessorImpl.newInstance(DelegatingConstructorAccessorImpl.java:45)
                        	at java.lang.reflect.Constructor.newInstance(Constructor.java:408)
                        	at org.openqa.selenium.remote.ErrorHandler.createThrowable(ErrorHandler.java:204)
                        	at org.openqa.selenium.remote.ErrorHandler.throwIfResponseFailed(ErrorHandler.java:156)
                        	at org.openqa.selenium.remote.RemoteWebDriver.execute(RemoteWebDriver.java:599)
                        	at org.openqa.selenium.remote.RemoteWebDriver.findElement(RemoteWebDriver.java:352)
                        	at org.openqa.selenium.remote.RemoteWebDriver.findElementByXPath(RemoteWebDriver.java:449)
                        	at org.openqa.selenium.By$ByXPath.findElement(By.java:357)
                        	at org.openqa.selenium.remote.RemoteWebDriver.findElement(RemoteWebDriver.java:344)
                        	at com.maax.businessmanager.util.TestBase.dynamicwait(TestBase.java:249)
                        	at com.maax.businessmanager.common.provision_copy_defect_Test.Provisioncopy(provision_copy_defect_Test.java:89)
                        	at sun.reflect.NativeMethodAccessorImpl.invoke0(Native Method)
                        	at sun.reflect.NativeMethodAccessorImpl.invoke(NativeMethodAccessorImpl.java:62)
                        	at sun.reflect.DelegatingMethodAccessorImpl.invoke(DelegatingMethodAccessorImpl.java:43)
                        	at java.lang.reflect.Method.invoke(Method.java:483)
                        	at org.testng.internal.MethodInvocationHelper.invokeMethod(MethodInvocationHelper.java:80)
                        	at org.testng.internal.Invoker.invokeMethod(Invoker.java:673)
                        	at org.testng.internal.Invoker.invokeTestMethod(Invoker.java:842)
                        	at org.testng.internal.Invoker.invokeTestMethods(Invoker.java:1166)
                        	at org.testng.internal.TestMethodWorker.invokeTestMethods(TestMethodWorker.java:125)
                        	at org.testng.internal.TestMethodWorker.run(TestMethodWorker.java:109)
                        	at org.testng.TestRunner.runWorkers(TestRunner.java:1178)
                        	at org.testng.TestRunner.privateRun(TestRunner.java:757)
                        	at org.testng.TestRunner.run(TestRunner.java:608)
                        	at org.testng.SuiteRunner.runTest(SuiteRunner.java:334)
                        	at org.testng.SuiteRunner.runSequentially(SuiteRunner.java:329)
                        	at org.testng.SuiteRunner.privateRun(SuiteRunner.java:291)
                        	at org.testng.SuiteRunner.run(SuiteRunner.java:240)
                        	at org.testng.SuiteRunnerWorker.runSuite(SuiteRunnerWorker.java:52)
                        	at org.testng.SuiteRunnerWorker.run(SuiteRunnerWorker.java:86)
                        	at org.testng.TestNG.runSuitesSequentially(TestNG.java:1158)
                        	at org.testng.TestNG.runSuitesSequentially(TestNG.java:1154)
                        	at org.testng.TestNG.runSuitesLocally(TestNG.java:1083)
                        	at org.testng.TestNG.run(TestNG.java:999)
                        	at org.apache.maven.surefire.testng.TestNGExecutor.run(TestNGExecutor.java:178)
                        	at org.apache.maven.surefire.testng.TestNGXmlTestSuite.execute(TestNGXmlTestSuite.java:92)
                        	at org.apache.maven.surefire.testng.TestNGProvider.invoke(TestNGProvider.java:96)
                        	at sun.reflect.NativeMethodAccessorImpl.invoke0(Native Method)
                        	at sun.reflect.NativeMethodAccessorImpl.invoke(NativeMethodAccessorImpl.java:62)
                        	at sun.reflect.DelegatingMethodAccessorImpl.invoke(DelegatingMethodAccessorImpl.java:43)
                        	at java.lang.reflect.Method.invoke(Method.java:483)
                        	at org.apache.maven.surefire.util.ReflectionUtils.invokeMethodWithArray(ReflectionUtils.java:189)
                        	at org.apache.maven.surefire.booter.ProviderFactory$ProviderProxy.invoke(ProviderFactory.java:165)
                        	at org.apache.maven.surefire.booter.ProviderFactory.invokeProvider(ProviderFactory.java:85)
                        	at org.apache.maven.surefire.booter.ForkedBooter.runSuitesInProcess(ForkedBooter.java:115)
                        	at org.apache.maven.surefire.booter.ForkedBooter.main(ForkedBooter.java:75)
                        Caused by: org.openqa.selenium.NoSuchElementException: Unable to locate element: {"method":"xpath","selector":"//div[contains(@id,'connection-working')
                        and contains(@class,'iceOutConStatActv') and contains(@style,'visibility: visible')]"}
                        For documentation on this error, please visit: http://seleniumhq.org/exceptions/no_such_element.html
                        Build info: version: '2.44.0', revision: '76d78cf323ce037c5f92db6c1bba601c2ac43ad8', time: '2014-10-23 13:11:40'
                        System info: host: 'LMTN202461', ip: '167.74.108.52', os.name: 'Windows 7', os.arch: 'amd64', os.version: '6.1', java.version:
                        '1.8.0_25'
                        Driver info: driver.version: unknown
                        	at &lt;anonymous class&gt;.FirefoxDriver.prototype.findElementInternal_(file:///C:/Users/othnvun/AppData/Local/Temp/anonymous6668945412590525596webdriver-profile/extensions/fxdriver@googlecode.com/components/driver-component.js:9641:133)
                        	at &lt;anonymous class&gt;.FirefoxDriver.prototype.findElement(file:///C:/Users/othnvun/AppData/Local/Temp/anonymous6668945412590525596webdriver-profile/extensions/fxdriver@googlecode.com/components/driver-component.js:9650:3)
                        	at &lt;anonymous class&gt;.DelayedCommand.prototype.executeInternal_/h(file:///C:/Users/othnvun/AppData/Local/Temp/anonymous6668945412590525596webdriver-profile/extensions/fxdriver@googlecode.com/components/command-processor.js:11635:16)
                        	at &lt;anonymous class&gt;.DelayedCommand.prototype.executeInternal_(file:///C:/Users/othnvun/AppData/Local/Temp/anonymous6668945412590525596webdriver-profile/extensions/fxdriver@googlecode.com/components/command-processor.js:11640:7)
                        	at &lt;anonymous class&gt;.DelayedCommand.prototype.execute/&lt;(file:///C:/Users/othnvun/AppData/Local/Temp/anonymous6668945412590525596webdriver-profile/extensions/fxdriver@googlecode.com/components/command-processor.js:11582:5)
                     </pre>
                  </div>
               </td>
            </tr>
            <tr id="com.maax.businessmanager.common.provision_copy_defect_Test_Provisioncopy_byStatus_failed_FAIL3_row"
                class="testMethodStatusFAIL">
               <td width="100%" class="firstMethodCell">
                  <a onclick="toggleDetailsVisibility('com.maax.businessmanager.common.provision_copy_defect_Test_Provisioncopy_byStatus_failed_FAIL3_details')">Provisioncopy({Successmess=Data Updated Successfully, LOB=Income Replacement, Username=bcchase, Result=, Runmode=Y, Benefit=STD,
                     copypagecode=DEC3025, Password=Welcome1, copypagestatus=Inforce, copypagedesc=DEC3015DESC, Browser=Firefox})
                  </a>
               </td>
               <td nowrap="true">12:00:24</td>
               <td nowrap="true" align="right">31s
                  
               </td>
               <td nowrap="true">
                  <a onclick="toggleDetailsVisibility('com.maax.businessmanager.common.provision_copy_defect_Test_Provisioncopy_byStatus_failed_FAIL3_exception')">org.openqa.selenium.NoSuchElementException: 
                     Unable to locate element: {"method":"xpath","selector":"//div[contains(@id,'connection-working') and contains(@class,'iceOutConStatActv')
                     and contains(@style,'visibility: visible')]"}
                     Command duration or timeout: 12 milliseconds
                     For documentation on this error, please visit: http://seleniumhq.org/exceptions/no_such_element.html
                     Build info: version: '2.44.0', revision: '76d78cf323ce037c5f92db6c1bba601c2ac43ad8', time: '2014-10-23 13:11:40'
                     System info: host: 'LMTN202461', ip: '167.74.108.52', os.name: 'Windows 7', os.arch: 'amd64', os.version: '6.1', java.version:
                     '1.8.0_25'
                     Driver info: org.openqa.selenium.firefox.FirefoxDriver
                     Capabilities [{applicationCacheEnabled=true, rotatable=false, handlesAlerts=true, databaseEnabled=true, version=31.4.0, platform=WINDOWS,
                     nativeEvents=true, acceptSslCerts=true, webStorageEnabled=true, locationContextEnabled=true, browserName=firefox, takesScreenshot=true,
                     javascriptEnabled=true, cssSelectorsEnabled=true}]
                     Session ID: 3429a9c7-2b85-4ff3-a68b-36cfa6a0c706
                     
                  </a>
                   
                  
               </td>
            </tr>
            <tr>
               <td colspan="4" class="detailsBox">
                  <div id="com.maax.businessmanager.common.provision_copy_defect_Test_Provisioncopy_byStatus_failed_FAIL3_details"
                       class="testMethodDetails">
                     <div>
                        <b>Name: </b>Provisioncopy
                     </div>
                     <div>
                        <b>Signature: </b>Provisioncopy(java.util.Hashtable)
                     </div>
                     <div>
                        <b>Parameters: </b>
                        
                        {Successmess=Data Updated Successfully, LOB=Income Replacement, Username=bcchase, Result=, Runmode=Y, Benefit=STD, copypagecode=DEC3025,
                        Password=Welcome1, copypagestatus=Inforce, copypagedesc=DEC3015DESC, Browser=Firefox}
                        
                        
                     </div>
                     <div>
                        <b>Start time: </b>12:00:24
                     </div>
                     <div>
                        <b>End time: </b>12:00:55
                     </div>
                     <div>
                        <b>Duration: </b>31s
                        
                     </div>
                  </div>
               </td>
            </tr>
            <tr>
               <td colspan="4" class="detailsBox">
                  <div id="com.maax.businessmanager.common.provision_copy_defect_Test_Provisioncopy_byStatus_failed_FAIL3_exception"
                       class="testMethodDetails">
                     <pre style="padding: 5px; margin: 0;">org.openqa.selenium.NoSuchElementException: Unable to locate element: {"method":"xpath","selector":"//div[contains(@id,'connection-working')
                        and contains(@class,'iceOutConStatActv') and contains(@style,'visibility: visible')]"}
                        Command duration or timeout: 12 milliseconds
                        For documentation on this error, please visit: http://seleniumhq.org/exceptions/no_such_element.html
                        Build info: version: '2.44.0', revision: '76d78cf323ce037c5f92db6c1bba601c2ac43ad8', time: '2014-10-23 13:11:40'
                        System info: host: 'LMTN202461', ip: '167.74.108.52', os.name: 'Windows 7', os.arch: 'amd64', os.version: '6.1', java.version:
                        '1.8.0_25'
                        Driver info: org.openqa.selenium.firefox.FirefoxDriver
                        Capabilities [{applicationCacheEnabled=true, rotatable=false, handlesAlerts=true, databaseEnabled=true, version=31.4.0, platform=WINDOWS,
                        nativeEvents=true, acceptSslCerts=true, webStorageEnabled=true, locationContextEnabled=true, browserName=firefox, takesScreenshot=true,
                        javascriptEnabled=true, cssSelectorsEnabled=true}]
                        Session ID: 3429a9c7-2b85-4ff3-a68b-36cfa6a0c706
                        	at sun.reflect.NativeConstructorAccessorImpl.newInstance0(Native Method)
                        	at sun.reflect.NativeConstructorAccessorImpl.newInstance(NativeConstructorAccessorImpl.java:62)
                        	at sun.reflect.DelegatingConstructorAccessorImpl.newInstance(DelegatingConstructorAccessorImpl.java:45)
                        	at java.lang.reflect.Constructor.newInstance(Constructor.java:408)
                        	at org.openqa.selenium.remote.ErrorHandler.createThrowable(ErrorHandler.java:204)
                        	at org.openqa.selenium.remote.ErrorHandler.throwIfResponseFailed(ErrorHandler.java:156)
                        	at org.openqa.selenium.remote.RemoteWebDriver.execute(RemoteWebDriver.java:599)
                        	at org.openqa.selenium.remote.RemoteWebDriver.findElement(RemoteWebDriver.java:352)
                        	at org.openqa.selenium.remote.RemoteWebDriver.findElementByXPath(RemoteWebDriver.java:449)
                        	at org.openqa.selenium.By$ByXPath.findElement(By.java:357)
                        	at org.openqa.selenium.remote.RemoteWebDriver.findElement(RemoteWebDriver.java:344)
                        	at com.maax.businessmanager.util.TestBase.dynamicwait(TestBase.java:249)
                        	at com.maax.businessmanager.common.provision_copy_defect_Test.Provisioncopy(provision_copy_defect_Test.java:89)
                        	at sun.reflect.NativeMethodAccessorImpl.invoke0(Native Method)
                        	at sun.reflect.NativeMethodAccessorImpl.invoke(NativeMethodAccessorImpl.java:62)
                        	at sun.reflect.DelegatingMethodAccessorImpl.invoke(DelegatingMethodAccessorImpl.java:43)
                        	at java.lang.reflect.Method.invoke(Method.java:483)
                        	at org.testng.internal.MethodInvocationHelper.invokeMethod(MethodInvocationHelper.java:80)
                        	at org.testng.internal.Invoker.invokeMethod(Invoker.java:673)
                        	at org.testng.internal.Invoker.invokeTestMethod(Invoker.java:842)
                        	at org.testng.internal.Invoker.invokeTestMethods(Invoker.java:1166)
                        	at org.testng.internal.TestMethodWorker.invokeTestMethods(TestMethodWorker.java:125)
                        	at org.testng.internal.TestMethodWorker.run(TestMethodWorker.java:109)
                        	at org.testng.TestRunner.runWorkers(TestRunner.java:1178)
                        	at org.testng.TestRunner.privateRun(TestRunner.java:757)
                        	at org.testng.TestRunner.run(TestRunner.java:608)
                        	at org.testng.SuiteRunner.runTest(SuiteRunner.java:334)
                        	at org.testng.SuiteRunner.runSequentially(SuiteRunner.java:329)
                        	at org.testng.SuiteRunner.privateRun(SuiteRunner.java:291)
                        	at org.testng.SuiteRunner.run(SuiteRunner.java:240)
                        	at org.testng.SuiteRunnerWorker.runSuite(SuiteRunnerWorker.java:52)
                        	at org.testng.SuiteRunnerWorker.run(SuiteRunnerWorker.java:86)
                        	at org.testng.TestNG.runSuitesSequentially(TestNG.java:1158)
                        	at org.testng.TestNG.runSuitesSequentially(TestNG.java:1154)
                        	at org.testng.TestNG.runSuitesLocally(TestNG.java:1083)
                        	at org.testng.TestNG.run(TestNG.java:999)
                        	at org.apache.maven.surefire.testng.TestNGExecutor.run(TestNGExecutor.java:178)
                        	at org.apache.maven.surefire.testng.TestNGXmlTestSuite.execute(TestNGXmlTestSuite.java:92)
                        	at org.apache.maven.surefire.testng.TestNGProvider.invoke(TestNGProvider.java:96)
                        	at sun.reflect.NativeMethodAccessorImpl.invoke0(Native Method)
                        	at sun.reflect.NativeMethodAccessorImpl.invoke(NativeMethodAccessorImpl.java:62)
                        	at sun.reflect.DelegatingMethodAccessorImpl.invoke(DelegatingMethodAccessorImpl.java:43)
                        	at java.lang.reflect.Method.invoke(Method.java:483)
                        	at org.apache.maven.surefire.util.ReflectionUtils.invokeMethodWithArray(ReflectionUtils.java:189)
                        	at org.apache.maven.surefire.booter.ProviderFactory$ProviderProxy.invoke(ProviderFactory.java:165)
                        	at org.apache.maven.surefire.booter.ProviderFactory.invokeProvider(ProviderFactory.java:85)
                        	at org.apache.maven.surefire.booter.ForkedBooter.runSuitesInProcess(ForkedBooter.java:115)
                        	at org.apache.maven.surefire.booter.ForkedBooter.main(ForkedBooter.java:75)
                        Caused by: org.openqa.selenium.NoSuchElementException: Unable to locate element: {"method":"xpath","selector":"//div[contains(@id,'connection-working')
                        and contains(@class,'iceOutConStatActv') and contains(@style,'visibility: visible')]"}
                        For documentation on this error, please visit: http://seleniumhq.org/exceptions/no_such_element.html
                        Build info: version: '2.44.0', revision: '76d78cf323ce037c5f92db6c1bba601c2ac43ad8', time: '2014-10-23 13:11:40'
                        System info: host: 'LMTN202461', ip: '167.74.108.52', os.name: 'Windows 7', os.arch: 'amd64', os.version: '6.1', java.version:
                        '1.8.0_25'
                        Driver info: driver.version: unknown
                        	at &lt;anonymous class&gt;.FirefoxDriver.prototype.findElementInternal_(file:///C:/Users/othnvun/AppData/Local/Temp/anonymous3025438996023006925webdriver-profile/extensions/fxdriver@googlecode.com/components/driver-component.js:9641:133)
                        	at &lt;anonymous class&gt;.FirefoxDriver.prototype.findElement(file:///C:/Users/othnvun/AppData/Local/Temp/anonymous3025438996023006925webdriver-profile/extensions/fxdriver@googlecode.com/components/driver-component.js:9650:3)
                        	at &lt;anonymous class&gt;.DelayedCommand.prototype.executeInternal_/h(file:///C:/Users/othnvun/AppData/Local/Temp/anonymous3025438996023006925webdriver-profile/extensions/fxdriver@googlecode.com/components/command-processor.js:11635:16)
                        	at &lt;anonymous class&gt;.DelayedCommand.prototype.executeInternal_(file:///C:/Users/othnvun/AppData/Local/Temp/anonymous3025438996023006925webdriver-profile/extensions/fxdriver@googlecode.com/components/command-processor.js:11640:7)
                        	at &lt;anonymous class&gt;.DelayedCommand.prototype.execute/&lt;(file:///C:/Users/othnvun/AppData/Local/Temp/anonymous3025438996023006925webdriver-profile/extensions/fxdriver@googlecode.com/components/command-processor.js:11582:5)
                     </pre>
                  </div>
               </td>
            </tr>
            <tr id="com.maax.businessmanager.common.provision_copy_defect_Test_Provisioncopy_byStatus_failed_FAIL4_row"
                class="testMethodStatusFAIL">
               <td width="100%" class="firstMethodCell">
                  <a onclick="toggleDetailsVisibility('com.maax.businessmanager.common.provision_copy_defect_Test_Provisioncopy_byStatus_failed_FAIL4_details')">Provisioncopy({Successmess=Data Updated Successfully, LOB=Income Replacement, Username=bcchase, Result=, Runmode=Y, Benefit=LTD,
                     copypagecode=DEC3025, Password=Welcome1, copypagestatus=Inforce, copypagedesc=DEC3015DESC, Browser=Firefox})
                  </a>
               </td>
               <td nowrap="true">12:00:55</td>
               <td nowrap="true" align="right">31s
                  
               </td>
               <td nowrap="true">
                  <a onclick="toggleDetailsVisibility('com.maax.businessmanager.common.provision_copy_defect_Test_Provisioncopy_byStatus_failed_FAIL4_exception')">org.openqa.selenium.NoSuchElementException: 
                     Unable to locate element: {"method":"xpath","selector":"//div[contains(@id,'connection-working') and contains(@class,'iceOutConStatActv')
                     and contains(@style,'visibility: visible')]"}
                     Command duration or timeout: 10 milliseconds
                     For documentation on this error, please visit: http://seleniumhq.org/exceptions/no_such_element.html
                     Build info: version: '2.44.0', revision: '76d78cf323ce037c5f92db6c1bba601c2ac43ad8', time: '2014-10-23 13:11:40'
                     System info: host: 'LMTN202461', ip: '167.74.108.52', os.name: 'Windows 7', os.arch: 'amd64', os.version: '6.1', java.version:
                     '1.8.0_25'
                     Driver info: org.openqa.selenium.firefox.FirefoxDriver
                     Capabilities [{applicationCacheEnabled=true, rotatable=false, handlesAlerts=true, databaseEnabled=true, version=31.4.0, platform=WINDOWS,
                     nativeEvents=true, acceptSslCerts=true, webStorageEnabled=true, locationContextEnabled=true, browserName=firefox, takesScreenshot=true,
                     javascriptEnabled=true, cssSelectorsEnabled=true}]
                     Session ID: 564b4ef5-a8a5-40da-9c65-83c2c9d82f71
                     
                  </a>
                   
                  
               </td>
            </tr>
            <tr>
               <td colspan="4" class="detailsBox">
                  <div id="com.maax.businessmanager.common.provision_copy_defect_Test_Provisioncopy_byStatus_failed_FAIL4_details"
                       class="testMethodDetails">
                     <div>
                        <b>Name: </b>Provisioncopy
                     </div>
                     <div>
                        <b>Signature: </b>Provisioncopy(java.util.Hashtable)
                     </div>
                     <div>
                        <b>Parameters: </b>
                        
                        {Successmess=Data Updated Successfully, LOB=Income Replacement, Username=bcchase, Result=, Runmode=Y, Benefit=LTD, copypagecode=DEC3025,
                        Password=Welcome1, copypagestatus=Inforce, copypagedesc=DEC3015DESC, Browser=Firefox}
                        
                        
                     </div>
                     <div>
                        <b>Start time: </b>12:00:55
                     </div>
                     <div>
                        <b>End time: </b>12:01:26
                     </div>
                     <div>
                        <b>Duration: </b>31s
                        
                     </div>
                  </div>
               </td>
            </tr>
            <tr>
               <td colspan="4" class="detailsBox">
                  <div id="com.maax.businessmanager.common.provision_copy_defect_Test_Provisioncopy_byStatus_failed_FAIL4_exception"
                       class="testMethodDetails">
                     <pre style="padding: 5px; margin: 0;">org.openqa.selenium.NoSuchElementException: Unable to locate element: {"method":"xpath","selector":"//div[contains(@id,'connection-working')
                        and contains(@class,'iceOutConStatActv') and contains(@style,'visibility: visible')]"}
                        Command duration or timeout: 10 milliseconds
                        For documentation on this error, please visit: http://seleniumhq.org/exceptions/no_such_element.html
                        Build info: version: '2.44.0', revision: '76d78cf323ce037c5f92db6c1bba601c2ac43ad8', time: '2014-10-23 13:11:40'
                        System info: host: 'LMTN202461', ip: '167.74.108.52', os.name: 'Windows 7', os.arch: 'amd64', os.version: '6.1', java.version:
                        '1.8.0_25'
                        Driver info: org.openqa.selenium.firefox.FirefoxDriver
                        Capabilities [{applicationCacheEnabled=true, rotatable=false, handlesAlerts=true, databaseEnabled=true, version=31.4.0, platform=WINDOWS,
                        nativeEvents=true, acceptSslCerts=true, webStorageEnabled=true, locationContextEnabled=true, browserName=firefox, takesScreenshot=true,
                        javascriptEnabled=true, cssSelectorsEnabled=true}]
                        Session ID: 564b4ef5-a8a5-40da-9c65-83c2c9d82f71
                        	at sun.reflect.GeneratedConstructorAccessor31.newInstance(Unknown Source)
                        	at sun.reflect.DelegatingConstructorAccessorImpl.newInstance(DelegatingConstructorAccessorImpl.java:45)
                        	at java.lang.reflect.Constructor.newInstance(Constructor.java:408)
                        	at org.openqa.selenium.remote.ErrorHandler.createThrowable(ErrorHandler.java:204)
                        	at org.openqa.selenium.remote.ErrorHandler.throwIfResponseFailed(ErrorHandler.java:156)
                        	at org.openqa.selenium.remote.RemoteWebDriver.execute(RemoteWebDriver.java:599)
                        	at org.openqa.selenium.remote.RemoteWebDriver.findElement(RemoteWebDriver.java:352)
                        	at org.openqa.selenium.remote.RemoteWebDriver.findElementByXPath(RemoteWebDriver.java:449)
                        	at org.openqa.selenium.By$ByXPath.findElement(By.java:357)
                        	at org.openqa.selenium.remote.RemoteWebDriver.findElement(RemoteWebDriver.java:344)
                        	at com.maax.businessmanager.util.TestBase.dynamicwait(TestBase.java:249)
                        	at com.maax.businessmanager.common.provision_copy_defect_Test.Provisioncopy(provision_copy_defect_Test.java:89)
                        	at sun.reflect.NativeMethodAccessorImpl.invoke0(Native Method)
                        	at sun.reflect.NativeMethodAccessorImpl.invoke(NativeMethodAccessorImpl.java:62)
                        	at sun.reflect.DelegatingMethodAccessorImpl.invoke(DelegatingMethodAccessorImpl.java:43)
                        	at java.lang.reflect.Method.invoke(Method.java:483)
                        	at org.testng.internal.MethodInvocationHelper.invokeMethod(MethodInvocationHelper.java:80)
                        	at org.testng.internal.Invoker.invokeMethod(Invoker.java:673)
                        	at org.testng.internal.Invoker.invokeTestMethod(Invoker.java:842)
                        	at org.testng.internal.Invoker.invokeTestMethods(Invoker.java:1166)
                        	at org.testng.internal.TestMethodWorker.invokeTestMethods(TestMethodWorker.java:125)
                        	at org.testng.internal.TestMethodWorker.run(TestMethodWorker.java:109)
                        	at org.testng.TestRunner.runWorkers(TestRunner.java:1178)
                        	at org.testng.TestRunner.privateRun(TestRunner.java:757)
                        	at org.testng.TestRunner.run(TestRunner.java:608)
                        	at org.testng.SuiteRunner.runTest(SuiteRunner.java:334)
                        	at org.testng.SuiteRunner.runSequentially(SuiteRunner.java:329)
                        	at org.testng.SuiteRunner.privateRun(SuiteRunner.java:291)
                        	at org.testng.SuiteRunner.run(SuiteRunner.java:240)
                        	at org.testng.SuiteRunnerWorker.runSuite(SuiteRunnerWorker.java:52)
                        	at org.testng.SuiteRunnerWorker.run(SuiteRunnerWorker.java:86)
                        	at org.testng.TestNG.runSuitesSequentially(TestNG.java:1158)
                        	at org.testng.TestNG.runSuitesSequentially(TestNG.java:1154)
                        	at org.testng.TestNG.runSuitesLocally(TestNG.java:1083)
                        	at org.testng.TestNG.run(TestNG.java:999)
                        	at org.apache.maven.surefire.testng.TestNGExecutor.run(TestNGExecutor.java:178)
                        	at org.apache.maven.surefire.testng.TestNGXmlTestSuite.execute(TestNGXmlTestSuite.java:92)
                        	at org.apache.maven.surefire.testng.TestNGProvider.invoke(TestNGProvider.java:96)
                        	at sun.reflect.NativeMethodAccessorImpl.invoke0(Native Method)
                        	at sun.reflect.NativeMethodAccessorImpl.invoke(NativeMethodAccessorImpl.java:62)
                        	at sun.reflect.DelegatingMethodAccessorImpl.invoke(DelegatingMethodAccessorImpl.java:43)
                        	at java.lang.reflect.Method.invoke(Method.java:483)
                        	at org.apache.maven.surefire.util.ReflectionUtils.invokeMethodWithArray(ReflectionUtils.java:189)
                        	at org.apache.maven.surefire.booter.ProviderFactory$ProviderProxy.invoke(ProviderFactory.java:165)
                        	at org.apache.maven.surefire.booter.ProviderFactory.invokeProvider(ProviderFactory.java:85)
                        	at org.apache.maven.surefire.booter.ForkedBooter.runSuitesInProcess(ForkedBooter.java:115)
                        	at org.apache.maven.surefire.booter.ForkedBooter.main(ForkedBooter.java:75)
                        Caused by: org.openqa.selenium.NoSuchElementException: Unable to locate element: {"method":"xpath","selector":"//div[contains(@id,'connection-working')
                        and contains(@class,'iceOutConStatActv') and contains(@style,'visibility: visible')]"}
                        For documentation on this error, please visit: http://seleniumhq.org/exceptions/no_such_element.html
                        Build info: version: '2.44.0', revision: '76d78cf323ce037c5f92db6c1bba601c2ac43ad8', time: '2014-10-23 13:11:40'
                        System info: host: 'LMTN202461', ip: '167.74.108.52', os.name: 'Windows 7', os.arch: 'amd64', os.version: '6.1', java.version:
                        '1.8.0_25'
                        Driver info: driver.version: unknown
                        	at &lt;anonymous class&gt;.FirefoxDriver.prototype.findElementInternal_(file:///C:/Users/othnvun/AppData/Local/Temp/anonymous1110575283838732933webdriver-profile/extensions/fxdriver@googlecode.com/components/driver-component.js:9641:133)
                        	at &lt;anonymous class&gt;.FirefoxDriver.prototype.findElement(file:///C:/Users/othnvun/AppData/Local/Temp/anonymous1110575283838732933webdriver-profile/extensions/fxdriver@googlecode.com/components/driver-component.js:9650:3)
                        	at &lt;anonymous class&gt;.DelayedCommand.prototype.executeInternal_/h(file:///C:/Users/othnvun/AppData/Local/Temp/anonymous1110575283838732933webdriver-profile/extensions/fxdriver@googlecode.com/components/command-processor.js:11635:16)
                        	at &lt;anonymous class&gt;.DelayedCommand.prototype.executeInternal_(file:///C:/Users/othnvun/AppData/Local/Temp/anonymous1110575283838732933webdriver-profile/extensions/fxdriver@googlecode.com/components/command-processor.js:11640:7)
                        	at &lt;anonymous class&gt;.DelayedCommand.prototype.execute/&lt;(file:///C:/Users/othnvun/AppData/Local/Temp/anonymous1110575283838732933webdriver-profile/extensions/fxdriver@googlecode.com/components/command-processor.js:11582:5)
                     </pre>
                  </div>
               </td>
            </tr>
            <tr id="com.maax.businessmanager.common.provision_copy_defect_Test_Provisioncopy_byStatus_failed_FAIL5_row"
                class="testMethodStatusFAIL">
               <td width="100%" class="firstMethodCell">
                  <a onclick="toggleDetailsVisibility('com.maax.businessmanager.common.provision_copy_defect_Test_Provisioncopy_byStatus_failed_FAIL5_details')">Provisioncopy({Successmess=Data Updated Successfully, LOB=AD&amp;D, Username=bcchase, Result=, Runmode=Y, Benefit=Optional AD&amp;D,
                     copypagecode=DEC3025, Password=Welcome1, copypagestatus=Inforce, copypagedesc=DEC3015DESC, Browser=Firefox})
                  </a>
               </td>
               <td nowrap="true">12:01:26</td>
               <td nowrap="true" align="right">31s
                  
               </td>
               <td nowrap="true">
                  <a onclick="toggleDetailsVisibility('com.maax.businessmanager.common.provision_copy_defect_Test_Provisioncopy_byStatus_failed_FAIL5_exception')">org.openqa.selenium.NoSuchElementException: 
                     Unable to locate element: {"method":"xpath","selector":"//div[contains(@id,'connection-working') and contains(@class,'iceOutConStatActv')
                     and contains(@style,'visibility: visible')]"}
                     Command duration or timeout: 9 milliseconds
                     For documentation on this error, please visit: http://seleniumhq.org/exceptions/no_such_element.html
                     Build info: version: '2.44.0', revision: '76d78cf323ce037c5f92db6c1bba601c2ac43ad8', time: '2014-10-23 13:11:40'
                     System info: host: 'LMTN202461', ip: '167.74.108.52', os.name: 'Windows 7', os.arch: 'amd64', os.version: '6.1', java.version:
                     '1.8.0_25'
                     Driver info: org.openqa.selenium.firefox.FirefoxDriver
                     Capabilities [{applicationCacheEnabled=true, rotatable=false, handlesAlerts=true, databaseEnabled=true, version=31.4.0, platform=WINDOWS,
                     nativeEvents=true, acceptSslCerts=true, webStorageEnabled=true, locationContextEnabled=true, browserName=firefox, takesScreenshot=true,
                     javascriptEnabled=true, cssSelectorsEnabled=true}]
                     Session ID: 383361ab-4346-4d05-bfe9-fe4094a207f0
                     
                  </a>
                   
                  
               </td>
            </tr>
            <tr>
               <td colspan="4" class="detailsBox">
                  <div id="com.maax.businessmanager.common.provision_copy_defect_Test_Provisioncopy_byStatus_failed_FAIL5_details"
                       class="testMethodDetails">
                     <div>
                        <b>Name: </b>Provisioncopy
                     </div>
                     <div>
                        <b>Signature: </b>Provisioncopy(java.util.Hashtable)
                     </div>
                     <div>
                        <b>Parameters: </b>
                        
                        {Successmess=Data Updated Successfully, LOB=AD&amp;D, Username=bcchase, Result=, Runmode=Y, Benefit=Optional AD&amp;D, copypagecode=DEC3025,
                        Password=Welcome1, copypagestatus=Inforce, copypagedesc=DEC3015DESC, Browser=Firefox}
                        
                        
                     </div>
                     <div>
                        <b>Start time: </b>12:01:26
                     </div>
                     <div>
                        <b>End time: </b>12:01:58
                     </div>
                     <div>
                        <b>Duration: </b>31s
                        
                     </div>
                  </div>
               </td>
            </tr>
            <tr>
               <td colspan="4" class="detailsBox">
                  <div id="com.maax.businessmanager.common.provision_copy_defect_Test_Provisioncopy_byStatus_failed_FAIL5_exception"
                       class="testMethodDetails">
                     <pre style="padding: 5px; margin: 0;">org.openqa.selenium.NoSuchElementException: Unable to locate element: {"method":"xpath","selector":"//div[contains(@id,'connection-working')
                        and contains(@class,'iceOutConStatActv') and contains(@style,'visibility: visible')]"}
                        Command duration or timeout: 9 milliseconds
                        For documentation on this error, please visit: http://seleniumhq.org/exceptions/no_such_element.html
                        Build info: version: '2.44.0', revision: '76d78cf323ce037c5f92db6c1bba601c2ac43ad8', time: '2014-10-23 13:11:40'
                        System info: host: 'LMTN202461', ip: '167.74.108.52', os.name: 'Windows 7', os.arch: 'amd64', os.version: '6.1', java.version:
                        '1.8.0_25'
                        Driver info: org.openqa.selenium.firefox.FirefoxDriver
                        Capabilities [{applicationCacheEnabled=true, rotatable=false, handlesAlerts=true, databaseEnabled=true, version=31.4.0, platform=WINDOWS,
                        nativeEvents=true, acceptSslCerts=true, webStorageEnabled=true, locationContextEnabled=true, browserName=firefox, takesScreenshot=true,
                        javascriptEnabled=true, cssSelectorsEnabled=true}]
                        Session ID: 383361ab-4346-4d05-bfe9-fe4094a207f0
                        	at sun.reflect.GeneratedConstructorAccessor31.newInstance(Unknown Source)
                        	at sun.reflect.DelegatingConstructorAccessorImpl.newInstance(DelegatingConstructorAccessorImpl.java:45)
                        	at java.lang.reflect.Constructor.newInstance(Constructor.java:408)
                        	at org.openqa.selenium.remote.ErrorHandler.createThrowable(ErrorHandler.java:204)
                        	at org.openqa.selenium.remote.ErrorHandler.throwIfResponseFailed(ErrorHandler.java:156)
                        	at org.openqa.selenium.remote.RemoteWebDriver.execute(RemoteWebDriver.java:599)
                        	at org.openqa.selenium.remote.RemoteWebDriver.findElement(RemoteWebDriver.java:352)
                        	at org.openqa.selenium.remote.RemoteWebDriver.findElementByXPath(RemoteWebDriver.java:449)
                        	at org.openqa.selenium.By$ByXPath.findElement(By.java:357)
                        	at org.openqa.selenium.remote.RemoteWebDriver.findElement(RemoteWebDriver.java:344)
                        	at com.maax.businessmanager.util.TestBase.dynamicwait(TestBase.java:249)
                        	at com.maax.businessmanager.common.provision_copy_defect_Test.Provisioncopy(provision_copy_defect_Test.java:89)
                        	at sun.reflect.NativeMethodAccessorImpl.invoke0(Native Method)
                        	at sun.reflect.NativeMethodAccessorImpl.invoke(NativeMethodAccessorImpl.java:62)
                        	at sun.reflect.DelegatingMethodAccessorImpl.invoke(DelegatingMethodAccessorImpl.java:43)
                        	at java.lang.reflect.Method.invoke(Method.java:483)
                        	at org.testng.internal.MethodInvocationHelper.invokeMethod(MethodInvocationHelper.java:80)
                        	at org.testng.internal.Invoker.invokeMethod(Invoker.java:673)
                        	at org.testng.internal.Invoker.invokeTestMethod(Invoker.java:842)
                        	at org.testng.internal.Invoker.invokeTestMethods(Invoker.java:1166)
                        	at org.testng.internal.TestMethodWorker.invokeTestMethods(TestMethodWorker.java:125)
                        	at org.testng.internal.TestMethodWorker.run(TestMethodWorker.java:109)
                        	at org.testng.TestRunner.runWorkers(TestRunner.java:1178)
                        	at org.testng.TestRunner.privateRun(TestRunner.java:757)
                        	at org.testng.TestRunner.run(TestRunner.java:608)
                        	at org.testng.SuiteRunner.runTest(SuiteRunner.java:334)
                        	at org.testng.SuiteRunner.runSequentially(SuiteRunner.java:329)
                        	at org.testng.SuiteRunner.privateRun(SuiteRunner.java:291)
                        	at org.testng.SuiteRunner.run(SuiteRunner.java:240)
                        	at org.testng.SuiteRunnerWorker.runSuite(SuiteRunnerWorker.java:52)
                        	at org.testng.SuiteRunnerWorker.run(SuiteRunnerWorker.java:86)
                        	at org.testng.TestNG.runSuitesSequentially(TestNG.java:1158)
                        	at org.testng.TestNG.runSuitesSequentially(TestNG.java:1154)
                        	at org.testng.TestNG.runSuitesLocally(TestNG.java:1083)
                        	at org.testng.TestNG.run(TestNG.java:999)
                        	at org.apache.maven.surefire.testng.TestNGExecutor.run(TestNGExecutor.java:178)
                        	at org.apache.maven.surefire.testng.TestNGXmlTestSuite.execute(TestNGXmlTestSuite.java:92)
                        	at org.apache.maven.surefire.testng.TestNGProvider.invoke(TestNGProvider.java:96)
                        	at sun.reflect.NativeMethodAccessorImpl.invoke0(Native Method)
                        	at sun.reflect.NativeMethodAccessorImpl.invoke(NativeMethodAccessorImpl.java:62)
                        	at sun.reflect.DelegatingMethodAccessorImpl.invoke(DelegatingMethodAccessorImpl.java:43)
                        	at java.lang.reflect.Method.invoke(Method.java:483)
                        	at org.apache.maven.surefire.util.ReflectionUtils.invokeMethodWithArray(ReflectionUtils.java:189)
                        	at org.apache.maven.surefire.booter.ProviderFactory$ProviderProxy.invoke(ProviderFactory.java:165)
                        	at org.apache.maven.surefire.booter.ProviderFactory.invokeProvider(ProviderFactory.java:85)
                        	at org.apache.maven.surefire.booter.ForkedBooter.runSuitesInProcess(ForkedBooter.java:115)
                        	at org.apache.maven.surefire.booter.ForkedBooter.main(ForkedBooter.java:75)
                        Caused by: org.openqa.selenium.NoSuchElementException: Unable to locate element: {"method":"xpath","selector":"//div[contains(@id,'connection-working')
                        and contains(@class,'iceOutConStatActv') and contains(@style,'visibility: visible')]"}
                        For documentation on this error, please visit: http://seleniumhq.org/exceptions/no_such_element.html
                        Build info: version: '2.44.0', revision: '76d78cf323ce037c5f92db6c1bba601c2ac43ad8', time: '2014-10-23 13:11:40'
                        System info: host: 'LMTN202461', ip: '167.74.108.52', os.name: 'Windows 7', os.arch: 'amd64', os.version: '6.1', java.version:
                        '1.8.0_25'
                        Driver info: driver.version: unknown
                        	at &lt;anonymous class&gt;.FirefoxDriver.prototype.findElementInternal_(file:///C:/Users/othnvun/AppData/Local/Temp/anonymous5108139089750429172webdriver-profile/extensions/fxdriver@googlecode.com/components/driver-component.js:9641:133)
                        	at &lt;anonymous class&gt;.FirefoxDriver.prototype.findElement(file:///C:/Users/othnvun/AppData/Local/Temp/anonymous5108139089750429172webdriver-profile/extensions/fxdriver@googlecode.com/components/driver-component.js:9650:3)
                        	at &lt;anonymous class&gt;.DelayedCommand.prototype.executeInternal_/h(file:///C:/Users/othnvun/AppData/Local/Temp/anonymous5108139089750429172webdriver-profile/extensions/fxdriver@googlecode.com/components/command-processor.js:11635:16)
                        	at &lt;anonymous class&gt;.DelayedCommand.prototype.executeInternal_(file:///C:/Users/othnvun/AppData/Local/Temp/anonymous5108139089750429172webdriver-profile/extensions/fxdriver@googlecode.com/components/command-processor.js:11640:7)
                        	at &lt;anonymous class&gt;.DelayedCommand.prototype.execute/&lt;(file:///C:/Users/othnvun/AppData/Local/Temp/anonymous5108139089750429172webdriver-profile/extensions/fxdriver@googlecode.com/components/command-processor.js:11582:5)
                     </pre>
                  </div>
               </td>
            </tr>
            <tr id="com.maax.businessmanager.common.provision_copy_defect_Test_Provisioncopy_byStatus_failed_FAIL6_row"
                class="testMethodStatusFAIL">
               <td width="100%" class="firstMethodCell">
                  <a onclick="toggleDetailsVisibility('com.maax.businessmanager.common.provision_copy_defect_Test_Provisioncopy_byStatus_failed_FAIL6_details')">Provisioncopy({Successmess=Data Updated Successfully, LOB=Life, Username=bcchase, Result=, Runmode=Y, Benefit=Opt Spousal
                     Life, copypagecode=DEC3025, Password=Welcome1, copypagestatus=Inforce, copypagedesc=DEC3015DESC, Browser=Firefox})
                  </a>
               </td>
               <td nowrap="true">12:02:30</td>
               <td nowrap="true" align="right">30s
                  
               </td>
               <td nowrap="true">
                  <a onclick="toggleDetailsVisibility('com.maax.businessmanager.common.provision_copy_defect_Test_Provisioncopy_byStatus_failed_FAIL6_exception')">org.openqa.selenium.NoSuchElementException: 
                     Unable to locate element: {"method":"xpath","selector":"//div[contains(@id,'connection-working') and contains(@class,'iceOutConStatActv')
                     and contains(@style,'visibility: visible')]"}
                     Command duration or timeout: 8 milliseconds
                     For documentation on this error, please visit: http://seleniumhq.org/exceptions/no_such_element.html
                     Build info: version: '2.44.0', revision: '76d78cf323ce037c5f92db6c1bba601c2ac43ad8', time: '2014-10-23 13:11:40'
                     System info: host: 'LMTN202461', ip: '167.74.108.52', os.name: 'Windows 7', os.arch: 'amd64', os.version: '6.1', java.version:
                     '1.8.0_25'
                     Driver info: org.openqa.selenium.firefox.FirefoxDriver
                     Capabilities [{applicationCacheEnabled=true, rotatable=false, handlesAlerts=true, databaseEnabled=true, version=31.4.0, platform=WINDOWS,
                     nativeEvents=true, acceptSslCerts=true, webStorageEnabled=true, locationContextEnabled=true, browserName=firefox, takesScreenshot=true,
                     javascriptEnabled=true, cssSelectorsEnabled=true}]
                     Session ID: d081365e-d57b-49ce-acea-3ce690ee8a6e
                     
                  </a>
                   
                  
               </td>
            </tr>
            <tr>
               <td colspan="4" class="detailsBox">
                  <div id="com.maax.businessmanager.common.provision_copy_defect_Test_Provisioncopy_byStatus_failed_FAIL6_details"
                       class="testMethodDetails">
                     <div>
                        <b>Name: </b>Provisioncopy
                     </div>
                     <div>
                        <b>Signature: </b>Provisioncopy(java.util.Hashtable)
                     </div>
                     <div>
                        <b>Parameters: </b>
                        
                        {Successmess=Data Updated Successfully, LOB=Life, Username=bcchase, Result=, Runmode=Y, Benefit=Opt Spousal Life, copypagecode=DEC3025,
                        Password=Welcome1, copypagestatus=Inforce, copypagedesc=DEC3015DESC, Browser=Firefox}
                        
                        
                     </div>
                     <div>
                        <b>Start time: </b>12:02:30
                     </div>
                     <div>
                        <b>End time: </b>12:03:01
                     </div>
                     <div>
                        <b>Duration: </b>30s
                        
                     </div>
                  </div>
               </td>
            </tr>
            <tr>
               <td colspan="4" class="detailsBox">
                  <div id="com.maax.businessmanager.common.provision_copy_defect_Test_Provisioncopy_byStatus_failed_FAIL6_exception"
                       class="testMethodDetails">
                     <pre style="padding: 5px; margin: 0;">org.openqa.selenium.NoSuchElementException: Unable to locate element: {"method":"xpath","selector":"//div[contains(@id,'connection-working')
                        and contains(@class,'iceOutConStatActv') and contains(@style,'visibility: visible')]"}
                        Command duration or timeout: 8 milliseconds
                        For documentation on this error, please visit: http://seleniumhq.org/exceptions/no_such_element.html
                        Build info: version: '2.44.0', revision: '76d78cf323ce037c5f92db6c1bba601c2ac43ad8', time: '2014-10-23 13:11:40'
                        System info: host: 'LMTN202461', ip: '167.74.108.52', os.name: 'Windows 7', os.arch: 'amd64', os.version: '6.1', java.version:
                        '1.8.0_25'
                        Driver info: org.openqa.selenium.firefox.FirefoxDriver
                        Capabilities [{applicationCacheEnabled=true, rotatable=false, handlesAlerts=true, databaseEnabled=true, version=31.4.0, platform=WINDOWS,
                        nativeEvents=true, acceptSslCerts=true, webStorageEnabled=true, locationContextEnabled=true, browserName=firefox, takesScreenshot=true,
                        javascriptEnabled=true, cssSelectorsEnabled=true}]
                        Session ID: d081365e-d57b-49ce-acea-3ce690ee8a6e
                        	at sun.reflect.GeneratedConstructorAccessor31.newInstance(Unknown Source)
                        	at sun.reflect.DelegatingConstructorAccessorImpl.newInstance(DelegatingConstructorAccessorImpl.java:45)
                        	at java.lang.reflect.Constructor.newInstance(Constructor.java:408)
                        	at org.openqa.selenium.remote.ErrorHandler.createThrowable(ErrorHandler.java:204)
                        	at org.openqa.selenium.remote.ErrorHandler.throwIfResponseFailed(ErrorHandler.java:156)
                        	at org.openqa.selenium.remote.RemoteWebDriver.execute(RemoteWebDriver.java:599)
                        	at org.openqa.selenium.remote.RemoteWebDriver.findElement(RemoteWebDriver.java:352)
                        	at org.openqa.selenium.remote.RemoteWebDriver.findElementByXPath(RemoteWebDriver.java:449)
                        	at org.openqa.selenium.By$ByXPath.findElement(By.java:357)
                        	at org.openqa.selenium.remote.RemoteWebDriver.findElement(RemoteWebDriver.java:344)
                        	at com.maax.businessmanager.util.TestBase.dynamicwait(TestBase.java:249)
                        	at com.maax.businessmanager.common.provision_copy_defect_Test.Provisioncopy(provision_copy_defect_Test.java:89)
                        	at sun.reflect.NativeMethodAccessorImpl.invoke0(Native Method)
                        	at sun.reflect.NativeMethodAccessorImpl.invoke(NativeMethodAccessorImpl.java:62)
                        	at sun.reflect.DelegatingMethodAccessorImpl.invoke(DelegatingMethodAccessorImpl.java:43)
                        	at java.lang.reflect.Method.invoke(Method.java:483)
                        	at org.testng.internal.MethodInvocationHelper.invokeMethod(MethodInvocationHelper.java:80)
                        	at org.testng.internal.Invoker.invokeMethod(Invoker.java:673)
                        	at org.testng.internal.Invoker.invokeTestMethod(Invoker.java:842)
                        	at org.testng.internal.Invoker.invokeTestMethods(Invoker.java:1166)
                        	at org.testng.internal.TestMethodWorker.invokeTestMethods(TestMethodWorker.java:125)
                        	at org.testng.internal.TestMethodWorker.run(TestMethodWorker.java:109)
                        	at org.testng.TestRunner.runWorkers(TestRunner.java:1178)
                        	at org.testng.TestRunner.privateRun(TestRunner.java:757)
                        	at org.testng.TestRunner.run(TestRunner.java:608)
                        	at org.testng.SuiteRunner.runTest(SuiteRunner.java:334)
                        	at org.testng.SuiteRunner.runSequentially(SuiteRunner.java:329)
                        	at org.testng.SuiteRunner.privateRun(SuiteRunner.java:291)
                        	at org.testng.SuiteRunner.run(SuiteRunner.java:240)
                        	at org.testng.SuiteRunnerWorker.runSuite(SuiteRunnerWorker.java:52)
                        	at org.testng.SuiteRunnerWorker.run(SuiteRunnerWorker.java:86)
                        	at org.testng.TestNG.runSuitesSequentially(TestNG.java:1158)
                        	at org.testng.TestNG.runSuitesSequentially(TestNG.java:1154)
                        	at org.testng.TestNG.runSuitesLocally(TestNG.java:1083)
                        	at org.testng.TestNG.run(TestNG.java:999)
                        	at org.apache.maven.surefire.testng.TestNGExecutor.run(TestNGExecutor.java:178)
                        	at org.apache.maven.surefire.testng.TestNGXmlTestSuite.execute(TestNGXmlTestSuite.java:92)
                        	at org.apache.maven.surefire.testng.TestNGProvider.invoke(TestNGProvider.java:96)
                        	at sun.reflect.NativeMethodAccessorImpl.invoke0(Native Method)
                        	at sun.reflect.NativeMethodAccessorImpl.invoke(NativeMethodAccessorImpl.java:62)
                        	at sun.reflect.DelegatingMethodAccessorImpl.invoke(DelegatingMethodAccessorImpl.java:43)
                        	at java.lang.reflect.Method.invoke(Method.java:483)
                        	at org.apache.maven.surefire.util.ReflectionUtils.invokeMethodWithArray(ReflectionUtils.java:189)
                        	at org.apache.maven.surefire.booter.ProviderFactory$ProviderProxy.invoke(ProviderFactory.java:165)
                        	at org.apache.maven.surefire.booter.ProviderFactory.invokeProvider(ProviderFactory.java:85)
                        	at org.apache.maven.surefire.booter.ForkedBooter.runSuitesInProcess(ForkedBooter.java:115)
                        	at org.apache.maven.surefire.booter.ForkedBooter.main(ForkedBooter.java:75)
                        Caused by: org.openqa.selenium.NoSuchElementException: Unable to locate element: {"method":"xpath","selector":"//div[contains(@id,'connection-working')
                        and contains(@class,'iceOutConStatActv') and contains(@style,'visibility: visible')]"}
                        For documentation on this error, please visit: http://seleniumhq.org/exceptions/no_such_element.html
                        Build info: version: '2.44.0', revision: '76d78cf323ce037c5f92db6c1bba601c2ac43ad8', time: '2014-10-23 13:11:40'
                        System info: host: 'LMTN202461', ip: '167.74.108.52', os.name: 'Windows 7', os.arch: 'amd64', os.version: '6.1', java.version:
                        '1.8.0_25'
                        Driver info: driver.version: unknown
                        	at &lt;anonymous class&gt;.FirefoxDriver.prototype.findElementInternal_(file:///C:/Users/othnvun/AppData/Local/Temp/anonymous3049790335337158708webdriver-profile/extensions/fxdriver@googlecode.com/components/driver-component.js:9641:133)
                        	at &lt;anonymous class&gt;.FirefoxDriver.prototype.findElement(file:///C:/Users/othnvun/AppData/Local/Temp/anonymous3049790335337158708webdriver-profile/extensions/fxdriver@googlecode.com/components/driver-component.js:9650:3)
                        	at &lt;anonymous class&gt;.DelayedCommand.prototype.executeInternal_/h(file:///C:/Users/othnvun/AppData/Local/Temp/anonymous3049790335337158708webdriver-profile/extensions/fxdriver@googlecode.com/components/command-processor.js:11635:16)
                        	at &lt;anonymous class&gt;.DelayedCommand.prototype.executeInternal_(file:///C:/Users/othnvun/AppData/Local/Temp/anonymous3049790335337158708webdriver-profile/extensions/fxdriver@googlecode.com/components/command-processor.js:11640:7)
                        	at &lt;anonymous class&gt;.DelayedCommand.prototype.execute/&lt;(file:///C:/Users/othnvun/AppData/Local/Temp/anonymous3049790335337158708webdriver-profile/extensions/fxdriver@googlecode.com/components/command-processor.js:11582:5)
                     </pre>
                  </div>
               </td>
            </tr>
            <tr id="com.maax.businessmanager.common.provision_copy_defect_Test_Provisioncopy_byStatus_failed_FAIL7_row"
                class="testMethodStatusFAIL">
               <td width="100%" class="firstMethodCell">
                  <a onclick="toggleDetailsVisibility('com.maax.businessmanager.common.provision_copy_defect_Test_Provisioncopy_byStatus_failed_FAIL7_details')">Provisioncopy({Successmess=Data Updated Successfully, LOB=Life, Username=bcchase, Result=, Runmode=Y, Benefit=Dependent Life,
                     copypagecode=DEC3025, Password=Welcome1, copypagestatus=Inforce, copypagedesc=DEC3015DESC, Browser=Firefox})
                  </a>
               </td>
               <td nowrap="true">12:03:01</td>
               <td nowrap="true" align="right">31s
                  
               </td>
               <td nowrap="true">
                  <a onclick="toggleDetailsVisibility('com.maax.businessmanager.common.provision_copy_defect_Test_Provisioncopy_byStatus_failed_FAIL7_exception')">org.openqa.selenium.NoSuchElementException: 
                     Unable to locate element: {"method":"xpath","selector":"//div[contains(@id,'connection-working') and contains(@class,'iceOutConStatActv')
                     and contains(@style,'visibility: visible')]"}
                     Command duration or timeout: 9 milliseconds
                     For documentation on this error, please visit: http://seleniumhq.org/exceptions/no_such_element.html
                     Build info: version: '2.44.0', revision: '76d78cf323ce037c5f92db6c1bba601c2ac43ad8', time: '2014-10-23 13:11:40'
                     System info: host: 'LMTN202461', ip: '167.74.108.52', os.name: 'Windows 7', os.arch: 'amd64', os.version: '6.1', java.version:
                     '1.8.0_25'
                     Driver info: org.openqa.selenium.firefox.FirefoxDriver
                     Capabilities [{applicationCacheEnabled=true, rotatable=false, handlesAlerts=true, databaseEnabled=true, version=31.4.0, platform=WINDOWS,
                     nativeEvents=true, acceptSslCerts=true, webStorageEnabled=true, locationContextEnabled=true, browserName=firefox, takesScreenshot=true,
                     javascriptEnabled=true, cssSelectorsEnabled=true}]
                     Session ID: 2ca1ed05-0706-41fe-8e81-c0627fe4730f
                     
                  </a>
                   
                  
               </td>
            </tr>
            <tr>
               <td colspan="4" class="detailsBox">
                  <div id="com.maax.businessmanager.common.provision_copy_defect_Test_Provisioncopy_byStatus_failed_FAIL7_details"
                       class="testMethodDetails">
                     <div>
                        <b>Name: </b>Provisioncopy
                     </div>
                     <div>
                        <b>Signature: </b>Provisioncopy(java.util.Hashtable)
                     </div>
                     <div>
                        <b>Parameters: </b>
                        
                        {Successmess=Data Updated Successfully, LOB=Life, Username=bcchase, Result=, Runmode=Y, Benefit=Dependent Life, copypagecode=DEC3025,
                        Password=Welcome1, copypagestatus=Inforce, copypagedesc=DEC3015DESC, Browser=Firefox}
                        
                        
                     </div>
                     <div>
                        <b>Start time: </b>12:03:01
                     </div>
                     <div>
                        <b>End time: </b>12:03:32
                     </div>
                     <div>
                        <b>Duration: </b>31s
                        
                     </div>
                  </div>
               </td>
            </tr>
            <tr>
               <td colspan="4" class="detailsBox">
                  <div id="com.maax.businessmanager.common.provision_copy_defect_Test_Provisioncopy_byStatus_failed_FAIL7_exception"
                       class="testMethodDetails">
                     <pre style="padding: 5px; margin: 0;">org.openqa.selenium.NoSuchElementException: Unable to locate element: {"method":"xpath","selector":"//div[contains(@id,'connection-working')
                        and contains(@class,'iceOutConStatActv') and contains(@style,'visibility: visible')]"}
                        Command duration or timeout: 9 milliseconds
                        For documentation on this error, please visit: http://seleniumhq.org/exceptions/no_such_element.html
                        Build info: version: '2.44.0', revision: '76d78cf323ce037c5f92db6c1bba601c2ac43ad8', time: '2014-10-23 13:11:40'
                        System info: host: 'LMTN202461', ip: '167.74.108.52', os.name: 'Windows 7', os.arch: 'amd64', os.version: '6.1', java.version:
                        '1.8.0_25'
                        Driver info: org.openqa.selenium.firefox.FirefoxDriver
                        Capabilities [{applicationCacheEnabled=true, rotatable=false, handlesAlerts=true, databaseEnabled=true, version=31.4.0, platform=WINDOWS,
                        nativeEvents=true, acceptSslCerts=true, webStorageEnabled=true, locationContextEnabled=true, browserName=firefox, takesScreenshot=true,
                        javascriptEnabled=true, cssSelectorsEnabled=true}]
                        Session ID: 2ca1ed05-0706-41fe-8e81-c0627fe4730f
                        	at sun.reflect.GeneratedConstructorAccessor31.newInstance(Unknown Source)
                        	at sun.reflect.DelegatingConstructorAccessorImpl.newInstance(DelegatingConstructorAccessorImpl.java:45)
                        	at java.lang.reflect.Constructor.newInstance(Constructor.java:408)
                        	at org.openqa.selenium.remote.ErrorHandler.createThrowable(ErrorHandler.java:204)
                        	at org.openqa.selenium.remote.ErrorHandler.throwIfResponseFailed(ErrorHandler.java:156)
                        	at org.openqa.selenium.remote.RemoteWebDriver.execute(RemoteWebDriver.java:599)
                        	at org.openqa.selenium.remote.RemoteWebDriver.findElement(RemoteWebDriver.java:352)
                        	at org.openqa.selenium.remote.RemoteWebDriver.findElementByXPath(RemoteWebDriver.java:449)
                        	at org.openqa.selenium.By$ByXPath.findElement(By.java:357)
                        	at org.openqa.selenium.remote.RemoteWebDriver.findElement(RemoteWebDriver.java:344)
                        	at com.maax.businessmanager.util.TestBase.dynamicwait(TestBase.java:249)
                        	at com.maax.businessmanager.common.provision_copy_defect_Test.Provisioncopy(provision_copy_defect_Test.java:89)
                        	at sun.reflect.NativeMethodAccessorImpl.invoke0(Native Method)
                        	at sun.reflect.NativeMethodAccessorImpl.invoke(NativeMethodAccessorImpl.java:62)
                        	at sun.reflect.DelegatingMethodAccessorImpl.invoke(DelegatingMethodAccessorImpl.java:43)
                        	at java.lang.reflect.Method.invoke(Method.java:483)
                        	at org.testng.internal.MethodInvocationHelper.invokeMethod(MethodInvocationHelper.java:80)
                        	at org.testng.internal.Invoker.invokeMethod(Invoker.java:673)
                        	at org.testng.internal.Invoker.invokeTestMethod(Invoker.java:842)
                        	at org.testng.internal.Invoker.invokeTestMethods(Invoker.java:1166)
                        	at org.testng.internal.TestMethodWorker.invokeTestMethods(TestMethodWorker.java:125)
                        	at org.testng.internal.TestMethodWorker.run(TestMethodWorker.java:109)
                        	at org.testng.TestRunner.runWorkers(TestRunner.java:1178)
                        	at org.testng.TestRunner.privateRun(TestRunner.java:757)
                        	at org.testng.TestRunner.run(TestRunner.java:608)
                        	at org.testng.SuiteRunner.runTest(SuiteRunner.java:334)
                        	at org.testng.SuiteRunner.runSequentially(SuiteRunner.java:329)
                        	at org.testng.SuiteRunner.privateRun(SuiteRunner.java:291)
                        	at org.testng.SuiteRunner.run(SuiteRunner.java:240)
                        	at org.testng.SuiteRunnerWorker.runSuite(SuiteRunnerWorker.java:52)
                        	at org.testng.SuiteRunnerWorker.run(SuiteRunnerWorker.java:86)
                        	at org.testng.TestNG.runSuitesSequentially(TestNG.java:1158)
                        	at org.testng.TestNG.runSuitesSequentially(TestNG.java:1154)
                        	at org.testng.TestNG.runSuitesLocally(TestNG.java:1083)
                        	at org.testng.TestNG.run(TestNG.java:999)
                        	at org.apache.maven.surefire.testng.TestNGExecutor.run(TestNGExecutor.java:178)
                        	at org.apache.maven.surefire.testng.TestNGXmlTestSuite.execute(TestNGXmlTestSuite.java:92)
                        	at org.apache.maven.surefire.testng.TestNGProvider.invoke(TestNGProvider.java:96)
                        	at sun.reflect.NativeMethodAccessorImpl.invoke0(Native Method)
                        	at sun.reflect.NativeMethodAccessorImpl.invoke(NativeMethodAccessorImpl.java:62)
                        	at sun.reflect.DelegatingMethodAccessorImpl.invoke(DelegatingMethodAccessorImpl.java:43)
                        	at java.lang.reflect.Method.invoke(Method.java:483)
                        	at org.apache.maven.surefire.util.ReflectionUtils.invokeMethodWithArray(ReflectionUtils.java:189)
                        	at org.apache.maven.surefire.booter.ProviderFactory$ProviderProxy.invoke(ProviderFactory.java:165)
                        	at org.apache.maven.surefire.booter.ProviderFactory.invokeProvider(ProviderFactory.java:85)
                        	at org.apache.maven.surefire.booter.ForkedBooter.runSuitesInProcess(ForkedBooter.java:115)
                        	at org.apache.maven.surefire.booter.ForkedBooter.main(ForkedBooter.java:75)
                        Caused by: org.openqa.selenium.NoSuchElementException: Unable to locate element: {"method":"xpath","selector":"//div[contains(@id,'connection-working')
                        and contains(@class,'iceOutConStatActv') and contains(@style,'visibility: visible')]"}
                        For documentation on this error, please visit: http://seleniumhq.org/exceptions/no_such_element.html
                        Build info: version: '2.44.0', revision: '76d78cf323ce037c5f92db6c1bba601c2ac43ad8', time: '2014-10-23 13:11:40'
                        System info: host: 'LMTN202461', ip: '167.74.108.52', os.name: 'Windows 7', os.arch: 'amd64', os.version: '6.1', java.version:
                        '1.8.0_25'
                        Driver info: driver.version: unknown
                        	at &lt;anonymous class&gt;.FirefoxDriver.prototype.findElementInternal_(file:///C:/Users/othnvun/AppData/Local/Temp/anonymous8767221373210260351webdriver-profile/extensions/fxdriver@googlecode.com/components/driver-component.js:9641:133)
                        	at &lt;anonymous class&gt;.FirefoxDriver.prototype.findElement(file:///C:/Users/othnvun/AppData/Local/Temp/anonymous8767221373210260351webdriver-profile/extensions/fxdriver@googlecode.com/components/driver-component.js:9650:3)
                        	at &lt;anonymous class&gt;.DelayedCommand.prototype.executeInternal_/h(file:///C:/Users/othnvun/AppData/Local/Temp/anonymous8767221373210260351webdriver-profile/extensions/fxdriver@googlecode.com/components/command-processor.js:11635:16)
                        	at &lt;anonymous class&gt;.DelayedCommand.prototype.executeInternal_(file:///C:/Users/othnvun/AppData/Local/Temp/anonymous8767221373210260351webdriver-profile/extensions/fxdriver@googlecode.com/components/command-processor.js:11640:7)
                        	at &lt;anonymous class&gt;.DelayedCommand.prototype.execute/&lt;(file:///C:/Users/othnvun/AppData/Local/Temp/anonymous8767221373210260351webdriver-profile/extensions/fxdriver@googlecode.com/components/command-processor.js:11582:5)
                     </pre>
                  </div>
               </td>
            </tr>
            <tr id="com.maax.businessmanager.common.provision_copy_defect_Test_Provisioncopy_byStatus_failed_FAIL8_row"
                class="testMethodStatusFAIL">
               <td width="100%" class="firstMethodCell">
                  <a onclick="toggleDetailsVisibility('com.maax.businessmanager.common.provision_copy_defect_Test_Provisioncopy_byStatus_failed_FAIL8_details')">Provisioncopy({Successmess=Data Updated Successfully, LOB=Life, Username=bcchase, Result=, Runmode=Y, Benefit=Critical Illness,
                     copypagecode=DEC3025, Password=Welcome1, copypagestatus=Inforce, copypagedesc=DEC3015DESC, Browser=Firefox})
                  </a>
               </td>
               <td nowrap="true">12:04:05</td>
               <td nowrap="true" align="right">38s
                  
               </td>
               <td nowrap="true">
                  <a onclick="toggleDetailsVisibility('com.maax.businessmanager.common.provision_copy_defect_Test_Provisioncopy_byStatus_failed_FAIL8_exception')">org.openqa.selenium.NoSuchElementException: 
                     Unable to locate element: {"method":"xpath","selector":"//div[contains(@id,'connection-working') and contains(@class,'iceOutConStatActv')
                     and contains(@style,'visibility: visible')]"}
                     Command duration or timeout: 7 milliseconds
                     For documentation on this error, please visit: http://seleniumhq.org/exceptions/no_such_element.html
                     Build info: version: '2.44.0', revision: '76d78cf323ce037c5f92db6c1bba601c2ac43ad8', time: '2014-10-23 13:11:40'
                     System info: host: 'LMTN202461', ip: '167.74.108.52', os.name: 'Windows 7', os.arch: 'amd64', os.version: '6.1', java.version:
                     '1.8.0_25'
                     Driver info: org.openqa.selenium.firefox.FirefoxDriver
                     Capabilities [{applicationCacheEnabled=true, rotatable=false, handlesAlerts=true, databaseEnabled=true, version=31.4.0, platform=WINDOWS,
                     nativeEvents=true, acceptSslCerts=true, webStorageEnabled=true, locationContextEnabled=true, browserName=firefox, takesScreenshot=true,
                     javascriptEnabled=true, cssSelectorsEnabled=true}]
                     Session ID: 5e2378dd-f87e-4206-9caf-7e26583df0d0
                     
                  </a>
                   
                  
               </td>
            </tr>
            <tr>
               <td colspan="4" class="detailsBox">
                  <div id="com.maax.businessmanager.common.provision_copy_defect_Test_Provisioncopy_byStatus_failed_FAIL8_details"
                       class="testMethodDetails">
                     <div>
                        <b>Name: </b>Provisioncopy
                     </div>
                     <div>
                        <b>Signature: </b>Provisioncopy(java.util.Hashtable)
                     </div>
                     <div>
                        <b>Parameters: </b>
                        
                        {Successmess=Data Updated Successfully, LOB=Life, Username=bcchase, Result=, Runmode=Y, Benefit=Critical Illness, copypagecode=DEC3025,
                        Password=Welcome1, copypagestatus=Inforce, copypagedesc=DEC3015DESC, Browser=Firefox}
                        
                        
                     </div>
                     <div>
                        <b>Start time: </b>12:04:05
                     </div>
                     <div>
                        <b>End time: </b>12:04:44
                     </div>
                     <div>
                        <b>Duration: </b>38s
                        
                     </div>
                  </div>
               </td>
            </tr>
            <tr>
               <td colspan="4" class="detailsBox">
                  <div id="com.maax.businessmanager.common.provision_copy_defect_Test_Provisioncopy_byStatus_failed_FAIL8_exception"
                       class="testMethodDetails">
                     <pre style="padding: 5px; margin: 0;">org.openqa.selenium.NoSuchElementException: Unable to locate element: {"method":"xpath","selector":"//div[contains(@id,'connection-working')
                        and contains(@class,'iceOutConStatActv') and contains(@style,'visibility: visible')]"}
                        Command duration or timeout: 7 milliseconds
                        For documentation on this error, please visit: http://seleniumhq.org/exceptions/no_such_element.html
                        Build info: version: '2.44.0', revision: '76d78cf323ce037c5f92db6c1bba601c2ac43ad8', time: '2014-10-23 13:11:40'
                        System info: host: 'LMTN202461', ip: '167.74.108.52', os.name: 'Windows 7', os.arch: 'amd64', os.version: '6.1', java.version:
                        '1.8.0_25'
                        Driver info: org.openqa.selenium.firefox.FirefoxDriver
                        Capabilities [{applicationCacheEnabled=true, rotatable=false, handlesAlerts=true, databaseEnabled=true, version=31.4.0, platform=WINDOWS,
                        nativeEvents=true, acceptSslCerts=true, webStorageEnabled=true, locationContextEnabled=true, browserName=firefox, takesScreenshot=true,
                        javascriptEnabled=true, cssSelectorsEnabled=true}]
                        Session ID: 5e2378dd-f87e-4206-9caf-7e26583df0d0
                        	at sun.reflect.GeneratedConstructorAccessor31.newInstance(Unknown Source)
                        	at sun.reflect.DelegatingConstructorAccessorImpl.newInstance(DelegatingConstructorAccessorImpl.java:45)
                        	at java.lang.reflect.Constructor.newInstance(Constructor.java:408)
                        	at org.openqa.selenium.remote.ErrorHandler.createThrowable(ErrorHandler.java:204)
                        	at org.openqa.selenium.remote.ErrorHandler.throwIfResponseFailed(ErrorHandler.java:156)
                        	at org.openqa.selenium.remote.RemoteWebDriver.execute(RemoteWebDriver.java:599)
                        	at org.openqa.selenium.remote.RemoteWebDriver.findElement(RemoteWebDriver.java:352)
                        	at org.openqa.selenium.remote.RemoteWebDriver.findElementByXPath(RemoteWebDriver.java:449)
                        	at org.openqa.selenium.By$ByXPath.findElement(By.java:357)
                        	at org.openqa.selenium.remote.RemoteWebDriver.findElement(RemoteWebDriver.java:344)
                        	at com.maax.businessmanager.util.TestBase.dynamicwait(TestBase.java:249)
                        	at com.maax.businessmanager.common.provision_copy_defect_Test.Provisioncopy(provision_copy_defect_Test.java:89)
                        	at sun.reflect.NativeMethodAccessorImpl.invoke0(Native Method)
                        	at sun.reflect.NativeMethodAccessorImpl.invoke(NativeMethodAccessorImpl.java:62)
                        	at sun.reflect.DelegatingMethodAccessorImpl.invoke(DelegatingMethodAccessorImpl.java:43)
                        	at java.lang.reflect.Method.invoke(Method.java:483)
                        	at org.testng.internal.MethodInvocationHelper.invokeMethod(MethodInvocationHelper.java:80)
                        	at org.testng.internal.Invoker.invokeMethod(Invoker.java:673)
                        	at org.testng.internal.Invoker.invokeTestMethod(Invoker.java:842)
                        	at org.testng.internal.Invoker.invokeTestMethods(Invoker.java:1166)
                        	at org.testng.internal.TestMethodWorker.invokeTestMethods(TestMethodWorker.java:125)
                        	at org.testng.internal.TestMethodWorker.run(TestMethodWorker.java:109)
                        	at org.testng.TestRunner.runWorkers(TestRunner.java:1178)
                        	at org.testng.TestRunner.privateRun(TestRunner.java:757)
                        	at org.testng.TestRunner.run(TestRunner.java:608)
                        	at org.testng.SuiteRunner.runTest(SuiteRunner.java:334)
                        	at org.testng.SuiteRunner.runSequentially(SuiteRunner.java:329)
                        	at org.testng.SuiteRunner.privateRun(SuiteRunner.java:291)
                        	at org.testng.SuiteRunner.run(SuiteRunner.java:240)
                        	at org.testng.SuiteRunnerWorker.runSuite(SuiteRunnerWorker.java:52)
                        	at org.testng.SuiteRunnerWorker.run(SuiteRunnerWorker.java:86)
                        	at org.testng.TestNG.runSuitesSequentially(TestNG.java:1158)
                        	at org.testng.TestNG.runSuitesSequentially(TestNG.java:1154)
                        	at org.testng.TestNG.runSuitesLocally(TestNG.java:1083)
                        	at org.testng.TestNG.run(TestNG.java:999)
                        	at org.apache.maven.surefire.testng.TestNGExecutor.run(TestNGExecutor.java:178)
                        	at org.apache.maven.surefire.testng.TestNGXmlTestSuite.execute(TestNGXmlTestSuite.java:92)
                        	at org.apache.maven.surefire.testng.TestNGProvider.invoke(TestNGProvider.java:96)
                        	at sun.reflect.NativeMethodAccessorImpl.invoke0(Native Method)
                        	at sun.reflect.NativeMethodAccessorImpl.invoke(NativeMethodAccessorImpl.java:62)
                        	at sun.reflect.DelegatingMethodAccessorImpl.invoke(DelegatingMethodAccessorImpl.java:43)
                        	at java.lang.reflect.Method.invoke(Method.java:483)
                        	at org.apache.maven.surefire.util.ReflectionUtils.invokeMethodWithArray(ReflectionUtils.java:189)
                        	at org.apache.maven.surefire.booter.ProviderFactory$ProviderProxy.invoke(ProviderFactory.java:165)
                        	at org.apache.maven.surefire.booter.ProviderFactory.invokeProvider(ProviderFactory.java:85)
                        	at org.apache.maven.surefire.booter.ForkedBooter.runSuitesInProcess(ForkedBooter.java:115)
                        	at org.apache.maven.surefire.booter.ForkedBooter.main(ForkedBooter.java:75)
                        Caused by: org.openqa.selenium.NoSuchElementException: Unable to locate element: {"method":"xpath","selector":"//div[contains(@id,'connection-working')
                        and contains(@class,'iceOutConStatActv') and contains(@style,'visibility: visible')]"}
                        For documentation on this error, please visit: http://seleniumhq.org/exceptions/no_such_element.html
                        Build info: version: '2.44.0', revision: '76d78cf323ce037c5f92db6c1bba601c2ac43ad8', time: '2014-10-23 13:11:40'
                        System info: host: 'LMTN202461', ip: '167.74.108.52', os.name: 'Windows 7', os.arch: 'amd64', os.version: '6.1', java.version:
                        '1.8.0_25'
                        Driver info: driver.version: unknown
                        	at &lt;anonymous class&gt;.FirefoxDriver.prototype.findElementInternal_(file:///C:/Users/othnvun/AppData/Local/Temp/anonymous3166982313200375990webdriver-profile/extensions/fxdriver@googlecode.com/components/driver-component.js:9641:133)
                        	at &lt;anonymous class&gt;.FirefoxDriver.prototype.findElement(file:///C:/Users/othnvun/AppData/Local/Temp/anonymous3166982313200375990webdriver-profile/extensions/fxdriver@googlecode.com/components/driver-component.js:9650:3)
                        	at &lt;anonymous class&gt;.DelayedCommand.prototype.executeInternal_/h(file:///C:/Users/othnvun/AppData/Local/Temp/anonymous3166982313200375990webdriver-profile/extensions/fxdriver@googlecode.com/components/command-processor.js:11635:16)
                        	at &lt;anonymous class&gt;.DelayedCommand.prototype.executeInternal_(file:///C:/Users/othnvun/AppData/Local/Temp/anonymous3166982313200375990webdriver-profile/extensions/fxdriver@googlecode.com/components/command-processor.js:11640:7)
                        	at &lt;anonymous class&gt;.DelayedCommand.prototype.execute/&lt;(file:///C:/Users/othnvun/AppData/Local/Temp/anonymous3166982313200375990webdriver-profile/extensions/fxdriver@googlecode.com/components/command-processor.js:11582:5)
                     </pre>
                  </div>
               </td>
            </tr>
            <tr id="com.maax.businessmanager.common.provision_copy_defect_Test_Provisioncopy_byStatus_passed_PASS1_row"
                class="testMethodStatusPASS">
               <td width="100%" class="firstMethodCell">
                  <a onclick="toggleDetailsVisibility('com.maax.businessmanager.common.provision_copy_defect_Test_Provisioncopy_byStatus_passed_PASS1_details')">Provisioncopy({Successmess=Data Updated Successfully, LOB=Life, Username=bcchase, Result=, Runmode=Y, Benefit=Optional Member
                     Life, copypagecode=DEC3025, Password=Welcome1, copypagestatus=Inforce, copypagedesc=DEC3015DESC, Browser=Firefox})
                  </a>
               </td>
               <td nowrap="true">12:01:58</td>
               <td nowrap="true" align="right">32s
                  
               </td>
               <td nowrap="true">
                   
                  
               </td>
            </tr>
            <tr>
               <td colspan="4" class="detailsBox">
                  <div id="com.maax.businessmanager.common.provision_copy_defect_Test_Provisioncopy_byStatus_passed_PASS1_details"
                       class="testMethodDetails">
                     <div>
                        <b>Name: </b>Provisioncopy
                     </div>
                     <div>
                        <b>Signature: </b>Provisioncopy(java.util.Hashtable)
                     </div>
                     <div>
                        <b>Parameters: </b>
                        
                        {Successmess=Data Updated Successfully, LOB=Life, Username=bcchase, Result=, Runmode=Y, Benefit=Optional Member Life, copypagecode=DEC3025,
                        Password=Welcome1, copypagestatus=Inforce, copypagedesc=DEC3015DESC, Browser=Firefox}
                        
                        
                     </div>
                     <div>
                        <b>Start time: </b>12:01:58
                     </div>
                     <div>
                        <b>End time: </b>12:02:30
                     </div>
                     <div>
                        <b>Duration: </b>32s
                        
                     </div>
                  </div>
               </td>
            </tr>
            <tr></tr>
            <tr id="com.maax.businessmanager.common.provision_copy_defect_Test_Provisioncopy_byStatus_passed_PASS2_row"
                class="testMethodStatusPASS">
               <td width="100%" class="firstMethodCell">
                  <a onclick="toggleDetailsVisibility('com.maax.businessmanager.common.provision_copy_defect_Test_Provisioncopy_byStatus_passed_PASS2_details')">Provisioncopy({Successmess=Data Updated Successfully, LOB=Life, Username=bcchase, Result=, Runmode=Y, Benefit=Optional Child
                     Life, copypagecode=DEC3025, Password=Welcome1, copypagestatus=Inforce, copypagedesc=DEC3015DESC, Browser=Firefox})
                  </a>
               </td>
               <td nowrap="true">12:03:32</td>
               <td nowrap="true" align="right">32s
                  
               </td>
               <td nowrap="true">
                   
                  
               </td>
            </tr>
            <tr>
               <td colspan="4" class="detailsBox">
                  <div id="com.maax.businessmanager.common.provision_copy_defect_Test_Provisioncopy_byStatus_passed_PASS2_details"
                       class="testMethodDetails">
                     <div>
                        <b>Name: </b>Provisioncopy
                     </div>
                     <div>
                        <b>Signature: </b>Provisioncopy(java.util.Hashtable)
                     </div>
                     <div>
                        <b>Parameters: </b>
                        
                        {Successmess=Data Updated Successfully, LOB=Life, Username=bcchase, Result=, Runmode=Y, Benefit=Optional Child Life, copypagecode=DEC3025,
                        Password=Welcome1, copypagestatus=Inforce, copypagedesc=DEC3015DESC, Browser=Firefox}
                        
                        
                     </div>
                     <div>
                        <b>Start time: </b>12:03:32
                     </div>
                     <div>
                        <b>End time: </b>12:04:05
                     </div>
                     <div>
                        <b>Duration: </b>32s
                        
                     </div>
                  </div>
               </td>
            </tr>
            <tr></tr>
         </table>
      </div>
      <div id="testMethodsByClass" style="display: none;">
         <table class="testMethodsTable" cellpadding="0" cellspacing="0">
            <tr>
               <td colspan="4">
                  <h3 style="display: inline;">com.maax.businessmanager.common.provision_copy_defect_Test</h3>
               </td>
            </tr>
            <tr class="methodsTableHeader">
               <td width="100%">Name</td>
               <td nowrap="true">Started</td>
               <td nowrap="true">Duration</td>
               <td>Exception</td>
            </tr>
            <tr id="com.maax.businessmanager.common.provision_copy_defect_Test_Provisioncopy_byClass_FAIL1_row"
                class="testMethodStatusFAIL">
               <td width="100%" class="firstMethodCell">
                  <a onclick="toggleDetailsVisibility('com.maax.businessmanager.common.provision_copy_defect_Test_Provisioncopy_byClass_FAIL1_details')">Provisioncopy({Successmess=Data Updated Successfully, LOB=Life, Username=bcchase, Result=, Runmode=Y, Benefit=Member Life,
                     copypagecode=DEC3025, Password=Welcome1, copypagestatus=Inforce, copypagedesc=DEC3015DESC, Browser=Firefox})
                  </a>
               </td>
               <td nowrap="true">11:59:14</td>
               <td nowrap="true" align="right">38s
                  
               </td>
               <td nowrap="true">
                  <a onclick="toggleDetailsVisibility('com.maax.businessmanager.common.provision_copy_defect_Test_Provisioncopy_byClass_FAIL1_exception')">org.openqa.selenium.NoSuchElementException: 
                     Unable to locate element: {"method":"xpath","selector":"//div[contains(@id,'connection-working') and contains(@class,'iceOutConStatActv')
                     and contains(@style,'visibility: visible')]"}
                     Command duration or timeout: 15 milliseconds
                     For documentation on this error, please visit: http://seleniumhq.org/exceptions/no_such_element.html
                     Build info: version: '2.44.0', revision: '76d78cf323ce037c5f92db6c1bba601c2ac43ad8', time: '2014-10-23 13:11:40'
                     System info: host: 'LMTN202461', ip: '167.74.108.52', os.name: 'Windows 7', os.arch: 'amd64', os.version: '6.1', java.version:
                     '1.8.0_25'
                     Driver info: org.openqa.selenium.firefox.FirefoxDriver
                     Capabilities [{applicationCacheEnabled=true, rotatable=false, handlesAlerts=true, databaseEnabled=true, version=31.4.0, platform=WINDOWS,
                     nativeEvents=true, acceptSslCerts=true, webStorageEnabled=true, locationContextEnabled=true, browserName=firefox, takesScreenshot=true,
                     javascriptEnabled=true, cssSelectorsEnabled=true}]
                     Session ID: 4585e2aa-ad2a-4608-b17e-6f7ad43bfaed
                     
                  </a>
                   
                  
               </td>
            </tr>
            <tr>
               <td colspan="4" class="detailsBox">
                  <div id="com.maax.businessmanager.common.provision_copy_defect_Test_Provisioncopy_byClass_FAIL1_details"
                       class="testMethodDetails">
                     <div>
                        <b>Name: </b>Provisioncopy
                     </div>
                     <div>
                        <b>Signature: </b>Provisioncopy(java.util.Hashtable)
                     </div>
                     <div>
                        <b>Parameters: </b>
                        
                        {Successmess=Data Updated Successfully, LOB=Life, Username=bcchase, Result=, Runmode=Y, Benefit=Member Life, copypagecode=DEC3025,
                        Password=Welcome1, copypagestatus=Inforce, copypagedesc=DEC3015DESC, Browser=Firefox}
                        
                        
                     </div>
                     <div>
                        <b>Start time: </b>11:59:14
                     </div>
                     <div>
                        <b>End time: </b>11:59:52
                     </div>
                     <div>
                        <b>Duration: </b>38s
                        
                     </div>
                  </div>
               </td>
            </tr>
            <tr>
               <td colspan="4" class="detailsBox">
                  <div id="com.maax.businessmanager.common.provision_copy_defect_Test_Provisioncopy_byClass_FAIL1_exception"
                       class="testMethodDetails">
                     <pre style="padding: 5px; margin: 0;">org.openqa.selenium.NoSuchElementException: Unable to locate element: {"method":"xpath","selector":"//div[contains(@id,'connection-working')
                        and contains(@class,'iceOutConStatActv') and contains(@style,'visibility: visible')]"}
                        Command duration or timeout: 15 milliseconds
                        For documentation on this error, please visit: http://seleniumhq.org/exceptions/no_such_element.html
                        Build info: version: '2.44.0', revision: '76d78cf323ce037c5f92db6c1bba601c2ac43ad8', time: '2014-10-23 13:11:40'
                        System info: host: 'LMTN202461', ip: '167.74.108.52', os.name: 'Windows 7', os.arch: 'amd64', os.version: '6.1', java.version:
                        '1.8.0_25'
                        Driver info: org.openqa.selenium.firefox.FirefoxDriver
                        Capabilities [{applicationCacheEnabled=true, rotatable=false, handlesAlerts=true, databaseEnabled=true, version=31.4.0, platform=WINDOWS,
                        nativeEvents=true, acceptSslCerts=true, webStorageEnabled=true, locationContextEnabled=true, browserName=firefox, takesScreenshot=true,
                        javascriptEnabled=true, cssSelectorsEnabled=true}]
                        Session ID: 4585e2aa-ad2a-4608-b17e-6f7ad43bfaed
                        	at sun.reflect.NativeConstructorAccessorImpl.newInstance0(Native Method)
                        	at sun.reflect.NativeConstructorAccessorImpl.newInstance(NativeConstructorAccessorImpl.java:62)
                        	at sun.reflect.DelegatingConstructorAccessorImpl.newInstance(DelegatingConstructorAccessorImpl.java:45)
                        	at java.lang.reflect.Constructor.newInstance(Constructor.java:408)
                        	at org.openqa.selenium.remote.ErrorHandler.createThrowable(ErrorHandler.java:204)
                        	at org.openqa.selenium.remote.ErrorHandler.throwIfResponseFailed(ErrorHandler.java:156)
                        	at org.openqa.selenium.remote.RemoteWebDriver.execute(RemoteWebDriver.java:599)
                        	at org.openqa.selenium.remote.RemoteWebDriver.findElement(RemoteWebDriver.java:352)
                        	at org.openqa.selenium.remote.RemoteWebDriver.findElementByXPath(RemoteWebDriver.java:449)
                        	at org.openqa.selenium.By$ByXPath.findElement(By.java:357)
                        	at org.openqa.selenium.remote.RemoteWebDriver.findElement(RemoteWebDriver.java:344)
                        	at com.maax.businessmanager.util.TestBase.dynamicwait(TestBase.java:249)
                        	at com.maax.businessmanager.common.provision_copy_defect_Test.Provisioncopy(provision_copy_defect_Test.java:89)
                        	at sun.reflect.NativeMethodAccessorImpl.invoke0(Native Method)
                        	at sun.reflect.NativeMethodAccessorImpl.invoke(NativeMethodAccessorImpl.java:62)
                        	at sun.reflect.DelegatingMethodAccessorImpl.invoke(DelegatingMethodAccessorImpl.java:43)
                        	at java.lang.reflect.Method.invoke(Method.java:483)
                        	at org.testng.internal.MethodInvocationHelper.invokeMethod(MethodInvocationHelper.java:80)
                        	at org.testng.internal.Invoker.invokeMethod(Invoker.java:673)
                        	at org.testng.internal.Invoker.invokeTestMethod(Invoker.java:842)
                        	at org.testng.internal.Invoker.invokeTestMethods(Invoker.java:1166)
                        	at org.testng.internal.TestMethodWorker.invokeTestMethods(TestMethodWorker.java:125)
                        	at org.testng.internal.TestMethodWorker.run(TestMethodWorker.java:109)
                        	at org.testng.TestRunner.runWorkers(TestRunner.java:1178)
                        	at org.testng.TestRunner.privateRun(TestRunner.java:757)
                        	at org.testng.TestRunner.run(TestRunner.java:608)
                        	at org.testng.SuiteRunner.runTest(SuiteRunner.java:334)
                        	at org.testng.SuiteRunner.runSequentially(SuiteRunner.java:329)
                        	at org.testng.SuiteRunner.privateRun(SuiteRunner.java:291)
                        	at org.testng.SuiteRunner.run(SuiteRunner.java:240)
                        	at org.testng.SuiteRunnerWorker.runSuite(SuiteRunnerWorker.java:52)
                        	at org.testng.SuiteRunnerWorker.run(SuiteRunnerWorker.java:86)
                        	at org.testng.TestNG.runSuitesSequentially(TestNG.java:1158)
                        	at org.testng.TestNG.runSuitesSequentially(TestNG.java:1154)
                        	at org.testng.TestNG.runSuitesLocally(TestNG.java:1083)
                        	at org.testng.TestNG.run(TestNG.java:999)
                        	at org.apache.maven.surefire.testng.TestNGExecutor.run(TestNGExecutor.java:178)
                        	at org.apache.maven.surefire.testng.TestNGXmlTestSuite.execute(TestNGXmlTestSuite.java:92)
                        	at org.apache.maven.surefire.testng.TestNGProvider.invoke(TestNGProvider.java:96)
                        	at sun.reflect.NativeMethodAccessorImpl.invoke0(Native Method)
                        	at sun.reflect.NativeMethodAccessorImpl.invoke(NativeMethodAccessorImpl.java:62)
                        	at sun.reflect.DelegatingMethodAccessorImpl.invoke(DelegatingMethodAccessorImpl.java:43)
                        	at java.lang.reflect.Method.invoke(Method.java:483)
                        	at org.apache.maven.surefire.util.ReflectionUtils.invokeMethodWithArray(ReflectionUtils.java:189)
                        	at org.apache.maven.surefire.booter.ProviderFactory$ProviderProxy.invoke(ProviderFactory.java:165)
                        	at org.apache.maven.surefire.booter.ProviderFactory.invokeProvider(ProviderFactory.java:85)
                        	at org.apache.maven.surefire.booter.ForkedBooter.runSuitesInProcess(ForkedBooter.java:115)
                        	at org.apache.maven.surefire.booter.ForkedBooter.main(ForkedBooter.java:75)
                        Caused by: org.openqa.selenium.NoSuchElementException: Unable to locate element: {"method":"xpath","selector":"//div[contains(@id,'connection-working')
                        and contains(@class,'iceOutConStatActv') and contains(@style,'visibility: visible')]"}
                        For documentation on this error, please visit: http://seleniumhq.org/exceptions/no_such_element.html
                        Build info: version: '2.44.0', revision: '76d78cf323ce037c5f92db6c1bba601c2ac43ad8', time: '2014-10-23 13:11:40'
                        System info: host: 'LMTN202461', ip: '167.74.108.52', os.name: 'Windows 7', os.arch: 'amd64', os.version: '6.1', java.version:
                        '1.8.0_25'
                        Driver info: driver.version: unknown
                        	at &lt;anonymous class&gt;.FirefoxDriver.prototype.findElementInternal_(file:///C:/Users/othnvun/AppData/Local/Temp/anonymous8014481421836216495webdriver-profile/extensions/fxdriver@googlecode.com/components/driver-component.js:9641:133)
                        	at &lt;anonymous class&gt;.FirefoxDriver.prototype.findElement(file:///C:/Users/othnvun/AppData/Local/Temp/anonymous8014481421836216495webdriver-profile/extensions/fxdriver@googlecode.com/components/driver-component.js:9650:3)
                        	at &lt;anonymous class&gt;.DelayedCommand.prototype.executeInternal_/h(file:///C:/Users/othnvun/AppData/Local/Temp/anonymous8014481421836216495webdriver-profile/extensions/fxdriver@googlecode.com/components/command-processor.js:11635:16)
                        	at &lt;anonymous class&gt;.DelayedCommand.prototype.executeInternal_(file:///C:/Users/othnvun/AppData/Local/Temp/anonymous8014481421836216495webdriver-profile/extensions/fxdriver@googlecode.com/components/command-processor.js:11640:7)
                        	at &lt;anonymous class&gt;.DelayedCommand.prototype.execute/&lt;(file:///C:/Users/othnvun/AppData/Local/Temp/anonymous8014481421836216495webdriver-profile/extensions/fxdriver@googlecode.com/components/command-processor.js:11582:5)
                     </pre>
                  </div>
               </td>
            </tr>
            <tr id="com.maax.businessmanager.common.provision_copy_defect_Test_Provisioncopy_byClass_FAIL2_row"
                class="testMethodStatusFAIL">
               <td width="100%" class="firstMethodCell">
                  <a onclick="toggleDetailsVisibility('com.maax.businessmanager.common.provision_copy_defect_Test_Provisioncopy_byClass_FAIL2_details')">Provisioncopy({Successmess=Data Updated Successfully, LOB=AD&amp;D, Username=bcchase, Result=, Runmode=Y, Benefit=Member AD&amp;D,
                     copypagecode=DEC3025, Password=Welcome1, copypagestatus=Inforce, copypagedesc=DEC3015DESC, Browser=Firefox})
                  </a>
               </td>
               <td nowrap="true">11:59:52</td>
               <td nowrap="true" align="right">31s
                  
               </td>
               <td nowrap="true">
                  <a onclick="toggleDetailsVisibility('com.maax.businessmanager.common.provision_copy_defect_Test_Provisioncopy_byClass_FAIL2_exception')">org.openqa.selenium.NoSuchElementException: 
                     Unable to locate element: {"method":"xpath","selector":"//div[contains(@id,'connection-working') and contains(@class,'iceOutConStatActv')
                     and contains(@style,'visibility: visible')]"}
                     Command duration or timeout: 9 milliseconds
                     For documentation on this error, please visit: http://seleniumhq.org/exceptions/no_such_element.html
                     Build info: version: '2.44.0', revision: '76d78cf323ce037c5f92db6c1bba601c2ac43ad8', time: '2014-10-23 13:11:40'
                     System info: host: 'LMTN202461', ip: '167.74.108.52', os.name: 'Windows 7', os.arch: 'amd64', os.version: '6.1', java.version:
                     '1.8.0_25'
                     Driver info: org.openqa.selenium.firefox.FirefoxDriver
                     Capabilities [{applicationCacheEnabled=true, rotatable=false, handlesAlerts=true, databaseEnabled=true, version=31.4.0, platform=WINDOWS,
                     nativeEvents=true, acceptSslCerts=true, webStorageEnabled=true, locationContextEnabled=true, browserName=firefox, takesScreenshot=true,
                     javascriptEnabled=true, cssSelectorsEnabled=true}]
                     Session ID: b15d4a34-b2f3-47c2-9def-9cdf1f9cc79c
                     
                  </a>
                   
                  
               </td>
            </tr>
            <tr>
               <td colspan="4" class="detailsBox">
                  <div id="com.maax.businessmanager.common.provision_copy_defect_Test_Provisioncopy_byClass_FAIL2_details"
                       class="testMethodDetails">
                     <div>
                        <b>Name: </b>Provisioncopy
                     </div>
                     <div>
                        <b>Signature: </b>Provisioncopy(java.util.Hashtable)
                     </div>
                     <div>
                        <b>Parameters: </b>
                        
                        {Successmess=Data Updated Successfully, LOB=AD&amp;D, Username=bcchase, Result=, Runmode=Y, Benefit=Member AD&amp;D, copypagecode=DEC3025,
                        Password=Welcome1, copypagestatus=Inforce, copypagedesc=DEC3015DESC, Browser=Firefox}
                        
                        
                     </div>
                     <div>
                        <b>Start time: </b>11:59:52
                     </div>
                     <div>
                        <b>End time: </b>12:00:24
                     </div>
                     <div>
                        <b>Duration: </b>31s
                        
                     </div>
                  </div>
               </td>
            </tr>
            <tr>
               <td colspan="4" class="detailsBox">
                  <div id="com.maax.businessmanager.common.provision_copy_defect_Test_Provisioncopy_byClass_FAIL2_exception"
                       class="testMethodDetails">
                     <pre style="padding: 5px; margin: 0;">org.openqa.selenium.NoSuchElementException: Unable to locate element: {"method":"xpath","selector":"//div[contains(@id,'connection-working')
                        and contains(@class,'iceOutConStatActv') and contains(@style,'visibility: visible')]"}
                        Command duration or timeout: 9 milliseconds
                        For documentation on this error, please visit: http://seleniumhq.org/exceptions/no_such_element.html
                        Build info: version: '2.44.0', revision: '76d78cf323ce037c5f92db6c1bba601c2ac43ad8', time: '2014-10-23 13:11:40'
                        System info: host: 'LMTN202461', ip: '167.74.108.52', os.name: 'Windows 7', os.arch: 'amd64', os.version: '6.1', java.version:
                        '1.8.0_25'
                        Driver info: org.openqa.selenium.firefox.FirefoxDriver
                        Capabilities [{applicationCacheEnabled=true, rotatable=false, handlesAlerts=true, databaseEnabled=true, version=31.4.0, platform=WINDOWS,
                        nativeEvents=true, acceptSslCerts=true, webStorageEnabled=true, locationContextEnabled=true, browserName=firefox, takesScreenshot=true,
                        javascriptEnabled=true, cssSelectorsEnabled=true}]
                        Session ID: b15d4a34-b2f3-47c2-9def-9cdf1f9cc79c
                        	at sun.reflect.NativeConstructorAccessorImpl.newInstance0(Native Method)
                        	at sun.reflect.NativeConstructorAccessorImpl.newInstance(NativeConstructorAccessorImpl.java:62)
                        	at sun.reflect.DelegatingConstructorAccessorImpl.newInstance(DelegatingConstructorAccessorImpl.java:45)
                        	at java.lang.reflect.Constructor.newInstance(Constructor.java:408)
                        	at org.openqa.selenium.remote.ErrorHandler.createThrowable(ErrorHandler.java:204)
                        	at org.openqa.selenium.remote.ErrorHandler.throwIfResponseFailed(ErrorHandler.java:156)
                        	at org.openqa.selenium.remote.RemoteWebDriver.execute(RemoteWebDriver.java:599)
                        	at org.openqa.selenium.remote.RemoteWebDriver.findElement(RemoteWebDriver.java:352)
                        	at org.openqa.selenium.remote.RemoteWebDriver.findElementByXPath(RemoteWebDriver.java:449)
                        	at org.openqa.selenium.By$ByXPath.findElement(By.java:357)
                        	at org.openqa.selenium.remote.RemoteWebDriver.findElement(RemoteWebDriver.java:344)
                        	at com.maax.businessmanager.util.TestBase.dynamicwait(TestBase.java:249)
                        	at com.maax.businessmanager.common.provision_copy_defect_Test.Provisioncopy(provision_copy_defect_Test.java:89)
                        	at sun.reflect.NativeMethodAccessorImpl.invoke0(Native Method)
                        	at sun.reflect.NativeMethodAccessorImpl.invoke(NativeMethodAccessorImpl.java:62)
                        	at sun.reflect.DelegatingMethodAccessorImpl.invoke(DelegatingMethodAccessorImpl.java:43)
                        	at java.lang.reflect.Method.invoke(Method.java:483)
                        	at org.testng.internal.MethodInvocationHelper.invokeMethod(MethodInvocationHelper.java:80)
                        	at org.testng.internal.Invoker.invokeMethod(Invoker.java:673)
                        	at org.testng.internal.Invoker.invokeTestMethod(Invoker.java:842)
                        	at org.testng.internal.Invoker.invokeTestMethods(Invoker.java:1166)
                        	at org.testng.internal.TestMethodWorker.invokeTestMethods(TestMethodWorker.java:125)
                        	at org.testng.internal.TestMethodWorker.run(TestMethodWorker.java:109)
                        	at org.testng.TestRunner.runWorkers(TestRunner.java:1178)
                        	at org.testng.TestRunner.privateRun(TestRunner.java:757)
                        	at org.testng.TestRunner.run(TestRunner.java:608)
                        	at org.testng.SuiteRunner.runTest(SuiteRunner.java:334)
                        	at org.testng.SuiteRunner.runSequentially(SuiteRunner.java:329)
                        	at org.testng.SuiteRunner.privateRun(SuiteRunner.java:291)
                        	at org.testng.SuiteRunner.run(SuiteRunner.java:240)
                        	at org.testng.SuiteRunnerWorker.runSuite(SuiteRunnerWorker.java:52)
                        	at org.testng.SuiteRunnerWorker.run(SuiteRunnerWorker.java:86)
                        	at org.testng.TestNG.runSuitesSequentially(TestNG.java:1158)
                        	at org.testng.TestNG.runSuitesSequentially(TestNG.java:1154)
                        	at org.testng.TestNG.runSuitesLocally(TestNG.java:1083)
                        	at org.testng.TestNG.run(TestNG.java:999)
                        	at org.apache.maven.surefire.testng.TestNGExecutor.run(TestNGExecutor.java:178)
                        	at org.apache.maven.surefire.testng.TestNGXmlTestSuite.execute(TestNGXmlTestSuite.java:92)
                        	at org.apache.maven.surefire.testng.TestNGProvider.invoke(TestNGProvider.java:96)
                        	at sun.reflect.NativeMethodAccessorImpl.invoke0(Native Method)
                        	at sun.reflect.NativeMethodAccessorImpl.invoke(NativeMethodAccessorImpl.java:62)
                        	at sun.reflect.DelegatingMethodAccessorImpl.invoke(DelegatingMethodAccessorImpl.java:43)
                        	at java.lang.reflect.Method.invoke(Method.java:483)
                        	at org.apache.maven.surefire.util.ReflectionUtils.invokeMethodWithArray(ReflectionUtils.java:189)
                        	at org.apache.maven.surefire.booter.ProviderFactory$ProviderProxy.invoke(ProviderFactory.java:165)
                        	at org.apache.maven.surefire.booter.ProviderFactory.invokeProvider(ProviderFactory.java:85)
                        	at org.apache.maven.surefire.booter.ForkedBooter.runSuitesInProcess(ForkedBooter.java:115)
                        	at org.apache.maven.surefire.booter.ForkedBooter.main(ForkedBooter.java:75)
                        Caused by: org.openqa.selenium.NoSuchElementException: Unable to locate element: {"method":"xpath","selector":"//div[contains(@id,'connection-working')
                        and contains(@class,'iceOutConStatActv') and contains(@style,'visibility: visible')]"}
                        For documentation on this error, please visit: http://seleniumhq.org/exceptions/no_such_element.html
                        Build info: version: '2.44.0', revision: '76d78cf323ce037c5f92db6c1bba601c2ac43ad8', time: '2014-10-23 13:11:40'
                        System info: host: 'LMTN202461', ip: '167.74.108.52', os.name: 'Windows 7', os.arch: 'amd64', os.version: '6.1', java.version:
                        '1.8.0_25'
                        Driver info: driver.version: unknown
                        	at &lt;anonymous class&gt;.FirefoxDriver.prototype.findElementInternal_(file:///C:/Users/othnvun/AppData/Local/Temp/anonymous6668945412590525596webdriver-profile/extensions/fxdriver@googlecode.com/components/driver-component.js:9641:133)
                        	at &lt;anonymous class&gt;.FirefoxDriver.prototype.findElement(file:///C:/Users/othnvun/AppData/Local/Temp/anonymous6668945412590525596webdriver-profile/extensions/fxdriver@googlecode.com/components/driver-component.js:9650:3)
                        	at &lt;anonymous class&gt;.DelayedCommand.prototype.executeInternal_/h(file:///C:/Users/othnvun/AppData/Local/Temp/anonymous6668945412590525596webdriver-profile/extensions/fxdriver@googlecode.com/components/command-processor.js:11635:16)
                        	at &lt;anonymous class&gt;.DelayedCommand.prototype.executeInternal_(file:///C:/Users/othnvun/AppData/Local/Temp/anonymous6668945412590525596webdriver-profile/extensions/fxdriver@googlecode.com/components/command-processor.js:11640:7)
                        	at &lt;anonymous class&gt;.DelayedCommand.prototype.execute/&lt;(file:///C:/Users/othnvun/AppData/Local/Temp/anonymous6668945412590525596webdriver-profile/extensions/fxdriver@googlecode.com/components/command-processor.js:11582:5)
                     </pre>
                  </div>
               </td>
            </tr>
            <tr id="com.maax.businessmanager.common.provision_copy_defect_Test_Provisioncopy_byClass_FAIL3_row"
                class="testMethodStatusFAIL">
               <td width="100%" class="firstMethodCell">
                  <a onclick="toggleDetailsVisibility('com.maax.businessmanager.common.provision_copy_defect_Test_Provisioncopy_byClass_FAIL3_details')">Provisioncopy({Successmess=Data Updated Successfully, LOB=Income Replacement, Username=bcchase, Result=, Runmode=Y, Benefit=STD,
                     copypagecode=DEC3025, Password=Welcome1, copypagestatus=Inforce, copypagedesc=DEC3015DESC, Browser=Firefox})
                  </a>
               </td>
               <td nowrap="true">12:00:24</td>
               <td nowrap="true" align="right">31s
                  
               </td>
               <td nowrap="true">
                  <a onclick="toggleDetailsVisibility('com.maax.businessmanager.common.provision_copy_defect_Test_Provisioncopy_byClass_FAIL3_exception')">org.openqa.selenium.NoSuchElementException: 
                     Unable to locate element: {"method":"xpath","selector":"//div[contains(@id,'connection-working') and contains(@class,'iceOutConStatActv')
                     and contains(@style,'visibility: visible')]"}
                     Command duration or timeout: 12 milliseconds
                     For documentation on this error, please visit: http://seleniumhq.org/exceptions/no_such_element.html
                     Build info: version: '2.44.0', revision: '76d78cf323ce037c5f92db6c1bba601c2ac43ad8', time: '2014-10-23 13:11:40'
                     System info: host: 'LMTN202461', ip: '167.74.108.52', os.name: 'Windows 7', os.arch: 'amd64', os.version: '6.1', java.version:
                     '1.8.0_25'
                     Driver info: org.openqa.selenium.firefox.FirefoxDriver
                     Capabilities [{applicationCacheEnabled=true, rotatable=false, handlesAlerts=true, databaseEnabled=true, version=31.4.0, platform=WINDOWS,
                     nativeEvents=true, acceptSslCerts=true, webStorageEnabled=true, locationContextEnabled=true, browserName=firefox, takesScreenshot=true,
                     javascriptEnabled=true, cssSelectorsEnabled=true}]
                     Session ID: 3429a9c7-2b85-4ff3-a68b-36cfa6a0c706
                     
                  </a>
                   
                  
               </td>
            </tr>
            <tr>
               <td colspan="4" class="detailsBox">
                  <div id="com.maax.businessmanager.common.provision_copy_defect_Test_Provisioncopy_byClass_FAIL3_details"
                       class="testMethodDetails">
                     <div>
                        <b>Name: </b>Provisioncopy
                     </div>
                     <div>
                        <b>Signature: </b>Provisioncopy(java.util.Hashtable)
                     </div>
                     <div>
                        <b>Parameters: </b>
                        
                        {Successmess=Data Updated Successfully, LOB=Income Replacement, Username=bcchase, Result=, Runmode=Y, Benefit=STD, copypagecode=DEC3025,
                        Password=Welcome1, copypagestatus=Inforce, copypagedesc=DEC3015DESC, Browser=Firefox}
                        
                        
                     </div>
                     <div>
                        <b>Start time: </b>12:00:24
                     </div>
                     <div>
                        <b>End time: </b>12:00:55
                     </div>
                     <div>
                        <b>Duration: </b>31s
                        
                     </div>
                  </div>
               </td>
            </tr>
            <tr>
               <td colspan="4" class="detailsBox">
                  <div id="com.maax.businessmanager.common.provision_copy_defect_Test_Provisioncopy_byClass_FAIL3_exception"
                       class="testMethodDetails">
                     <pre style="padding: 5px; margin: 0;">org.openqa.selenium.NoSuchElementException: Unable to locate element: {"method":"xpath","selector":"//div[contains(@id,'connection-working')
                        and contains(@class,'iceOutConStatActv') and contains(@style,'visibility: visible')]"}
                        Command duration or timeout: 12 milliseconds
                        For documentation on this error, please visit: http://seleniumhq.org/exceptions/no_such_element.html
                        Build info: version: '2.44.0', revision: '76d78cf323ce037c5f92db6c1bba601c2ac43ad8', time: '2014-10-23 13:11:40'
                        System info: host: 'LMTN202461', ip: '167.74.108.52', os.name: 'Windows 7', os.arch: 'amd64', os.version: '6.1', java.version:
                        '1.8.0_25'
                        Driver info: org.openqa.selenium.firefox.FirefoxDriver
                        Capabilities [{applicationCacheEnabled=true, rotatable=false, handlesAlerts=true, databaseEnabled=true, version=31.4.0, platform=WINDOWS,
                        nativeEvents=true, acceptSslCerts=true, webStorageEnabled=true, locationContextEnabled=true, browserName=firefox, takesScreenshot=true,
                        javascriptEnabled=true, cssSelectorsEnabled=true}]
                        Session ID: 3429a9c7-2b85-4ff3-a68b-36cfa6a0c706
                        	at sun.reflect.NativeConstructorAccessorImpl.newInstance0(Native Method)
                        	at sun.reflect.NativeConstructorAccessorImpl.newInstance(NativeConstructorAccessorImpl.java:62)
                        	at sun.reflect.DelegatingConstructorAccessorImpl.newInstance(DelegatingConstructorAccessorImpl.java:45)
                        	at java.lang.reflect.Constructor.newInstance(Constructor.java:408)
                        	at org.openqa.selenium.remote.ErrorHandler.createThrowable(ErrorHandler.java:204)
                        	at org.openqa.selenium.remote.ErrorHandler.throwIfResponseFailed(ErrorHandler.java:156)
                        	at org.openqa.selenium.remote.RemoteWebDriver.execute(RemoteWebDriver.java:599)
                        	at org.openqa.selenium.remote.RemoteWebDriver.findElement(RemoteWebDriver.java:352)
                        	at org.openqa.selenium.remote.RemoteWebDriver.findElementByXPath(RemoteWebDriver.java:449)
                        	at org.openqa.selenium.By$ByXPath.findElement(By.java:357)
                        	at org.openqa.selenium.remote.RemoteWebDriver.findElement(RemoteWebDriver.java:344)
                        	at com.maax.businessmanager.util.TestBase.dynamicwait(TestBase.java:249)
                        	at com.maax.businessmanager.common.provision_copy_defect_Test.Provisioncopy(provision_copy_defect_Test.java:89)
                        	at sun.reflect.NativeMethodAccessorImpl.invoke0(Native Method)
                        	at sun.reflect.NativeMethodAccessorImpl.invoke(NativeMethodAccessorImpl.java:62)
                        	at sun.reflect.DelegatingMethodAccessorImpl.invoke(DelegatingMethodAccessorImpl.java:43)
                        	at java.lang.reflect.Method.invoke(Method.java:483)
                        	at org.testng.internal.MethodInvocationHelper.invokeMethod(MethodInvocationHelper.java:80)
                        	at org.testng.internal.Invoker.invokeMethod(Invoker.java:673)
                        	at org.testng.internal.Invoker.invokeTestMethod(Invoker.java:842)
                        	at org.testng.internal.Invoker.invokeTestMethods(Invoker.java:1166)
                        	at org.testng.internal.TestMethodWorker.invokeTestMethods(TestMethodWorker.java:125)
                        	at org.testng.internal.TestMethodWorker.run(TestMethodWorker.java:109)
                        	at org.testng.TestRunner.runWorkers(TestRunner.java:1178)
                        	at org.testng.TestRunner.privateRun(TestRunner.java:757)
                        	at org.testng.TestRunner.run(TestRunner.java:608)
                        	at org.testng.SuiteRunner.runTest(SuiteRunner.java:334)
                        	at org.testng.SuiteRunner.runSequentially(SuiteRunner.java:329)
                        	at org.testng.SuiteRunner.privateRun(SuiteRunner.java:291)
                        	at org.testng.SuiteRunner.run(SuiteRunner.java:240)
                        	at org.testng.SuiteRunnerWorker.runSuite(SuiteRunnerWorker.java:52)
                        	at org.testng.SuiteRunnerWorker.run(SuiteRunnerWorker.java:86)
                        	at org.testng.TestNG.runSuitesSequentially(TestNG.java:1158)
                        	at org.testng.TestNG.runSuitesSequentially(TestNG.java:1154)
                        	at org.testng.TestNG.runSuitesLocally(TestNG.java:1083)
                        	at org.testng.TestNG.run(TestNG.java:999)
                        	at org.apache.maven.surefire.testng.TestNGExecutor.run(TestNGExecutor.java:178)
                        	at org.apache.maven.surefire.testng.TestNGXmlTestSuite.execute(TestNGXmlTestSuite.java:92)
                        	at org.apache.maven.surefire.testng.TestNGProvider.invoke(TestNGProvider.java:96)
                        	at sun.reflect.NativeMethodAccessorImpl.invoke0(Native Method)
                        	at sun.reflect.NativeMethodAccessorImpl.invoke(NativeMethodAccessorImpl.java:62)
                        	at sun.reflect.DelegatingMethodAccessorImpl.invoke(DelegatingMethodAccessorImpl.java:43)
                        	at java.lang.reflect.Method.invoke(Method.java:483)
                        	at org.apache.maven.surefire.util.ReflectionUtils.invokeMethodWithArray(ReflectionUtils.java:189)
                        	at org.apache.maven.surefire.booter.ProviderFactory$ProviderProxy.invoke(ProviderFactory.java:165)
                        	at org.apache.maven.surefire.booter.ProviderFactory.invokeProvider(ProviderFactory.java:85)
                        	at org.apache.maven.surefire.booter.ForkedBooter.runSuitesInProcess(ForkedBooter.java:115)
                        	at org.apache.maven.surefire.booter.ForkedBooter.main(ForkedBooter.java:75)
                        Caused by: org.openqa.selenium.NoSuchElementException: Unable to locate element: {"method":"xpath","selector":"//div[contains(@id,'connection-working')
                        and contains(@class,'iceOutConStatActv') and contains(@style,'visibility: visible')]"}
                        For documentation on this error, please visit: http://seleniumhq.org/exceptions/no_such_element.html
                        Build info: version: '2.44.0', revision: '76d78cf323ce037c5f92db6c1bba601c2ac43ad8', time: '2014-10-23 13:11:40'
                        System info: host: 'LMTN202461', ip: '167.74.108.52', os.name: 'Windows 7', os.arch: 'amd64', os.version: '6.1', java.version:
                        '1.8.0_25'
                        Driver info: driver.version: unknown
                        	at &lt;anonymous class&gt;.FirefoxDriver.prototype.findElementInternal_(file:///C:/Users/othnvun/AppData/Local/Temp/anonymous3025438996023006925webdriver-profile/extensions/fxdriver@googlecode.com/components/driver-component.js:9641:133)
                        	at &lt;anonymous class&gt;.FirefoxDriver.prototype.findElement(file:///C:/Users/othnvun/AppData/Local/Temp/anonymous3025438996023006925webdriver-profile/extensions/fxdriver@googlecode.com/components/driver-component.js:9650:3)
                        	at &lt;anonymous class&gt;.DelayedCommand.prototype.executeInternal_/h(file:///C:/Users/othnvun/AppData/Local/Temp/anonymous3025438996023006925webdriver-profile/extensions/fxdriver@googlecode.com/components/command-processor.js:11635:16)
                        	at &lt;anonymous class&gt;.DelayedCommand.prototype.executeInternal_(file:///C:/Users/othnvun/AppData/Local/Temp/anonymous3025438996023006925webdriver-profile/extensions/fxdriver@googlecode.com/components/command-processor.js:11640:7)
                        	at &lt;anonymous class&gt;.DelayedCommand.prototype.execute/&lt;(file:///C:/Users/othnvun/AppData/Local/Temp/anonymous3025438996023006925webdriver-profile/extensions/fxdriver@googlecode.com/components/command-processor.js:11582:5)
                     </pre>
                  </div>
               </td>
            </tr>
            <tr id="com.maax.businessmanager.common.provision_copy_defect_Test_Provisioncopy_byClass_FAIL4_row"
                class="testMethodStatusFAIL">
               <td width="100%" class="firstMethodCell">
                  <a onclick="toggleDetailsVisibility('com.maax.businessmanager.common.provision_copy_defect_Test_Provisioncopy_byClass_FAIL4_details')">Provisioncopy({Successmess=Data Updated Successfully, LOB=Income Replacement, Username=bcchase, Result=, Runmode=Y, Benefit=LTD,
                     copypagecode=DEC3025, Password=Welcome1, copypagestatus=Inforce, copypagedesc=DEC3015DESC, Browser=Firefox})
                  </a>
               </td>
               <td nowrap="true">12:00:55</td>
               <td nowrap="true" align="right">31s
                  
               </td>
               <td nowrap="true">
                  <a onclick="toggleDetailsVisibility('com.maax.businessmanager.common.provision_copy_defect_Test_Provisioncopy_byClass_FAIL4_exception')">org.openqa.selenium.NoSuchElementException: 
                     Unable to locate element: {"method":"xpath","selector":"//div[contains(@id,'connection-working') and contains(@class,'iceOutConStatActv')
                     and contains(@style,'visibility: visible')]"}
                     Command duration or timeout: 10 milliseconds
                     For documentation on this error, please visit: http://seleniumhq.org/exceptions/no_such_element.html
                     Build info: version: '2.44.0', revision: '76d78cf323ce037c5f92db6c1bba601c2ac43ad8', time: '2014-10-23 13:11:40'
                     System info: host: 'LMTN202461', ip: '167.74.108.52', os.name: 'Windows 7', os.arch: 'amd64', os.version: '6.1', java.version:
                     '1.8.0_25'
                     Driver info: org.openqa.selenium.firefox.FirefoxDriver
                     Capabilities [{applicationCacheEnabled=true, rotatable=false, handlesAlerts=true, databaseEnabled=true, version=31.4.0, platform=WINDOWS,
                     nativeEvents=true, acceptSslCerts=true, webStorageEnabled=true, locationContextEnabled=true, browserName=firefox, takesScreenshot=true,
                     javascriptEnabled=true, cssSelectorsEnabled=true}]
                     Session ID: 564b4ef5-a8a5-40da-9c65-83c2c9d82f71
                     
                  </a>
                   
                  
               </td>
            </tr>
            <tr>
               <td colspan="4" class="detailsBox">
                  <div id="com.maax.businessmanager.common.provision_copy_defect_Test_Provisioncopy_byClass_FAIL4_details"
                       class="testMethodDetails">
                     <div>
                        <b>Name: </b>Provisioncopy
                     </div>
                     <div>
                        <b>Signature: </b>Provisioncopy(java.util.Hashtable)
                     </div>
                     <div>
                        <b>Parameters: </b>
                        
                        {Successmess=Data Updated Successfully, LOB=Income Replacement, Username=bcchase, Result=, Runmode=Y, Benefit=LTD, copypagecode=DEC3025,
                        Password=Welcome1, copypagestatus=Inforce, copypagedesc=DEC3015DESC, Browser=Firefox}
                        
                        
                     </div>
                     <div>
                        <b>Start time: </b>12:00:55
                     </div>
                     <div>
                        <b>End time: </b>12:01:26
                     </div>
                     <div>
                        <b>Duration: </b>31s
                        
                     </div>
                  </div>
               </td>
            </tr>
            <tr>
               <td colspan="4" class="detailsBox">
                  <div id="com.maax.businessmanager.common.provision_copy_defect_Test_Provisioncopy_byClass_FAIL4_exception"
                       class="testMethodDetails">
                     <pre style="padding: 5px; margin: 0;">org.openqa.selenium.NoSuchElementException: Unable to locate element: {"method":"xpath","selector":"//div[contains(@id,'connection-working')
                        and contains(@class,'iceOutConStatActv') and contains(@style,'visibility: visible')]"}
                        Command duration or timeout: 10 milliseconds
                        For documentation on this error, please visit: http://seleniumhq.org/exceptions/no_such_element.html
                        Build info: version: '2.44.0', revision: '76d78cf323ce037c5f92db6c1bba601c2ac43ad8', time: '2014-10-23 13:11:40'
                        System info: host: 'LMTN202461', ip: '167.74.108.52', os.name: 'Windows 7', os.arch: 'amd64', os.version: '6.1', java.version:
                        '1.8.0_25'
                        Driver info: org.openqa.selenium.firefox.FirefoxDriver
                        Capabilities [{applicationCacheEnabled=true, rotatable=false, handlesAlerts=true, databaseEnabled=true, version=31.4.0, platform=WINDOWS,
                        nativeEvents=true, acceptSslCerts=true, webStorageEnabled=true, locationContextEnabled=true, browserName=firefox, takesScreenshot=true,
                        javascriptEnabled=true, cssSelectorsEnabled=true}]
                        Session ID: 564b4ef5-a8a5-40da-9c65-83c2c9d82f71
                        	at sun.reflect.GeneratedConstructorAccessor31.newInstance(Unknown Source)
                        	at sun.reflect.DelegatingConstructorAccessorImpl.newInstance(DelegatingConstructorAccessorImpl.java:45)
                        	at java.lang.reflect.Constructor.newInstance(Constructor.java:408)
                        	at org.openqa.selenium.remote.ErrorHandler.createThrowable(ErrorHandler.java:204)
                        	at org.openqa.selenium.remote.ErrorHandler.throwIfResponseFailed(ErrorHandler.java:156)
                        	at org.openqa.selenium.remote.RemoteWebDriver.execute(RemoteWebDriver.java:599)
                        	at org.openqa.selenium.remote.RemoteWebDriver.findElement(RemoteWebDriver.java:352)
                        	at org.openqa.selenium.remote.RemoteWebDriver.findElementByXPath(RemoteWebDriver.java:449)
                        	at org.openqa.selenium.By$ByXPath.findElement(By.java:357)
                        	at org.openqa.selenium.remote.RemoteWebDriver.findElement(RemoteWebDriver.java:344)
                        	at com.maax.businessmanager.util.TestBase.dynamicwait(TestBase.java:249)
                        	at com.maax.businessmanager.common.provision_copy_defect_Test.Provisioncopy(provision_copy_defect_Test.java:89)
                        	at sun.reflect.NativeMethodAccessorImpl.invoke0(Native Method)
                        	at sun.reflect.NativeMethodAccessorImpl.invoke(NativeMethodAccessorImpl.java:62)
                        	at sun.reflect.DelegatingMethodAccessorImpl.invoke(DelegatingMethodAccessorImpl.java:43)
                        	at java.lang.reflect.Method.invoke(Method.java:483)
                        	at org.testng.internal.MethodInvocationHelper.invokeMethod(MethodInvocationHelper.java:80)
                        	at org.testng.internal.Invoker.invokeMethod(Invoker.java:673)
                        	at org.testng.internal.Invoker.invokeTestMethod(Invoker.java:842)
                        	at org.testng.internal.Invoker.invokeTestMethods(Invoker.java:1166)
                        	at org.testng.internal.TestMethodWorker.invokeTestMethods(TestMethodWorker.java:125)
                        	at org.testng.internal.TestMethodWorker.run(TestMethodWorker.java:109)
                        	at org.testng.TestRunner.runWorkers(TestRunner.java:1178)
                        	at org.testng.TestRunner.privateRun(TestRunner.java:757)
                        	at org.testng.TestRunner.run(TestRunner.java:608)
                        	at org.testng.SuiteRunner.runTest(SuiteRunner.java:334)
                        	at org.testng.SuiteRunner.runSequentially(SuiteRunner.java:329)
                        	at org.testng.SuiteRunner.privateRun(SuiteRunner.java:291)
                        	at org.testng.SuiteRunner.run(SuiteRunner.java:240)
                        	at org.testng.SuiteRunnerWorker.runSuite(SuiteRunnerWorker.java:52)
                        	at org.testng.SuiteRunnerWorker.run(SuiteRunnerWorker.java:86)
                        	at org.testng.TestNG.runSuitesSequentially(TestNG.java:1158)
                        	at org.testng.TestNG.runSuitesSequentially(TestNG.java:1154)
                        	at org.testng.TestNG.runSuitesLocally(TestNG.java:1083)
                        	at org.testng.TestNG.run(TestNG.java:999)
                        	at org.apache.maven.surefire.testng.TestNGExecutor.run(TestNGExecutor.java:178)
                        	at org.apache.maven.surefire.testng.TestNGXmlTestSuite.execute(TestNGXmlTestSuite.java:92)
                        	at org.apache.maven.surefire.testng.TestNGProvider.invoke(TestNGProvider.java:96)
                        	at sun.reflect.NativeMethodAccessorImpl.invoke0(Native Method)
                        	at sun.reflect.NativeMethodAccessorImpl.invoke(NativeMethodAccessorImpl.java:62)
                        	at sun.reflect.DelegatingMethodAccessorImpl.invoke(DelegatingMethodAccessorImpl.java:43)
                        	at java.lang.reflect.Method.invoke(Method.java:483)
                        	at org.apache.maven.surefire.util.ReflectionUtils.invokeMethodWithArray(ReflectionUtils.java:189)
                        	at org.apache.maven.surefire.booter.ProviderFactory$ProviderProxy.invoke(ProviderFactory.java:165)
                        	at org.apache.maven.surefire.booter.ProviderFactory.invokeProvider(ProviderFactory.java:85)
                        	at org.apache.maven.surefire.booter.ForkedBooter.runSuitesInProcess(ForkedBooter.java:115)
                        	at org.apache.maven.surefire.booter.ForkedBooter.main(ForkedBooter.java:75)
                        Caused by: org.openqa.selenium.NoSuchElementException: Unable to locate element: {"method":"xpath","selector":"//div[contains(@id,'connection-working')
                        and contains(@class,'iceOutConStatActv') and contains(@style,'visibility: visible')]"}
                        For documentation on this error, please visit: http://seleniumhq.org/exceptions/no_such_element.html
                        Build info: version: '2.44.0', revision: '76d78cf323ce037c5f92db6c1bba601c2ac43ad8', time: '2014-10-23 13:11:40'
                        System info: host: 'LMTN202461', ip: '167.74.108.52', os.name: 'Windows 7', os.arch: 'amd64', os.version: '6.1', java.version:
                        '1.8.0_25'
                        Driver info: driver.version: unknown
                        	at &lt;anonymous class&gt;.FirefoxDriver.prototype.findElementInternal_(file:///C:/Users/othnvun/AppData/Local/Temp/anonymous1110575283838732933webdriver-profile/extensions/fxdriver@googlecode.com/components/driver-component.js:9641:133)
                        	at &lt;anonymous class&gt;.FirefoxDriver.prototype.findElement(file:///C:/Users/othnvun/AppData/Local/Temp/anonymous1110575283838732933webdriver-profile/extensions/fxdriver@googlecode.com/components/driver-component.js:9650:3)
                        	at &lt;anonymous class&gt;.DelayedCommand.prototype.executeInternal_/h(file:///C:/Users/othnvun/AppData/Local/Temp/anonymous1110575283838732933webdriver-profile/extensions/fxdriver@googlecode.com/components/command-processor.js:11635:16)
                        	at &lt;anonymous class&gt;.DelayedCommand.prototype.executeInternal_(file:///C:/Users/othnvun/AppData/Local/Temp/anonymous1110575283838732933webdriver-profile/extensions/fxdriver@googlecode.com/components/command-processor.js:11640:7)
                        	at &lt;anonymous class&gt;.DelayedCommand.prototype.execute/&lt;(file:///C:/Users/othnvun/AppData/Local/Temp/anonymous1110575283838732933webdriver-profile/extensions/fxdriver@googlecode.com/components/command-processor.js:11582:5)
                     </pre>
                  </div>
               </td>
            </tr>
            <tr id="com.maax.businessmanager.common.provision_copy_defect_Test_Provisioncopy_byClass_FAIL5_row"
                class="testMethodStatusFAIL">
               <td width="100%" class="firstMethodCell">
                  <a onclick="toggleDetailsVisibility('com.maax.businessmanager.common.provision_copy_defect_Test_Provisioncopy_byClass_FAIL5_details')">Provisioncopy({Successmess=Data Updated Successfully, LOB=AD&amp;D, Username=bcchase, Result=, Runmode=Y, Benefit=Optional AD&amp;D,
                     copypagecode=DEC3025, Password=Welcome1, copypagestatus=Inforce, copypagedesc=DEC3015DESC, Browser=Firefox})
                  </a>
               </td>
               <td nowrap="true">12:01:26</td>
               <td nowrap="true" align="right">31s
                  
               </td>
               <td nowrap="true">
                  <a onclick="toggleDetailsVisibility('com.maax.businessmanager.common.provision_copy_defect_Test_Provisioncopy_byClass_FAIL5_exception')">org.openqa.selenium.NoSuchElementException: 
                     Unable to locate element: {"method":"xpath","selector":"//div[contains(@id,'connection-working') and contains(@class,'iceOutConStatActv')
                     and contains(@style,'visibility: visible')]"}
                     Command duration or timeout: 9 milliseconds
                     For documentation on this error, please visit: http://seleniumhq.org/exceptions/no_such_element.html
                     Build info: version: '2.44.0', revision: '76d78cf323ce037c5f92db6c1bba601c2ac43ad8', time: '2014-10-23 13:11:40'
                     System info: host: 'LMTN202461', ip: '167.74.108.52', os.name: 'Windows 7', os.arch: 'amd64', os.version: '6.1', java.version:
                     '1.8.0_25'
                     Driver info: org.openqa.selenium.firefox.FirefoxDriver
                     Capabilities [{applicationCacheEnabled=true, rotatable=false, handlesAlerts=true, databaseEnabled=true, version=31.4.0, platform=WINDOWS,
                     nativeEvents=true, acceptSslCerts=true, webStorageEnabled=true, locationContextEnabled=true, browserName=firefox, takesScreenshot=true,
                     javascriptEnabled=true, cssSelectorsEnabled=true}]
                     Session ID: 383361ab-4346-4d05-bfe9-fe4094a207f0
                     
                  </a>
                   
                  
               </td>
            </tr>
            <tr>
               <td colspan="4" class="detailsBox">
                  <div id="com.maax.businessmanager.common.provision_copy_defect_Test_Provisioncopy_byClass_FAIL5_details"
                       class="testMethodDetails">
                     <div>
                        <b>Name: </b>Provisioncopy
                     </div>
                     <div>
                        <b>Signature: </b>Provisioncopy(java.util.Hashtable)
                     </div>
                     <div>
                        <b>Parameters: </b>
                        
                        {Successmess=Data Updated Successfully, LOB=AD&amp;D, Username=bcchase, Result=, Runmode=Y, Benefit=Optional AD&amp;D, copypagecode=DEC3025,
                        Password=Welcome1, copypagestatus=Inforce, copypagedesc=DEC3015DESC, Browser=Firefox}
                        
                        
                     </div>
                     <div>
                        <b>Start time: </b>12:01:26
                     </div>
                     <div>
                        <b>End time: </b>12:01:58
                     </div>
                     <div>
                        <b>Duration: </b>31s
                        
                     </div>
                  </div>
               </td>
            </tr>
            <tr>
               <td colspan="4" class="detailsBox">
                  <div id="com.maax.businessmanager.common.provision_copy_defect_Test_Provisioncopy_byClass_FAIL5_exception"
                       class="testMethodDetails">
                     <pre style="padding: 5px; margin: 0;">org.openqa.selenium.NoSuchElementException: Unable to locate element: {"method":"xpath","selector":"//div[contains(@id,'connection-working')
                        and contains(@class,'iceOutConStatActv') and contains(@style,'visibility: visible')]"}
                        Command duration or timeout: 9 milliseconds
                        For documentation on this error, please visit: http://seleniumhq.org/exceptions/no_such_element.html
                        Build info: version: '2.44.0', revision: '76d78cf323ce037c5f92db6c1bba601c2ac43ad8', time: '2014-10-23 13:11:40'
                        System info: host: 'LMTN202461', ip: '167.74.108.52', os.name: 'Windows 7', os.arch: 'amd64', os.version: '6.1', java.version:
                        '1.8.0_25'
                        Driver info: org.openqa.selenium.firefox.FirefoxDriver
                        Capabilities [{applicationCacheEnabled=true, rotatable=false, handlesAlerts=true, databaseEnabled=true, version=31.4.0, platform=WINDOWS,
                        nativeEvents=true, acceptSslCerts=true, webStorageEnabled=true, locationContextEnabled=true, browserName=firefox, takesScreenshot=true,
                        javascriptEnabled=true, cssSelectorsEnabled=true}]
                        Session ID: 383361ab-4346-4d05-bfe9-fe4094a207f0
                        	at sun.reflect.GeneratedConstructorAccessor31.newInstance(Unknown Source)
                        	at sun.reflect.DelegatingConstructorAccessorImpl.newInstance(DelegatingConstructorAccessorImpl.java:45)
                        	at java.lang.reflect.Constructor.newInstance(Constructor.java:408)
                        	at org.openqa.selenium.remote.ErrorHandler.createThrowable(ErrorHandler.java:204)
                        	at org.openqa.selenium.remote.ErrorHandler.throwIfResponseFailed(ErrorHandler.java:156)
                        	at org.openqa.selenium.remote.RemoteWebDriver.execute(RemoteWebDriver.java:599)
                        	at org.openqa.selenium.remote.RemoteWebDriver.findElement(RemoteWebDriver.java:352)
                        	at org.openqa.selenium.remote.RemoteWebDriver.findElementByXPath(RemoteWebDriver.java:449)
                        	at org.openqa.selenium.By$ByXPath.findElement(By.java:357)
                        	at org.openqa.selenium.remote.RemoteWebDriver.findElement(RemoteWebDriver.java:344)
                        	at com.maax.businessmanager.util.TestBase.dynamicwait(TestBase.java:249)
                        	at com.maax.businessmanager.common.provision_copy_defect_Test.Provisioncopy(provision_copy_defect_Test.java:89)
                        	at sun.reflect.NativeMethodAccessorImpl.invoke0(Native Method)
                        	at sun.reflect.NativeMethodAccessorImpl.invoke(NativeMethodAccessorImpl.java:62)
                        	at sun.reflect.DelegatingMethodAccessorImpl.invoke(DelegatingMethodAccessorImpl.java:43)
                        	at java.lang.reflect.Method.invoke(Method.java:483)
                        	at org.testng.internal.MethodInvocationHelper.invokeMethod(MethodInvocationHelper.java:80)
                        	at org.testng.internal.Invoker.invokeMethod(Invoker.java:673)
                        	at org.testng.internal.Invoker.invokeTestMethod(Invoker.java:842)
                        	at org.testng.internal.Invoker.invokeTestMethods(Invoker.java:1166)
                        	at org.testng.internal.TestMethodWorker.invokeTestMethods(TestMethodWorker.java:125)
                        	at org.testng.internal.TestMethodWorker.run(TestMethodWorker.java:109)
                        	at org.testng.TestRunner.runWorkers(TestRunner.java:1178)
                        	at org.testng.TestRunner.privateRun(TestRunner.java:757)
                        	at org.testng.TestRunner.run(TestRunner.java:608)
                        	at org.testng.SuiteRunner.runTest(SuiteRunner.java:334)
                        	at org.testng.SuiteRunner.runSequentially(SuiteRunner.java:329)
                        	at org.testng.SuiteRunner.privateRun(SuiteRunner.java:291)
                        	at org.testng.SuiteRunner.run(SuiteRunner.java:240)
                        	at org.testng.SuiteRunnerWorker.runSuite(SuiteRunnerWorker.java:52)
                        	at org.testng.SuiteRunnerWorker.run(SuiteRunnerWorker.java:86)
                        	at org.testng.TestNG.runSuitesSequentially(TestNG.java:1158)
                        	at org.testng.TestNG.runSuitesSequentially(TestNG.java:1154)
                        	at org.testng.TestNG.runSuitesLocally(TestNG.java:1083)
                        	at org.testng.TestNG.run(TestNG.java:999)
                        	at org.apache.maven.surefire.testng.TestNGExecutor.run(TestNGExecutor.java:178)
                        	at org.apache.maven.surefire.testng.TestNGXmlTestSuite.execute(TestNGXmlTestSuite.java:92)
                        	at org.apache.maven.surefire.testng.TestNGProvider.invoke(TestNGProvider.java:96)
                        	at sun.reflect.NativeMethodAccessorImpl.invoke0(Native Method)
                        	at sun.reflect.NativeMethodAccessorImpl.invoke(NativeMethodAccessorImpl.java:62)
                        	at sun.reflect.DelegatingMethodAccessorImpl.invoke(DelegatingMethodAccessorImpl.java:43)
                        	at java.lang.reflect.Method.invoke(Method.java:483)
                        	at org.apache.maven.surefire.util.ReflectionUtils.invokeMethodWithArray(ReflectionUtils.java:189)
                        	at org.apache.maven.surefire.booter.ProviderFactory$ProviderProxy.invoke(ProviderFactory.java:165)
                        	at org.apache.maven.surefire.booter.ProviderFactory.invokeProvider(ProviderFactory.java:85)
                        	at org.apache.maven.surefire.booter.ForkedBooter.runSuitesInProcess(ForkedBooter.java:115)
                        	at org.apache.maven.surefire.booter.ForkedBooter.main(ForkedBooter.java:75)
                        Caused by: org.openqa.selenium.NoSuchElementException: Unable to locate element: {"method":"xpath","selector":"//div[contains(@id,'connection-working')
                        and contains(@class,'iceOutConStatActv') and contains(@style,'visibility: visible')]"}
                        For documentation on this error, please visit: http://seleniumhq.org/exceptions/no_such_element.html
                        Build info: version: '2.44.0', revision: '76d78cf323ce037c5f92db6c1bba601c2ac43ad8', time: '2014-10-23 13:11:40'
                        System info: host: 'LMTN202461', ip: '167.74.108.52', os.name: 'Windows 7', os.arch: 'amd64', os.version: '6.1', java.version:
                        '1.8.0_25'
                        Driver info: driver.version: unknown
                        	at &lt;anonymous class&gt;.FirefoxDriver.prototype.findElementInternal_(file:///C:/Users/othnvun/AppData/Local/Temp/anonymous5108139089750429172webdriver-profile/extensions/fxdriver@googlecode.com/components/driver-component.js:9641:133)
                        	at &lt;anonymous class&gt;.FirefoxDriver.prototype.findElement(file:///C:/Users/othnvun/AppData/Local/Temp/anonymous5108139089750429172webdriver-profile/extensions/fxdriver@googlecode.com/components/driver-component.js:9650:3)
                        	at &lt;anonymous class&gt;.DelayedCommand.prototype.executeInternal_/h(file:///C:/Users/othnvun/AppData/Local/Temp/anonymous5108139089750429172webdriver-profile/extensions/fxdriver@googlecode.com/components/command-processor.js:11635:16)
                        	at &lt;anonymous class&gt;.DelayedCommand.prototype.executeInternal_(file:///C:/Users/othnvun/AppData/Local/Temp/anonymous5108139089750429172webdriver-profile/extensions/fxdriver@googlecode.com/components/command-processor.js:11640:7)
                        	at &lt;anonymous class&gt;.DelayedCommand.prototype.execute/&lt;(file:///C:/Users/othnvun/AppData/Local/Temp/anonymous5108139089750429172webdriver-profile/extensions/fxdriver@googlecode.com/components/command-processor.js:11582:5)
                     </pre>
                  </div>
               </td>
            </tr>
            <tr id="com.maax.businessmanager.common.provision_copy_defect_Test_Provisioncopy_byClass_PASS6_row"
                class="testMethodStatusPASS">
               <td width="100%" class="firstMethodCell">
                  <a onclick="toggleDetailsVisibility('com.maax.businessmanager.common.provision_copy_defect_Test_Provisioncopy_byClass_PASS6_details')">Provisioncopy({Successmess=Data Updated Successfully, LOB=Life, Username=bcchase, Result=, Runmode=Y, Benefit=Optional Member
                     Life, copypagecode=DEC3025, Password=Welcome1, copypagestatus=Inforce, copypagedesc=DEC3015DESC, Browser=Firefox})
                  </a>
               </td>
               <td nowrap="true">12:01:58</td>
               <td nowrap="true" align="right">32s
                  
               </td>
               <td nowrap="true">
                   
                  
               </td>
            </tr>
            <tr>
               <td colspan="4" class="detailsBox">
                  <div id="com.maax.businessmanager.common.provision_copy_defect_Test_Provisioncopy_byClass_PASS6_details"
                       class="testMethodDetails">
                     <div>
                        <b>Name: </b>Provisioncopy
                     </div>
                     <div>
                        <b>Signature: </b>Provisioncopy(java.util.Hashtable)
                     </div>
                     <div>
                        <b>Parameters: </b>
                        
                        {Successmess=Data Updated Successfully, LOB=Life, Username=bcchase, Result=, Runmode=Y, Benefit=Optional Member Life, copypagecode=DEC3025,
                        Password=Welcome1, copypagestatus=Inforce, copypagedesc=DEC3015DESC, Browser=Firefox}
                        
                        
                     </div>
                     <div>
                        <b>Start time: </b>12:01:58
                     </div>
                     <div>
                        <b>End time: </b>12:02:30
                     </div>
                     <div>
                        <b>Duration: </b>32s
                        
                     </div>
                  </div>
               </td>
            </tr>
            <tr></tr>
            <tr id="com.maax.businessmanager.common.provision_copy_defect_Test_Provisioncopy_byClass_FAIL7_row"
                class="testMethodStatusFAIL">
               <td width="100%" class="firstMethodCell">
                  <a onclick="toggleDetailsVisibility('com.maax.businessmanager.common.provision_copy_defect_Test_Provisioncopy_byClass_FAIL7_details')">Provisioncopy({Successmess=Data Updated Successfully, LOB=Life, Username=bcchase, Result=, Runmode=Y, Benefit=Opt Spousal
                     Life, copypagecode=DEC3025, Password=Welcome1, copypagestatus=Inforce, copypagedesc=DEC3015DESC, Browser=Firefox})
                  </a>
               </td>
               <td nowrap="true">12:02:30</td>
               <td nowrap="true" align="right">30s
                  
               </td>
               <td nowrap="true">
                  <a onclick="toggleDetailsVisibility('com.maax.businessmanager.common.provision_copy_defect_Test_Provisioncopy_byClass_FAIL7_exception')">org.openqa.selenium.NoSuchElementException: 
                     Unable to locate element: {"method":"xpath","selector":"//div[contains(@id,'connection-working') and contains(@class,'iceOutConStatActv')
                     and contains(@style,'visibility: visible')]"}
                     Command duration or timeout: 8 milliseconds
                     For documentation on this error, please visit: http://seleniumhq.org/exceptions/no_such_element.html
                     Build info: version: '2.44.0', revision: '76d78cf323ce037c5f92db6c1bba601c2ac43ad8', time: '2014-10-23 13:11:40'
                     System info: host: 'LMTN202461', ip: '167.74.108.52', os.name: 'Windows 7', os.arch: 'amd64', os.version: '6.1', java.version:
                     '1.8.0_25'
                     Driver info: org.openqa.selenium.firefox.FirefoxDriver
                     Capabilities [{applicationCacheEnabled=true, rotatable=false, handlesAlerts=true, databaseEnabled=true, version=31.4.0, platform=WINDOWS,
                     nativeEvents=true, acceptSslCerts=true, webStorageEnabled=true, locationContextEnabled=true, browserName=firefox, takesScreenshot=true,
                     javascriptEnabled=true, cssSelectorsEnabled=true}]
                     Session ID: d081365e-d57b-49ce-acea-3ce690ee8a6e
                     
                  </a>
                   
                  
               </td>
            </tr>
            <tr>
               <td colspan="4" class="detailsBox">
                  <div id="com.maax.businessmanager.common.provision_copy_defect_Test_Provisioncopy_byClass_FAIL7_details"
                       class="testMethodDetails">
                     <div>
                        <b>Name: </b>Provisioncopy
                     </div>
                     <div>
                        <b>Signature: </b>Provisioncopy(java.util.Hashtable)
                     </div>
                     <div>
                        <b>Parameters: </b>
                        
                        {Successmess=Data Updated Successfully, LOB=Life, Username=bcchase, Result=, Runmode=Y, Benefit=Opt Spousal Life, copypagecode=DEC3025,
                        Password=Welcome1, copypagestatus=Inforce, copypagedesc=DEC3015DESC, Browser=Firefox}
                        
                        
                     </div>
                     <div>
                        <b>Start time: </b>12:02:30
                     </div>
                     <div>
                        <b>End time: </b>12:03:01
                     </div>
                     <div>
                        <b>Duration: </b>30s
                        
                     </div>
                  </div>
               </td>
            </tr>
            <tr>
               <td colspan="4" class="detailsBox">
                  <div id="com.maax.businessmanager.common.provision_copy_defect_Test_Provisioncopy_byClass_FAIL7_exception"
                       class="testMethodDetails">
                     <pre style="padding: 5px; margin: 0;">org.openqa.selenium.NoSuchElementException: Unable to locate element: {"method":"xpath","selector":"//div[contains(@id,'connection-working')
                        and contains(@class,'iceOutConStatActv') and contains(@style,'visibility: visible')]"}
                        Command duration or timeout: 8 milliseconds
                        For documentation on this error, please visit: http://seleniumhq.org/exceptions/no_such_element.html
                        Build info: version: '2.44.0', revision: '76d78cf323ce037c5f92db6c1bba601c2ac43ad8', time: '2014-10-23 13:11:40'
                        System info: host: 'LMTN202461', ip: '167.74.108.52', os.name: 'Windows 7', os.arch: 'amd64', os.version: '6.1', java.version:
                        '1.8.0_25'
                        Driver info: org.openqa.selenium.firefox.FirefoxDriver
                        Capabilities [{applicationCacheEnabled=true, rotatable=false, handlesAlerts=true, databaseEnabled=true, version=31.4.0, platform=WINDOWS,
                        nativeEvents=true, acceptSslCerts=true, webStorageEnabled=true, locationContextEnabled=true, browserName=firefox, takesScreenshot=true,
                        javascriptEnabled=true, cssSelectorsEnabled=true}]
                        Session ID: d081365e-d57b-49ce-acea-3ce690ee8a6e
                        	at sun.reflect.GeneratedConstructorAccessor31.newInstance(Unknown Source)
                        	at sun.reflect.DelegatingConstructorAccessorImpl.newInstance(DelegatingConstructorAccessorImpl.java:45)
                        	at java.lang.reflect.Constructor.newInstance(Constructor.java:408)
                        	at org.openqa.selenium.remote.ErrorHandler.createThrowable(ErrorHandler.java:204)
                        	at org.openqa.selenium.remote.ErrorHandler.throwIfResponseFailed(ErrorHandler.java:156)
                        	at org.openqa.selenium.remote.RemoteWebDriver.execute(RemoteWebDriver.java:599)
                        	at org.openqa.selenium.remote.RemoteWebDriver.findElement(RemoteWebDriver.java:352)
                        	at org.openqa.selenium.remote.RemoteWebDriver.findElementByXPath(RemoteWebDriver.java:449)
                        	at org.openqa.selenium.By$ByXPath.findElement(By.java:357)
                        	at org.openqa.selenium.remote.RemoteWebDriver.findElement(RemoteWebDriver.java:344)
                        	at com.maax.businessmanager.util.TestBase.dynamicwait(TestBase.java:249)
                        	at com.maax.businessmanager.common.provision_copy_defect_Test.Provisioncopy(provision_copy_defect_Test.java:89)
                        	at sun.reflect.NativeMethodAccessorImpl.invoke0(Native Method)
                        	at sun.reflect.NativeMethodAccessorImpl.invoke(NativeMethodAccessorImpl.java:62)
                        	at sun.reflect.DelegatingMethodAccessorImpl.invoke(DelegatingMethodAccessorImpl.java:43)
                        	at java.lang.reflect.Method.invoke(Method.java:483)
                        	at org.testng.internal.MethodInvocationHelper.invokeMethod(MethodInvocationHelper.java:80)
                        	at org.testng.internal.Invoker.invokeMethod(Invoker.java:673)
                        	at org.testng.internal.Invoker.invokeTestMethod(Invoker.java:842)
                        	at org.testng.internal.Invoker.invokeTestMethods(Invoker.java:1166)
                        	at org.testng.internal.TestMethodWorker.invokeTestMethods(TestMethodWorker.java:125)
                        	at org.testng.internal.TestMethodWorker.run(TestMethodWorker.java:109)
                        	at org.testng.TestRunner.runWorkers(TestRunner.java:1178)
                        	at org.testng.TestRunner.privateRun(TestRunner.java:757)
                        	at org.testng.TestRunner.run(TestRunner.java:608)
                        	at org.testng.SuiteRunner.runTest(SuiteRunner.java:334)
                        	at org.testng.SuiteRunner.runSequentially(SuiteRunner.java:329)
                        	at org.testng.SuiteRunner.privateRun(SuiteRunner.java:291)
                        	at org.testng.SuiteRunner.run(SuiteRunner.java:240)
                        	at org.testng.SuiteRunnerWorker.runSuite(SuiteRunnerWorker.java:52)
                        	at org.testng.SuiteRunnerWorker.run(SuiteRunnerWorker.java:86)
                        	at org.testng.TestNG.runSuitesSequentially(TestNG.java:1158)
                        	at org.testng.TestNG.runSuitesSequentially(TestNG.java:1154)
                        	at org.testng.TestNG.runSuitesLocally(TestNG.java:1083)
                        	at org.testng.TestNG.run(TestNG.java:999)
                        	at org.apache.maven.surefire.testng.TestNGExecutor.run(TestNGExecutor.java:178)
                        	at org.apache.maven.surefire.testng.TestNGXmlTestSuite.execute(TestNGXmlTestSuite.java:92)
                        	at org.apache.maven.surefire.testng.TestNGProvider.invoke(TestNGProvider.java:96)
                        	at sun.reflect.NativeMethodAccessorImpl.invoke0(Native Method)
                        	at sun.reflect.NativeMethodAccessorImpl.invoke(NativeMethodAccessorImpl.java:62)
                        	at sun.reflect.DelegatingMethodAccessorImpl.invoke(DelegatingMethodAccessorImpl.java:43)
                        	at java.lang.reflect.Method.invoke(Method.java:483)
                        	at org.apache.maven.surefire.util.ReflectionUtils.invokeMethodWithArray(ReflectionUtils.java:189)
                        	at org.apache.maven.surefire.booter.ProviderFactory$ProviderProxy.invoke(ProviderFactory.java:165)
                        	at org.apache.maven.surefire.booter.ProviderFactory.invokeProvider(ProviderFactory.java:85)
                        	at org.apache.maven.surefire.booter.ForkedBooter.runSuitesInProcess(ForkedBooter.java:115)
                        	at org.apache.maven.surefire.booter.ForkedBooter.main(ForkedBooter.java:75)
                        Caused by: org.openqa.selenium.NoSuchElementException: Unable to locate element: {"method":"xpath","selector":"//div[contains(@id,'connection-working')
                        and contains(@class,'iceOutConStatActv') and contains(@style,'visibility: visible')]"}
                        For documentation on this error, please visit: http://seleniumhq.org/exceptions/no_such_element.html
                        Build info: version: '2.44.0', revision: '76d78cf323ce037c5f92db6c1bba601c2ac43ad8', time: '2014-10-23 13:11:40'
                        System info: host: 'LMTN202461', ip: '167.74.108.52', os.name: 'Windows 7', os.arch: 'amd64', os.version: '6.1', java.version:
                        '1.8.0_25'
                        Driver info: driver.version: unknown
                        	at &lt;anonymous class&gt;.FirefoxDriver.prototype.findElementInternal_(file:///C:/Users/othnvun/AppData/Local/Temp/anonymous3049790335337158708webdriver-profile/extensions/fxdriver@googlecode.com/components/driver-component.js:9641:133)
                        	at &lt;anonymous class&gt;.FirefoxDriver.prototype.findElement(file:///C:/Users/othnvun/AppData/Local/Temp/anonymous3049790335337158708webdriver-profile/extensions/fxdriver@googlecode.com/components/driver-component.js:9650:3)
                        	at &lt;anonymous class&gt;.DelayedCommand.prototype.executeInternal_/h(file:///C:/Users/othnvun/AppData/Local/Temp/anonymous3049790335337158708webdriver-profile/extensions/fxdriver@googlecode.com/components/command-processor.js:11635:16)
                        	at &lt;anonymous class&gt;.DelayedCommand.prototype.executeInternal_(file:///C:/Users/othnvun/AppData/Local/Temp/anonymous3049790335337158708webdriver-profile/extensions/fxdriver@googlecode.com/components/command-processor.js:11640:7)
                        	at &lt;anonymous class&gt;.DelayedCommand.prototype.execute/&lt;(file:///C:/Users/othnvun/AppData/Local/Temp/anonymous3049790335337158708webdriver-profile/extensions/fxdriver@googlecode.com/components/command-processor.js:11582:5)
                     </pre>
                  </div>
               </td>
            </tr>
            <tr id="com.maax.businessmanager.common.provision_copy_defect_Test_Provisioncopy_byClass_FAIL8_row"
                class="testMethodStatusFAIL">
               <td width="100%" class="firstMethodCell">
                  <a onclick="toggleDetailsVisibility('com.maax.businessmanager.common.provision_copy_defect_Test_Provisioncopy_byClass_FAIL8_details')">Provisioncopy({Successmess=Data Updated Successfully, LOB=Life, Username=bcchase, Result=, Runmode=Y, Benefit=Dependent Life,
                     copypagecode=DEC3025, Password=Welcome1, copypagestatus=Inforce, copypagedesc=DEC3015DESC, Browser=Firefox})
                  </a>
               </td>
               <td nowrap="true">12:03:01</td>
               <td nowrap="true" align="right">31s
                  
               </td>
               <td nowrap="true">
                  <a onclick="toggleDetailsVisibility('com.maax.businessmanager.common.provision_copy_defect_Test_Provisioncopy_byClass_FAIL8_exception')">org.openqa.selenium.NoSuchElementException: 
                     Unable to locate element: {"method":"xpath","selector":"//div[contains(@id,'connection-working') and contains(@class,'iceOutConStatActv')
                     and contains(@style,'visibility: visible')]"}
                     Command duration or timeout: 9 milliseconds
                     For documentation on this error, please visit: http://seleniumhq.org/exceptions/no_such_element.html
                     Build info: version: '2.44.0', revision: '76d78cf323ce037c5f92db6c1bba601c2ac43ad8', time: '2014-10-23 13:11:40'
                     System info: host: 'LMTN202461', ip: '167.74.108.52', os.name: 'Windows 7', os.arch: 'amd64', os.version: '6.1', java.version:
                     '1.8.0_25'
                     Driver info: org.openqa.selenium.firefox.FirefoxDriver
                     Capabilities [{applicationCacheEnabled=true, rotatable=false, handlesAlerts=true, databaseEnabled=true, version=31.4.0, platform=WINDOWS,
                     nativeEvents=true, acceptSslCerts=true, webStorageEnabled=true, locationContextEnabled=true, browserName=firefox, takesScreenshot=true,
                     javascriptEnabled=true, cssSelectorsEnabled=true}]
                     Session ID: 2ca1ed05-0706-41fe-8e81-c0627fe4730f
                     
                  </a>
                   
                  
               </td>
            </tr>
            <tr>
               <td colspan="4" class="detailsBox">
                  <div id="com.maax.businessmanager.common.provision_copy_defect_Test_Provisioncopy_byClass_FAIL8_details"
                       class="testMethodDetails">
                     <div>
                        <b>Name: </b>Provisioncopy
                     </div>
                     <div>
                        <b>Signature: </b>Provisioncopy(java.util.Hashtable)
                     </div>
                     <div>
                        <b>Parameters: </b>
                        
                        {Successmess=Data Updated Successfully, LOB=Life, Username=bcchase, Result=, Runmode=Y, Benefit=Dependent Life, copypagecode=DEC3025,
                        Password=Welcome1, copypagestatus=Inforce, copypagedesc=DEC3015DESC, Browser=Firefox}
                        
                        
                     </div>
                     <div>
                        <b>Start time: </b>12:03:01
                     </div>
                     <div>
                        <b>End time: </b>12:03:32
                     </div>
                     <div>
                        <b>Duration: </b>31s
                        
                     </div>
                  </div>
               </td>
            </tr>
            <tr>
               <td colspan="4" class="detailsBox">
                  <div id="com.maax.businessmanager.common.provision_copy_defect_Test_Provisioncopy_byClass_FAIL8_exception"
                       class="testMethodDetails">
                     <pre style="padding: 5px; margin: 0;">org.openqa.selenium.NoSuchElementException: Unable to locate element: {"method":"xpath","selector":"//div[contains(@id,'connection-working')
                        and contains(@class,'iceOutConStatActv') and contains(@style,'visibility: visible')]"}
                        Command duration or timeout: 9 milliseconds
                        For documentation on this error, please visit: http://seleniumhq.org/exceptions/no_such_element.html
                        Build info: version: '2.44.0', revision: '76d78cf323ce037c5f92db6c1bba601c2ac43ad8', time: '2014-10-23 13:11:40'
                        System info: host: 'LMTN202461', ip: '167.74.108.52', os.name: 'Windows 7', os.arch: 'amd64', os.version: '6.1', java.version:
                        '1.8.0_25'
                        Driver info: org.openqa.selenium.firefox.FirefoxDriver
                        Capabilities [{applicationCacheEnabled=true, rotatable=false, handlesAlerts=true, databaseEnabled=true, version=31.4.0, platform=WINDOWS,
                        nativeEvents=true, acceptSslCerts=true, webStorageEnabled=true, locationContextEnabled=true, browserName=firefox, takesScreenshot=true,
                        javascriptEnabled=true, cssSelectorsEnabled=true}]
                        Session ID: 2ca1ed05-0706-41fe-8e81-c0627fe4730f
                        	at sun.reflect.GeneratedConstructorAccessor31.newInstance(Unknown Source)
                        	at sun.reflect.DelegatingConstructorAccessorImpl.newInstance(DelegatingConstructorAccessorImpl.java:45)
                        	at java.lang.reflect.Constructor.newInstance(Constructor.java:408)
                        	at org.openqa.selenium.remote.ErrorHandler.createThrowable(ErrorHandler.java:204)
                        	at org.openqa.selenium.remote.ErrorHandler.throwIfResponseFailed(ErrorHandler.java:156)
                        	at org.openqa.selenium.remote.RemoteWebDriver.execute(RemoteWebDriver.java:599)
                        	at org.openqa.selenium.remote.RemoteWebDriver.findElement(RemoteWebDriver.java:352)
                        	at org.openqa.selenium.remote.RemoteWebDriver.findElementByXPath(RemoteWebDriver.java:449)
                        	at org.openqa.selenium.By$ByXPath.findElement(By.java:357)
                        	at org.openqa.selenium.remote.RemoteWebDriver.findElement(RemoteWebDriver.java:344)
                        	at com.maax.businessmanager.util.TestBase.dynamicwait(TestBase.java:249)
                        	at com.maax.businessmanager.common.provision_copy_defect_Test.Provisioncopy(provision_copy_defect_Test.java:89)
                        	at sun.reflect.NativeMethodAccessorImpl.invoke0(Native Method)
                        	at sun.reflect.NativeMethodAccessorImpl.invoke(NativeMethodAccessorImpl.java:62)
                        	at sun.reflect.DelegatingMethodAccessorImpl.invoke(DelegatingMethodAccessorImpl.java:43)
                        	at java.lang.reflect.Method.invoke(Method.java:483)
                        	at org.testng.internal.MethodInvocationHelper.invokeMethod(MethodInvocationHelper.java:80)
                        	at org.testng.internal.Invoker.invokeMethod(Invoker.java:673)
                        	at org.testng.internal.Invoker.invokeTestMethod(Invoker.java:842)
                        	at org.testng.internal.Invoker.invokeTestMethods(Invoker.java:1166)
                        	at org.testng.internal.TestMethodWorker.invokeTestMethods(TestMethodWorker.java:125)
                        	at org.testng.internal.TestMethodWorker.run(TestMethodWorker.java:109)
                        	at org.testng.TestRunner.runWorkers(TestRunner.java:1178)
                        	at org.testng.TestRunner.privateRun(TestRunner.java:757)
                        	at org.testng.TestRunner.run(TestRunner.java:608)
                        	at org.testng.SuiteRunner.runTest(SuiteRunner.java:334)
                        	at org.testng.SuiteRunner.runSequentially(SuiteRunner.java:329)
                        	at org.testng.SuiteRunner.privateRun(SuiteRunner.java:291)
                        	at org.testng.SuiteRunner.run(SuiteRunner.java:240)
                        	at org.testng.SuiteRunnerWorker.runSuite(SuiteRunnerWorker.java:52)
                        	at org.testng.SuiteRunnerWorker.run(SuiteRunnerWorker.java:86)
                        	at org.testng.TestNG.runSuitesSequentially(TestNG.java:1158)
                        	at org.testng.TestNG.runSuitesSequentially(TestNG.java:1154)
                        	at org.testng.TestNG.runSuitesLocally(TestNG.java:1083)
                        	at org.testng.TestNG.run(TestNG.java:999)
                        	at org.apache.maven.surefire.testng.TestNGExecutor.run(TestNGExecutor.java:178)
                        	at org.apache.maven.surefire.testng.TestNGXmlTestSuite.execute(TestNGXmlTestSuite.java:92)
                        	at org.apache.maven.surefire.testng.TestNGProvider.invoke(TestNGProvider.java:96)
                        	at sun.reflect.NativeMethodAccessorImpl.invoke0(Native Method)
                        	at sun.reflect.NativeMethodAccessorImpl.invoke(NativeMethodAccessorImpl.java:62)
                        	at sun.reflect.DelegatingMethodAccessorImpl.invoke(DelegatingMethodAccessorImpl.java:43)
                        	at java.lang.reflect.Method.invoke(Method.java:483)
                        	at org.apache.maven.surefire.util.ReflectionUtils.invokeMethodWithArray(ReflectionUtils.java:189)
                        	at org.apache.maven.surefire.booter.ProviderFactory$ProviderProxy.invoke(ProviderFactory.java:165)
                        	at org.apache.maven.surefire.booter.ProviderFactory.invokeProvider(ProviderFactory.java:85)
                        	at org.apache.maven.surefire.booter.ForkedBooter.runSuitesInProcess(ForkedBooter.java:115)
                        	at org.apache.maven.surefire.booter.ForkedBooter.main(ForkedBooter.java:75)
                        Caused by: org.openqa.selenium.NoSuchElementException: Unable to locate element: {"method":"xpath","selector":"//div[contains(@id,'connection-working')
                        and contains(@class,'iceOutConStatActv') and contains(@style,'visibility: visible')]"}
                        For documentation on this error, please visit: http://seleniumhq.org/exceptions/no_such_element.html
                        Build info: version: '2.44.0', revision: '76d78cf323ce037c5f92db6c1bba601c2ac43ad8', time: '2014-10-23 13:11:40'
                        System info: host: 'LMTN202461', ip: '167.74.108.52', os.name: 'Windows 7', os.arch: 'amd64', os.version: '6.1', java.version:
                        '1.8.0_25'
                        Driver info: driver.version: unknown
                        	at &lt;anonymous class&gt;.FirefoxDriver.prototype.findElementInternal_(file:///C:/Users/othnvun/AppData/Local/Temp/anonymous8767221373210260351webdriver-profile/extensions/fxdriver@googlecode.com/components/driver-component.js:9641:133)
                        	at &lt;anonymous class&gt;.FirefoxDriver.prototype.findElement(file:///C:/Users/othnvun/AppData/Local/Temp/anonymous8767221373210260351webdriver-profile/extensions/fxdriver@googlecode.com/components/driver-component.js:9650:3)
                        	at &lt;anonymous class&gt;.DelayedCommand.prototype.executeInternal_/h(file:///C:/Users/othnvun/AppData/Local/Temp/anonymous8767221373210260351webdriver-profile/extensions/fxdriver@googlecode.com/components/command-processor.js:11635:16)
                        	at &lt;anonymous class&gt;.DelayedCommand.prototype.executeInternal_(file:///C:/Users/othnvun/AppData/Local/Temp/anonymous8767221373210260351webdriver-profile/extensions/fxdriver@googlecode.com/components/command-processor.js:11640:7)
                        	at &lt;anonymous class&gt;.DelayedCommand.prototype.execute/&lt;(file:///C:/Users/othnvun/AppData/Local/Temp/anonymous8767221373210260351webdriver-profile/extensions/fxdriver@googlecode.com/components/command-processor.js:11582:5)
                     </pre>
                  </div>
               </td>
            </tr>
            <tr id="com.maax.businessmanager.common.provision_copy_defect_Test_Provisioncopy_byClass_PASS9_row"
                class="testMethodStatusPASS">
               <td width="100%" class="firstMethodCell">
                  <a onclick="toggleDetailsVisibility('com.maax.businessmanager.common.provision_copy_defect_Test_Provisioncopy_byClass_PASS9_details')">Provisioncopy({Successmess=Data Updated Successfully, LOB=Life, Username=bcchase, Result=, Runmode=Y, Benefit=Optional Child
                     Life, copypagecode=DEC3025, Password=Welcome1, copypagestatus=Inforce, copypagedesc=DEC3015DESC, Browser=Firefox})
                  </a>
               </td>
               <td nowrap="true">12:03:32</td>
               <td nowrap="true" align="right">32s
                  
               </td>
               <td nowrap="true">
                   
                  
               </td>
            </tr>
            <tr>
               <td colspan="4" class="detailsBox">
                  <div id="com.maax.businessmanager.common.provision_copy_defect_Test_Provisioncopy_byClass_PASS9_details"
                       class="testMethodDetails">
                     <div>
                        <b>Name: </b>Provisioncopy
                     </div>
                     <div>
                        <b>Signature: </b>Provisioncopy(java.util.Hashtable)
                     </div>
                     <div>
                        <b>Parameters: </b>
                        
                        {Successmess=Data Updated Successfully, LOB=Life, Username=bcchase, Result=, Runmode=Y, Benefit=Optional Child Life, copypagecode=DEC3025,
                        Password=Welcome1, copypagestatus=Inforce, copypagedesc=DEC3015DESC, Browser=Firefox}
                        
                        
                     </div>
                     <div>
                        <b>Start time: </b>12:03:32
                     </div>
                     <div>
                        <b>End time: </b>12:04:05
                     </div>
                     <div>
                        <b>Duration: </b>32s
                        
                     </div>
                  </div>
               </td>
            </tr>
            <tr></tr>
            <tr id="com.maax.businessmanager.common.provision_copy_defect_Test_Provisioncopy_byClass_FAIL10_row"
                class="testMethodStatusFAIL">
               <td width="100%" class="firstMethodCell">
                  <a onclick="toggleDetailsVisibility('com.maax.businessmanager.common.provision_copy_defect_Test_Provisioncopy_byClass_FAIL10_details')">Provisioncopy({Successmess=Data Updated Successfully, LOB=Life, Username=bcchase, Result=, Runmode=Y, Benefit=Critical Illness,
                     copypagecode=DEC3025, Password=Welcome1, copypagestatus=Inforce, copypagedesc=DEC3015DESC, Browser=Firefox})
                  </a>
               </td>
               <td nowrap="true">12:04:05</td>
               <td nowrap="true" align="right">38s
                  
               </td>
               <td nowrap="true">
                  <a onclick="toggleDetailsVisibility('com.maax.businessmanager.common.provision_copy_defect_Test_Provisioncopy_byClass_FAIL10_exception')">org.openqa.selenium.NoSuchElementException: 
                     Unable to locate element: {"method":"xpath","selector":"//div[contains(@id,'connection-working') and contains(@class,'iceOutConStatActv')
                     and contains(@style,'visibility: visible')]"}
                     Command duration or timeout: 7 milliseconds
                     For documentation on this error, please visit: http://seleniumhq.org/exceptions/no_such_element.html
                     Build info: version: '2.44.0', revision: '76d78cf323ce037c5f92db6c1bba601c2ac43ad8', time: '2014-10-23 13:11:40'
                     System info: host: 'LMTN202461', ip: '167.74.108.52', os.name: 'Windows 7', os.arch: 'amd64', os.version: '6.1', java.version:
                     '1.8.0_25'
                     Driver info: org.openqa.selenium.firefox.FirefoxDriver
                     Capabilities [{applicationCacheEnabled=true, rotatable=false, handlesAlerts=true, databaseEnabled=true, version=31.4.0, platform=WINDOWS,
                     nativeEvents=true, acceptSslCerts=true, webStorageEnabled=true, locationContextEnabled=true, browserName=firefox, takesScreenshot=true,
                     javascriptEnabled=true, cssSelectorsEnabled=true}]
                     Session ID: 5e2378dd-f87e-4206-9caf-7e26583df0d0
                     
                  </a>
                   
                  
               </td>
            </tr>
            <tr>
               <td colspan="4" class="detailsBox">
                  <div id="com.maax.businessmanager.common.provision_copy_defect_Test_Provisioncopy_byClass_FAIL10_details"
                       class="testMethodDetails">
                     <div>
                        <b>Name: </b>Provisioncopy
                     </div>
                     <div>
                        <b>Signature: </b>Provisioncopy(java.util.Hashtable)
                     </div>
                     <div>
                        <b>Parameters: </b>
                        
                        {Successmess=Data Updated Successfully, LOB=Life, Username=bcchase, Result=, Runmode=Y, Benefit=Critical Illness, copypagecode=DEC3025,
                        Password=Welcome1, copypagestatus=Inforce, copypagedesc=DEC3015DESC, Browser=Firefox}
                        
                        
                     </div>
                     <div>
                        <b>Start time: </b>12:04:05
                     </div>
                     <div>
                        <b>End time: </b>12:04:44
                     </div>
                     <div>
                        <b>Duration: </b>38s
                        
                     </div>
                  </div>
               </td>
            </tr>
            <tr>
               <td colspan="4" class="detailsBox">
                  <div id="com.maax.businessmanager.common.provision_copy_defect_Test_Provisioncopy_byClass_FAIL10_exception"
                       class="testMethodDetails">
                     <pre style="padding: 5px; margin: 0;">org.openqa.selenium.NoSuchElementException: Unable to locate element: {"method":"xpath","selector":"//div[contains(@id,'connection-working')
                        and contains(@class,'iceOutConStatActv') and contains(@style,'visibility: visible')]"}
                        Command duration or timeout: 7 milliseconds
                        For documentation on this error, please visit: http://seleniumhq.org/exceptions/no_such_element.html
                        Build info: version: '2.44.0', revision: '76d78cf323ce037c5f92db6c1bba601c2ac43ad8', time: '2014-10-23 13:11:40'
                        System info: host: 'LMTN202461', ip: '167.74.108.52', os.name: 'Windows 7', os.arch: 'amd64', os.version: '6.1', java.version:
                        '1.8.0_25'
                        Driver info: org.openqa.selenium.firefox.FirefoxDriver
                        Capabilities [{applicationCacheEnabled=true, rotatable=false, handlesAlerts=true, databaseEnabled=true, version=31.4.0, platform=WINDOWS,
                        nativeEvents=true, acceptSslCerts=true, webStorageEnabled=true, locationContextEnabled=true, browserName=firefox, takesScreenshot=true,
                        javascriptEnabled=true, cssSelectorsEnabled=true}]
                        Session ID: 5e2378dd-f87e-4206-9caf-7e26583df0d0
                        	at sun.reflect.GeneratedConstructorAccessor31.newInstance(Unknown Source)
                        	at sun.reflect.DelegatingConstructorAccessorImpl.newInstance(DelegatingConstructorAccessorImpl.java:45)
                        	at java.lang.reflect.Constructor.newInstance(Constructor.java:408)
                        	at org.openqa.selenium.remote.ErrorHandler.createThrowable(ErrorHandler.java:204)
                        	at org.openqa.selenium.remote.ErrorHandler.throwIfResponseFailed(ErrorHandler.java:156)
                        	at org.openqa.selenium.remote.RemoteWebDriver.execute(RemoteWebDriver.java:599)
                        	at org.openqa.selenium.remote.RemoteWebDriver.findElement(RemoteWebDriver.java:352)
                        	at org.openqa.selenium.remote.RemoteWebDriver.findElementByXPath(RemoteWebDriver.java:449)
                        	at org.openqa.selenium.By$ByXPath.findElement(By.java:357)
                        	at org.openqa.selenium.remote.RemoteWebDriver.findElement(RemoteWebDriver.java:344)
                        	at com.maax.businessmanager.util.TestBase.dynamicwait(TestBase.java:249)
                        	at com.maax.businessmanager.common.provision_copy_defect_Test.Provisioncopy(provision_copy_defect_Test.java:89)
                        	at sun.reflect.NativeMethodAccessorImpl.invoke0(Native Method)
                        	at sun.reflect.NativeMethodAccessorImpl.invoke(NativeMethodAccessorImpl.java:62)
                        	at sun.reflect.DelegatingMethodAccessorImpl.invoke(DelegatingMethodAccessorImpl.java:43)
                        	at java.lang.reflect.Method.invoke(Method.java:483)
                        	at org.testng.internal.MethodInvocationHelper.invokeMethod(MethodInvocationHelper.java:80)
                        	at org.testng.internal.Invoker.invokeMethod(Invoker.java:673)
                        	at org.testng.internal.Invoker.invokeTestMethod(Invoker.java:842)
                        	at org.testng.internal.Invoker.invokeTestMethods(Invoker.java:1166)
                        	at org.testng.internal.TestMethodWorker.invokeTestMethods(TestMethodWorker.java:125)
                        	at org.testng.internal.TestMethodWorker.run(TestMethodWorker.java:109)
                        	at org.testng.TestRunner.runWorkers(TestRunner.java:1178)
                        	at org.testng.TestRunner.privateRun(TestRunner.java:757)
                        	at org.testng.TestRunner.run(TestRunner.java:608)
                        	at org.testng.SuiteRunner.runTest(SuiteRunner.java:334)
                        	at org.testng.SuiteRunner.runSequentially(SuiteRunner.java:329)
                        	at org.testng.SuiteRunner.privateRun(SuiteRunner.java:291)
                        	at org.testng.SuiteRunner.run(SuiteRunner.java:240)
                        	at org.testng.SuiteRunnerWorker.runSuite(SuiteRunnerWorker.java:52)
                        	at org.testng.SuiteRunnerWorker.run(SuiteRunnerWorker.java:86)
                        	at org.testng.TestNG.runSuitesSequentially(TestNG.java:1158)
                        	at org.testng.TestNG.runSuitesSequentially(TestNG.java:1154)
                        	at org.testng.TestNG.runSuitesLocally(TestNG.java:1083)
                        	at org.testng.TestNG.run(TestNG.java:999)
                        	at org.apache.maven.surefire.testng.TestNGExecutor.run(TestNGExecutor.java:178)
                        	at org.apache.maven.surefire.testng.TestNGXmlTestSuite.execute(TestNGXmlTestSuite.java:92)
                        	at org.apache.maven.surefire.testng.TestNGProvider.invoke(TestNGProvider.java:96)
                        	at sun.reflect.NativeMethodAccessorImpl.invoke0(Native Method)
                        	at sun.reflect.NativeMethodAccessorImpl.invoke(NativeMethodAccessorImpl.java:62)
                        	at sun.reflect.DelegatingMethodAccessorImpl.invoke(DelegatingMethodAccessorImpl.java:43)
                        	at java.lang.reflect.Method.invoke(Method.java:483)
                        	at org.apache.maven.surefire.util.ReflectionUtils.invokeMethodWithArray(ReflectionUtils.java:189)
                        	at org.apache.maven.surefire.booter.ProviderFactory$ProviderProxy.invoke(ProviderFactory.java:165)
                        	at org.apache.maven.surefire.booter.ProviderFactory.invokeProvider(ProviderFactory.java:85)
                        	at org.apache.maven.surefire.booter.ForkedBooter.runSuitesInProcess(ForkedBooter.java:115)
                        	at org.apache.maven.surefire.booter.ForkedBooter.main(ForkedBooter.java:75)
                        Caused by: org.openqa.selenium.NoSuchElementException: Unable to locate element: {"method":"xpath","selector":"//div[contains(@id,'connection-working')
                        and contains(@class,'iceOutConStatActv') and contains(@style,'visibility: visible')]"}
                        For documentation on this error, please visit: http://seleniumhq.org/exceptions/no_such_element.html
                        Build info: version: '2.44.0', revision: '76d78cf323ce037c5f92db6c1bba601c2ac43ad8', time: '2014-10-23 13:11:40'
                        System info: host: 'LMTN202461', ip: '167.74.108.52', os.name: 'Windows 7', os.arch: 'amd64', os.version: '6.1', java.version:
                        '1.8.0_25'
                        Driver info: driver.version: unknown
                        	at &lt;anonymous class&gt;.FirefoxDriver.prototype.findElementInternal_(file:///C:/Users/othnvun/AppData/Local/Temp/anonymous3166982313200375990webdriver-profile/extensions/fxdriver@googlecode.com/components/driver-component.js:9641:133)
                        	at &lt;anonymous class&gt;.FirefoxDriver.prototype.findElement(file:///C:/Users/othnvun/AppData/Local/Temp/anonymous3166982313200375990webdriver-profile/extensions/fxdriver@googlecode.com/components/driver-component.js:9650:3)
                        	at &lt;anonymous class&gt;.DelayedCommand.prototype.executeInternal_/h(file:///C:/Users/othnvun/AppData/Local/Temp/anonymous3166982313200375990webdriver-profile/extensions/fxdriver@googlecode.com/components/command-processor.js:11635:16)
                        	at &lt;anonymous class&gt;.DelayedCommand.prototype.executeInternal_(file:///C:/Users/othnvun/AppData/Local/Temp/anonymous3166982313200375990webdriver-profile/extensions/fxdriver@googlecode.com/components/command-processor.js:11640:7)
                        	at &lt;anonymous class&gt;.DelayedCommand.prototype.execute/&lt;(file:///C:/Users/othnvun/AppData/Local/Temp/anonymous3166982313200375990webdriver-profile/extensions/fxdriver@googlecode.com/components/command-processor.js:11582:5)
                     </pre>
                  </div>
               </td>
            </tr>
         </table>
         <br></br>
      </div>
      <div style="margin-top: 15px; color: gray; text-align: center; font-size: 9px;">
         Generated with
         
         <a href="http://code.google.com/p/testng-xslt/" style="color: #8888aa;"
            target="_blank">
            TestNG XSLT
            
         </a>
      </div>
   </body>
</html>