<html xmlns:math="http://exslt.org/math" xmlns:testng="http://testng.org">
   <head>
      <title>TestNG XSLT Results</title>
      <meta http-equiv="content-type" content="text/html; charset=utf-8"></meta>
      <meta http-equiv="pragma" content="no-cache"></meta>
      <meta http-equiv="cache-control" content="max-age=0"></meta>
      <meta http-equiv="cache-control" content="no-cache"></meta>
      <meta http-equiv="cache-control" content="no-store"></meta>
      <LINK rel="stylesheet" href="style.css"></LINK>
      <script type="text/javascript" src="main.js"></script>
   </head>
   <body>
      <table width="100%" style="font-size: 16px; margin-bottom: 10px;" cellspacing="1">
         <tr>
            <td width="100%">
               Test case
               
               <b>Test 2</b>
            </td>
            <td style="background-color: #FFBBBB; padding: 3px 3px 3px 0;" align="center">
               <div style="width: 50px;">3</div>
            </td>
            <td style="background-color: lightgreen; padding: 3px 3px 3px 0;" align="center">
               <div style="width: 50px;">7</div>
            </td>
            <td style="background-color: #FFFFBB; padding: 3px 3px 3px 0;" align="center">
               <div style="width: 50px;">0</div>
            </td>
            <td align="center" style="background-color: #eaf0f7; padding: 3px 3px 3px 0;">
               <div style="width: 50px;">10</div>
            </td>
            <td align="center"
                style="font-weight: bold; background-color: #eaf0f7; padding: 3px 3px 3px 0;">
               <div style="width: 50px;">70%</div>
            </td>
         </tr>
      </table>
      <div style="width: 200px;">
         <label for="groupMethodsCheckBox" style="font-weight: bold; margin: 0;">
            <input id="groupMethodsCheckBox" type="checkbox" onclick="switchTestMethodsView(this)"></input>
            Group by class
            
         </label>
         <br></br>
         <label for="methodsFilter_ALL" style="font-weight: bold; margin: 0;">
            <input id="methodsFilter_ALL" type="checkbox"
                   onclick="testMethodsFilterChanged(this, 'ALL')"></input>
            All
            
         </label>
      </div>
      <label for="methodsFilter_FAIL" style="margin-left: 20px;">
         <input id="methodsFilter_FAIL" type="checkbox"
                onclick="testMethodsFilterChanged(this, 'FAIL')"
                checked=""></input>
         Failed
         
      </label>
      <label for="methodsFilter_PASS">
         <input id="methodsFilter_PASS" type="checkbox"
                onclick="testMethodsFilterChanged(this, 'PASS')"
                checked=""></input>
         Passed
         
      </label>
      <label for="methodsFilter_SKIP">
         <input id="methodsFilter_SKIP" type="checkbox"
                onclick="testMethodsFilterChanged(this, 'SKIP')"
                checked=""></input>
         Skipped
         
      </label>
      <label for="methodsFilter_CONF">
         <input id="methodsFilter_CONF" type="checkbox"
                onclick="testMethodsFilterChanged(this, 'CONF')"></input>
         Config
         
      </label>
      <br></br>
      <div id="testMethodsByStatus">
         <table class="testMethodsTable" cellpadding="0" cellspacing="0">
            <tr class="methodsTableHeader">
               <td width="100%">Name</td>
               <td nowrap="true">Started</td>
               <td nowrap="true">Duration</td>
               <td>Exception</td>
            </tr>
            <tr id="com.maax.businessmanager.common.provision_copy_defect_Test_Provisioncopy_byStatus_failed_FAIL1_row"
                class="testMethodStatusFAIL">
               <td width="100%" class="firstMethodCell">
                  <a onclick="toggleDetailsVisibility('com.maax.businessmanager.common.provision_copy_defect_Test_Provisioncopy_byStatus_failed_FAIL1_details')">Provisioncopy({Successmess=Data Updated Successfully, LOB=Income Replacement, Username=bcchase, Result=, Runmode=Y, Benefit=STD,
                     copypagecode=DEC3024, Password=Welcome1, copypagestatus=Inforce, copypagedesc=DEC3015DESC, Browser=Firefox})
                  </a>
               </td>
               <td nowrap="true">14:17:39</td>
               <td nowrap="true" align="right">29s
                  
               </td>
               <td nowrap="true">
                  <a onclick="toggleDetailsVisibility('com.maax.businessmanager.common.provision_copy_defect_Test_Provisioncopy_byStatus_failed_FAIL1_exception')">org.openqa.selenium.NoSuchElementException: 
                     Unable to locate element: {"method":"xpath","selector":"//div[contains(@id,'connection-working') and contains(@class,'iceOutConStatActv')
                     and contains(@style,'visibility: visible')]"}
                     Command duration or timeout: 10 milliseconds
                     For documentation on this error, please visit: http://seleniumhq.org/exceptions/no_such_element.html
                     Build info: version: '2.44.0', revision: '76d78cf323ce037c5f92db6c1bba601c2ac43ad8', time: '2014-10-23 13:11:40'
                     System info: host: 'LMTN202461', ip: '167.74.108.52', os.name: 'Windows 7', os.arch: 'amd64', os.version: '6.1', java.version:
                     '1.8.0_25'
                     Driver info: org.openqa.selenium.firefox.FirefoxDriver
                     Capabilities [{applicationCacheEnabled=true, rotatable=false, handlesAlerts=true, databaseEnabled=true, version=31.2.0, platform=WINDOWS,
                     nativeEvents=true, acceptSslCerts=true, webStorageEnabled=true, locationContextEnabled=true, browserName=firefox, takesScreenshot=true,
                     javascriptEnabled=true, cssSelectorsEnabled=true}]
                     Session ID: 1c172864-afc4-4907-af4c-d1fd7d6ddb37
                     
                  </a>
                   
                  
               </td>
            </tr>
            <tr>
               <td colspan="4" class="detailsBox">
                  <div id="com.maax.businessmanager.common.provision_copy_defect_Test_Provisioncopy_byStatus_failed_FAIL1_details"
                       class="testMethodDetails">
                     <div>
                        <b>Name: </b>Provisioncopy
                     </div>
                     <div>
                        <b>Signature: </b>Provisioncopy(java.util.Hashtable)
                     </div>
                     <div>
                        <b>Parameters: </b>
                        
                        {Successmess=Data Updated Successfully, LOB=Income Replacement, Username=bcchase, Result=, Runmode=Y, Benefit=STD, copypagecode=DEC3024,
                        Password=Welcome1, copypagestatus=Inforce, copypagedesc=DEC3015DESC, Browser=Firefox}
                        
                        
                     </div>
                     <div>
                        <b>Start time: </b>14:17:39
                     </div>
                     <div>
                        <b>End time: </b>14:18:09
                     </div>
                     <div>
                        <b>Duration: </b>29s
                        
                     </div>
                  </div>
               </td>
            </tr>
            <tr>
               <td colspan="4" class="detailsBox">
                  <div id="com.maax.businessmanager.common.provision_copy_defect_Test_Provisioncopy_byStatus_failed_FAIL1_exception"
                       class="testMethodDetails">
                     <pre style="padding: 5px; margin: 0;">org.openqa.selenium.NoSuchElementException: Unable to locate element: {"method":"xpath","selector":"//div[contains(@id,'connection-working')
                        and contains(@class,'iceOutConStatActv') and contains(@style,'visibility: visible')]"}
                        Command duration or timeout: 10 milliseconds
                        For documentation on this error, please visit: http://seleniumhq.org/exceptions/no_such_element.html
                        Build info: version: '2.44.0', revision: '76d78cf323ce037c5f92db6c1bba601c2ac43ad8', time: '2014-10-23 13:11:40'
                        System info: host: 'LMTN202461', ip: '167.74.108.52', os.name: 'Windows 7', os.arch: 'amd64', os.version: '6.1', java.version:
                        '1.8.0_25'
                        Driver info: org.openqa.selenium.firefox.FirefoxDriver
                        Capabilities [{applicationCacheEnabled=true, rotatable=false, handlesAlerts=true, databaseEnabled=true, version=31.2.0, platform=WINDOWS,
                        nativeEvents=true, acceptSslCerts=true, webStorageEnabled=true, locationContextEnabled=true, browserName=firefox, takesScreenshot=true,
                        javascriptEnabled=true, cssSelectorsEnabled=true}]
                        Session ID: 1c172864-afc4-4907-af4c-d1fd7d6ddb37
                        	at sun.reflect.GeneratedConstructorAccessor31.newInstance(Unknown Source)
                        	at sun.reflect.DelegatingConstructorAccessorImpl.newInstance(DelegatingConstructorAccessorImpl.java:45)
                        	at java.lang.reflect.Constructor.newInstance(Constructor.java:408)
                        	at org.openqa.selenium.remote.ErrorHandler.createThrowable(ErrorHandler.java:204)
                        	at org.openqa.selenium.remote.ErrorHandler.throwIfResponseFailed(ErrorHandler.java:156)
                        	at org.openqa.selenium.remote.RemoteWebDriver.execute(RemoteWebDriver.java:599)
                        	at org.openqa.selenium.remote.RemoteWebDriver.findElement(RemoteWebDriver.java:352)
                        	at org.openqa.selenium.remote.RemoteWebDriver.findElementByXPath(RemoteWebDriver.java:449)
                        	at org.openqa.selenium.By$ByXPath.findElement(By.java:357)
                        	at org.openqa.selenium.remote.RemoteWebDriver.findElement(RemoteWebDriver.java:344)
                        	at com.maax.businessmanager.util.TestBase.dynamicwait(TestBase.java:248)
                        	at com.maax.businessmanager.common.provision_copy_defect_Test.Provisioncopy(provision_copy_defect_Test.java:89)
                        	at sun.reflect.NativeMethodAccessorImpl.invoke0(Native Method)
                        	at sun.reflect.NativeMethodAccessorImpl.invoke(NativeMethodAccessorImpl.java:62)
                        	at sun.reflect.DelegatingMethodAccessorImpl.invoke(DelegatingMethodAccessorImpl.java:43)
                        	at java.lang.reflect.Method.invoke(Method.java:483)
                        	at org.testng.internal.MethodInvocationHelper.invokeMethod(MethodInvocationHelper.java:80)
                        	at org.testng.internal.Invoker.invokeMethod(Invoker.java:673)
                        	at org.testng.internal.Invoker.invokeTestMethod(Invoker.java:842)
                        	at org.testng.internal.Invoker.invokeTestMethods(Invoker.java:1166)
                        	at org.testng.internal.TestMethodWorker.invokeTestMethods(TestMethodWorker.java:125)
                        	at org.testng.internal.TestMethodWorker.run(TestMethodWorker.java:109)
                        	at org.testng.TestRunner.runWorkers(TestRunner.java:1178)
                        	at org.testng.TestRunner.privateRun(TestRunner.java:757)
                        	at org.testng.TestRunner.run(TestRunner.java:608)
                        	at org.testng.SuiteRunner.runTest(SuiteRunner.java:334)
                        	at org.testng.SuiteRunner.runSequentially(SuiteRunner.java:329)
                        	at org.testng.SuiteRunner.privateRun(SuiteRunner.java:291)
                        	at org.testng.SuiteRunner.run(SuiteRunner.java:240)
                        	at org.testng.SuiteRunnerWorker.runSuite(SuiteRunnerWorker.java:52)
                        	at org.testng.SuiteRunnerWorker.run(SuiteRunnerWorker.java:86)
                        	at org.testng.TestNG.runSuitesSequentially(TestNG.java:1158)
                        	at org.testng.TestNG.runSuitesSequentially(TestNG.java:1154)
                        	at org.testng.TestNG.runSuitesLocally(TestNG.java:1083)
                        	at org.testng.TestNG.run(TestNG.java:999)
                        	at org.apache.maven.surefire.testng.TestNGExecutor.run(TestNGExecutor.java:178)
                        	at org.apache.maven.surefire.testng.TestNGXmlTestSuite.execute(TestNGXmlTestSuite.java:92)
                        	at org.apache.maven.surefire.testng.TestNGProvider.invoke(TestNGProvider.java:96)
                        	at sun.reflect.NativeMethodAccessorImpl.invoke0(Native Method)
                        	at sun.reflect.NativeMethodAccessorImpl.invoke(NativeMethodAccessorImpl.java:62)
                        	at sun.reflect.DelegatingMethodAccessorImpl.invoke(DelegatingMethodAccessorImpl.java:43)
                        	at java.lang.reflect.Method.invoke(Method.java:483)
                        	at org.apache.maven.surefire.util.ReflectionUtils.invokeMethodWithArray(ReflectionUtils.java:189)
                        	at org.apache.maven.surefire.booter.ProviderFactory$ProviderProxy.invoke(ProviderFactory.java:165)
                        	at org.apache.maven.surefire.booter.ProviderFactory.invokeProvider(ProviderFactory.java:85)
                        	at org.apache.maven.surefire.booter.ForkedBooter.runSuitesInProcess(ForkedBooter.java:115)
                        	at org.apache.maven.surefire.booter.ForkedBooter.main(ForkedBooter.java:75)
                        Caused by: org.openqa.selenium.NoSuchElementException: Unable to locate element: {"method":"xpath","selector":"//div[contains(@id,'connection-working')
                        and contains(@class,'iceOutConStatActv') and contains(@style,'visibility: visible')]"}
                        For documentation on this error, please visit: http://seleniumhq.org/exceptions/no_such_element.html
                        Build info: version: '2.44.0', revision: '76d78cf323ce037c5f92db6c1bba601c2ac43ad8', time: '2014-10-23 13:11:40'
                        System info: host: 'LMTN202461', ip: '167.74.108.52', os.name: 'Windows 7', os.arch: 'amd64', os.version: '6.1', java.version:
                        '1.8.0_25'
                        Driver info: driver.version: unknown
                        	at &lt;anonymous class&gt;.FirefoxDriver.prototype.findElementInternal_(file:///C:/Users/othnvun/AppData/Local/Temp/anonymous1926278199757334052webdriver-profile/extensions/fxdriver@googlecode.com/components/driver-component.js:9641:133)
                        	at &lt;anonymous class&gt;.FirefoxDriver.prototype.findElement(file:///C:/Users/othnvun/AppData/Local/Temp/anonymous1926278199757334052webdriver-profile/extensions/fxdriver@googlecode.com/components/driver-component.js:9650:3)
                        	at &lt;anonymous class&gt;.DelayedCommand.prototype.executeInternal_/h(file:///C:/Users/othnvun/AppData/Local/Temp/anonymous1926278199757334052webdriver-profile/extensions/fxdriver@googlecode.com/components/command-processor.js:11635:16)
                        	at &lt;anonymous class&gt;.DelayedCommand.prototype.executeInternal_(file:///C:/Users/othnvun/AppData/Local/Temp/anonymous1926278199757334052webdriver-profile/extensions/fxdriver@googlecode.com/components/command-processor.js:11640:7)
                        	at &lt;anonymous class&gt;.DelayedCommand.prototype.execute/&lt;(file:///C:/Users/othnvun/AppData/Local/Temp/anonymous1926278199757334052webdriver-profile/extensions/fxdriver@googlecode.com/components/command-processor.js:11582:5)
                     </pre>
                  </div>
               </td>
            </tr>
            <tr id="com.maax.businessmanager.common.provision_copy_defect_Test_Provisioncopy_byStatus_failed_FAIL2_row"
                class="testMethodStatusFAIL">
               <td width="100%" class="firstMethodCell">
                  <a onclick="toggleDetailsVisibility('com.maax.businessmanager.common.provision_copy_defect_Test_Provisioncopy_byStatus_failed_FAIL2_details')">Provisioncopy({Successmess=Data Updated Successfully, LOB=AD&amp;D, Username=bcchase, Result=, Runmode=Y, Benefit=Optional AD&amp;D,
                     copypagecode=DEC3024, Password=Welcome1, copypagestatus=Inforce, copypagedesc=DEC3015DESC, Browser=Firefox})
                  </a>
               </td>
               <td nowrap="true">14:18:42</td>
               <td nowrap="true" align="right">29s
                  
               </td>
               <td nowrap="true">
                  <a onclick="toggleDetailsVisibility('com.maax.businessmanager.common.provision_copy_defect_Test_Provisioncopy_byStatus_failed_FAIL2_exception')">org.openqa.selenium.NoSuchElementException: 
                     Unable to locate element: {"method":"xpath","selector":"//div[contains(@id,'connection-working') and contains(@class,'iceOutConStatActv')
                     and contains(@style,'visibility: visible')]"}
                     Command duration or timeout: 8 milliseconds
                     For documentation on this error, please visit: http://seleniumhq.org/exceptions/no_such_element.html
                     Build info: version: '2.44.0', revision: '76d78cf323ce037c5f92db6c1bba601c2ac43ad8', time: '2014-10-23 13:11:40'
                     System info: host: 'LMTN202461', ip: '167.74.108.52', os.name: 'Windows 7', os.arch: 'amd64', os.version: '6.1', java.version:
                     '1.8.0_25'
                     Driver info: org.openqa.selenium.firefox.FirefoxDriver
                     Capabilities [{applicationCacheEnabled=true, rotatable=false, handlesAlerts=true, databaseEnabled=true, version=31.2.0, platform=WINDOWS,
                     nativeEvents=true, acceptSslCerts=true, webStorageEnabled=true, locationContextEnabled=true, browserName=firefox, takesScreenshot=true,
                     javascriptEnabled=true, cssSelectorsEnabled=true}]
                     Session ID: 80cd566b-1fa8-4b60-bcce-01898f1cea6c
                     
                  </a>
                   
                  
               </td>
            </tr>
            <tr>
               <td colspan="4" class="detailsBox">
                  <div id="com.maax.businessmanager.common.provision_copy_defect_Test_Provisioncopy_byStatus_failed_FAIL2_details"
                       class="testMethodDetails">
                     <div>
                        <b>Name: </b>Provisioncopy
                     </div>
                     <div>
                        <b>Signature: </b>Provisioncopy(java.util.Hashtable)
                     </div>
                     <div>
                        <b>Parameters: </b>
                        
                        {Successmess=Data Updated Successfully, LOB=AD&amp;D, Username=bcchase, Result=, Runmode=Y, Benefit=Optional AD&amp;D, copypagecode=DEC3024,
                        Password=Welcome1, copypagestatus=Inforce, copypagedesc=DEC3015DESC, Browser=Firefox}
                        
                        
                     </div>
                     <div>
                        <b>Start time: </b>14:18:42
                     </div>
                     <div>
                        <b>End time: </b>14:19:11
                     </div>
                     <div>
                        <b>Duration: </b>29s
                        
                     </div>
                  </div>
               </td>
            </tr>
            <tr>
               <td colspan="4" class="detailsBox">
                  <div id="com.maax.businessmanager.common.provision_copy_defect_Test_Provisioncopy_byStatus_failed_FAIL2_exception"
                       class="testMethodDetails">
                     <pre style="padding: 5px; margin: 0;">org.openqa.selenium.NoSuchElementException: Unable to locate element: {"method":"xpath","selector":"//div[contains(@id,'connection-working')
                        and contains(@class,'iceOutConStatActv') and contains(@style,'visibility: visible')]"}
                        Command duration or timeout: 8 milliseconds
                        For documentation on this error, please visit: http://seleniumhq.org/exceptions/no_such_element.html
                        Build info: version: '2.44.0', revision: '76d78cf323ce037c5f92db6c1bba601c2ac43ad8', time: '2014-10-23 13:11:40'
                        System info: host: 'LMTN202461', ip: '167.74.108.52', os.name: 'Windows 7', os.arch: 'amd64', os.version: '6.1', java.version:
                        '1.8.0_25'
                        Driver info: org.openqa.selenium.firefox.FirefoxDriver
                        Capabilities [{applicationCacheEnabled=true, rotatable=false, handlesAlerts=true, databaseEnabled=true, version=31.2.0, platform=WINDOWS,
                        nativeEvents=true, acceptSslCerts=true, webStorageEnabled=true, locationContextEnabled=true, browserName=firefox, takesScreenshot=true,
                        javascriptEnabled=true, cssSelectorsEnabled=true}]
                        Session ID: 80cd566b-1fa8-4b60-bcce-01898f1cea6c
                        	at sun.reflect.GeneratedConstructorAccessor31.newInstance(Unknown Source)
                        	at sun.reflect.DelegatingConstructorAccessorImpl.newInstance(DelegatingConstructorAccessorImpl.java:45)
                        	at java.lang.reflect.Constructor.newInstance(Constructor.java:408)
                        	at org.openqa.selenium.remote.ErrorHandler.createThrowable(ErrorHandler.java:204)
                        	at org.openqa.selenium.remote.ErrorHandler.throwIfResponseFailed(ErrorHandler.java:156)
                        	at org.openqa.selenium.remote.RemoteWebDriver.execute(RemoteWebDriver.java:599)
                        	at org.openqa.selenium.remote.RemoteWebDriver.findElement(RemoteWebDriver.java:352)
                        	at org.openqa.selenium.remote.RemoteWebDriver.findElementByXPath(RemoteWebDriver.java:449)
                        	at org.openqa.selenium.By$ByXPath.findElement(By.java:357)
                        	at org.openqa.selenium.remote.RemoteWebDriver.findElement(RemoteWebDriver.java:344)
                        	at com.maax.businessmanager.util.TestBase.dynamicwait(TestBase.java:248)
                        	at com.maax.businessmanager.common.provision_copy_defect_Test.Provisioncopy(provision_copy_defect_Test.java:89)
                        	at sun.reflect.NativeMethodAccessorImpl.invoke0(Native Method)
                        	at sun.reflect.NativeMethodAccessorImpl.invoke(NativeMethodAccessorImpl.java:62)
                        	at sun.reflect.DelegatingMethodAccessorImpl.invoke(DelegatingMethodAccessorImpl.java:43)
                        	at java.lang.reflect.Method.invoke(Method.java:483)
                        	at org.testng.internal.MethodInvocationHelper.invokeMethod(MethodInvocationHelper.java:80)
                        	at org.testng.internal.Invoker.invokeMethod(Invoker.java:673)
                        	at org.testng.internal.Invoker.invokeTestMethod(Invoker.java:842)
                        	at org.testng.internal.Invoker.invokeTestMethods(Invoker.java:1166)
                        	at org.testng.internal.TestMethodWorker.invokeTestMethods(TestMethodWorker.java:125)
                        	at org.testng.internal.TestMethodWorker.run(TestMethodWorker.java:109)
                        	at org.testng.TestRunner.runWorkers(TestRunner.java:1178)
                        	at org.testng.TestRunner.privateRun(TestRunner.java:757)
                        	at org.testng.TestRunner.run(TestRunner.java:608)
                        	at org.testng.SuiteRunner.runTest(SuiteRunner.java:334)
                        	at org.testng.SuiteRunner.runSequentially(SuiteRunner.java:329)
                        	at org.testng.SuiteRunner.privateRun(SuiteRunner.java:291)
                        	at org.testng.SuiteRunner.run(SuiteRunner.java:240)
                        	at org.testng.SuiteRunnerWorker.runSuite(SuiteRunnerWorker.java:52)
                        	at org.testng.SuiteRunnerWorker.run(SuiteRunnerWorker.java:86)
                        	at org.testng.TestNG.runSuitesSequentially(TestNG.java:1158)
                        	at org.testng.TestNG.runSuitesSequentially(TestNG.java:1154)
                        	at org.testng.TestNG.runSuitesLocally(TestNG.java:1083)
                        	at org.testng.TestNG.run(TestNG.java:999)
                        	at org.apache.maven.surefire.testng.TestNGExecutor.run(TestNGExecutor.java:178)
                        	at org.apache.maven.surefire.testng.TestNGXmlTestSuite.execute(TestNGXmlTestSuite.java:92)
                        	at org.apache.maven.surefire.testng.TestNGProvider.invoke(TestNGProvider.java:96)
                        	at sun.reflect.NativeMethodAccessorImpl.invoke0(Native Method)
                        	at sun.reflect.NativeMethodAccessorImpl.invoke(NativeMethodAccessorImpl.java:62)
                        	at sun.reflect.DelegatingMethodAccessorImpl.invoke(DelegatingMethodAccessorImpl.java:43)
                        	at java.lang.reflect.Method.invoke(Method.java:483)
                        	at org.apache.maven.surefire.util.ReflectionUtils.invokeMethodWithArray(ReflectionUtils.java:189)
                        	at org.apache.maven.surefire.booter.ProviderFactory$ProviderProxy.invoke(ProviderFactory.java:165)
                        	at org.apache.maven.surefire.booter.ProviderFactory.invokeProvider(ProviderFactory.java:85)
                        	at org.apache.maven.surefire.booter.ForkedBooter.runSuitesInProcess(ForkedBooter.java:115)
                        	at org.apache.maven.surefire.booter.ForkedBooter.main(ForkedBooter.java:75)
                        Caused by: org.openqa.selenium.NoSuchElementException: Unable to locate element: {"method":"xpath","selector":"//div[contains(@id,'connection-working')
                        and contains(@class,'iceOutConStatActv') and contains(@style,'visibility: visible')]"}
                        For documentation on this error, please visit: http://seleniumhq.org/exceptions/no_such_element.html
                        Build info: version: '2.44.0', revision: '76d78cf323ce037c5f92db6c1bba601c2ac43ad8', time: '2014-10-23 13:11:40'
                        System info: host: 'LMTN202461', ip: '167.74.108.52', os.name: 'Windows 7', os.arch: 'amd64', os.version: '6.1', java.version:
                        '1.8.0_25'
                        Driver info: driver.version: unknown
                        	at &lt;anonymous class&gt;.FirefoxDriver.prototype.findElementInternal_(file:///C:/Users/othnvun/AppData/Local/Temp/anonymous5759456224517786857webdriver-profile/extensions/fxdriver@googlecode.com/components/driver-component.js:9641:133)
                        	at &lt;anonymous class&gt;.FirefoxDriver.prototype.findElement(file:///C:/Users/othnvun/AppData/Local/Temp/anonymous5759456224517786857webdriver-profile/extensions/fxdriver@googlecode.com/components/driver-component.js:9650:3)
                        	at &lt;anonymous class&gt;.DelayedCommand.prototype.executeInternal_/h(file:///C:/Users/othnvun/AppData/Local/Temp/anonymous5759456224517786857webdriver-profile/extensions/fxdriver@googlecode.com/components/command-processor.js:11635:16)
                        	at &lt;anonymous class&gt;.DelayedCommand.prototype.executeInternal_(file:///C:/Users/othnvun/AppData/Local/Temp/anonymous5759456224517786857webdriver-profile/extensions/fxdriver@googlecode.com/components/command-processor.js:11640:7)
                        	at &lt;anonymous class&gt;.DelayedCommand.prototype.execute/&lt;(file:///C:/Users/othnvun/AppData/Local/Temp/anonymous5759456224517786857webdriver-profile/extensions/fxdriver@googlecode.com/components/command-processor.js:11582:5)
                     </pre>
                  </div>
               </td>
            </tr>
            <tr id="com.maax.businessmanager.common.provision_copy_defect_Test_Provisioncopy_byStatus_failed_FAIL3_row"
                class="testMethodStatusFAIL">
               <td width="100%" class="firstMethodCell">
                  <a onclick="toggleDetailsVisibility('com.maax.businessmanager.common.provision_copy_defect_Test_Provisioncopy_byStatus_failed_FAIL3_details')">Provisioncopy({Successmess=Data Updated Successfully, LOB=Life, Username=bcchase, Result=, Runmode=Y, Benefit=Optional Member
                     Life, copypagecode=DEC3024, Password=Welcome1, copypagestatus=Inforce, copypagedesc=DEC3015DESC, Browser=Firefox})
                  </a>
               </td>
               <td nowrap="true">14:19:11</td>
               <td nowrap="true" align="right">30s
                  
               </td>
               <td nowrap="true">
                  <a onclick="toggleDetailsVisibility('com.maax.businessmanager.common.provision_copy_defect_Test_Provisioncopy_byStatus_failed_FAIL3_exception')">org.openqa.selenium.NoSuchElementException: 
                     Unable to locate element: {"method":"xpath","selector":"//div[contains(@id,'connection-working') and contains(@class,'iceOutConStatActv')
                     and contains(@style,'visibility: visible')]"}
                     Command duration or timeout: 7 milliseconds
                     For documentation on this error, please visit: http://seleniumhq.org/exceptions/no_such_element.html
                     Build info: version: '2.44.0', revision: '76d78cf323ce037c5f92db6c1bba601c2ac43ad8', time: '2014-10-23 13:11:40'
                     System info: host: 'LMTN202461', ip: '167.74.108.52', os.name: 'Windows 7', os.arch: 'amd64', os.version: '6.1', java.version:
                     '1.8.0_25'
                     Driver info: org.openqa.selenium.firefox.FirefoxDriver
                     Capabilities [{applicationCacheEnabled=true, rotatable=false, handlesAlerts=true, databaseEnabled=true, version=31.2.0, platform=WINDOWS,
                     nativeEvents=true, acceptSslCerts=true, webStorageEnabled=true, locationContextEnabled=true, browserName=firefox, takesScreenshot=true,
                     javascriptEnabled=true, cssSelectorsEnabled=true}]
                     Session ID: d1e5b8cf-907a-4696-a5a5-c41caa700ece
                     
                  </a>
                   
                  
               </td>
            </tr>
            <tr>
               <td colspan="4" class="detailsBox">
                  <div id="com.maax.businessmanager.common.provision_copy_defect_Test_Provisioncopy_byStatus_failed_FAIL3_details"
                       class="testMethodDetails">
                     <div>
                        <b>Name: </b>Provisioncopy
                     </div>
                     <div>
                        <b>Signature: </b>Provisioncopy(java.util.Hashtable)
                     </div>
                     <div>
                        <b>Parameters: </b>
                        
                        {Successmess=Data Updated Successfully, LOB=Life, Username=bcchase, Result=, Runmode=Y, Benefit=Optional Member Life, copypagecode=DEC3024,
                        Password=Welcome1, copypagestatus=Inforce, copypagedesc=DEC3015DESC, Browser=Firefox}
                        
                        
                     </div>
                     <div>
                        <b>Start time: </b>14:19:11
                     </div>
                     <div>
                        <b>End time: </b>14:19:42
                     </div>
                     <div>
                        <b>Duration: </b>30s
                        
                     </div>
                  </div>
               </td>
            </tr>
            <tr>
               <td colspan="4" class="detailsBox">
                  <div id="com.maax.businessmanager.common.provision_copy_defect_Test_Provisioncopy_byStatus_failed_FAIL3_exception"
                       class="testMethodDetails">
                     <pre style="padding: 5px; margin: 0;">org.openqa.selenium.NoSuchElementException: Unable to locate element: {"method":"xpath","selector":"//div[contains(@id,'connection-working')
                        and contains(@class,'iceOutConStatActv') and contains(@style,'visibility: visible')]"}
                        Command duration or timeout: 7 milliseconds
                        For documentation on this error, please visit: http://seleniumhq.org/exceptions/no_such_element.html
                        Build info: version: '2.44.0', revision: '76d78cf323ce037c5f92db6c1bba601c2ac43ad8', time: '2014-10-23 13:11:40'
                        System info: host: 'LMTN202461', ip: '167.74.108.52', os.name: 'Windows 7', os.arch: 'amd64', os.version: '6.1', java.version:
                        '1.8.0_25'
                        Driver info: org.openqa.selenium.firefox.FirefoxDriver
                        Capabilities [{applicationCacheEnabled=true, rotatable=false, handlesAlerts=true, databaseEnabled=true, version=31.2.0, platform=WINDOWS,
                        nativeEvents=true, acceptSslCerts=true, webStorageEnabled=true, locationContextEnabled=true, browserName=firefox, takesScreenshot=true,
                        javascriptEnabled=true, cssSelectorsEnabled=true}]
                        Session ID: d1e5b8cf-907a-4696-a5a5-c41caa700ece
                        	at sun.reflect.GeneratedConstructorAccessor31.newInstance(Unknown Source)
                        	at sun.reflect.DelegatingConstructorAccessorImpl.newInstance(DelegatingConstructorAccessorImpl.java:45)
                        	at java.lang.reflect.Constructor.newInstance(Constructor.java:408)
                        	at org.openqa.selenium.remote.ErrorHandler.createThrowable(ErrorHandler.java:204)
                        	at org.openqa.selenium.remote.ErrorHandler.throwIfResponseFailed(ErrorHandler.java:156)
                        	at org.openqa.selenium.remote.RemoteWebDriver.execute(RemoteWebDriver.java:599)
                        	at org.openqa.selenium.remote.RemoteWebDriver.findElement(RemoteWebDriver.java:352)
                        	at org.openqa.selenium.remote.RemoteWebDriver.findElementByXPath(RemoteWebDriver.java:449)
                        	at org.openqa.selenium.By$ByXPath.findElement(By.java:357)
                        	at org.openqa.selenium.remote.RemoteWebDriver.findElement(RemoteWebDriver.java:344)
                        	at com.maax.businessmanager.util.TestBase.dynamicwait(TestBase.java:248)
                        	at com.maax.businessmanager.common.provision_copy_defect_Test.Provisioncopy(provision_copy_defect_Test.java:89)
                        	at sun.reflect.NativeMethodAccessorImpl.invoke0(Native Method)
                        	at sun.reflect.NativeMethodAccessorImpl.invoke(NativeMethodAccessorImpl.java:62)
                        	at sun.reflect.DelegatingMethodAccessorImpl.invoke(DelegatingMethodAccessorImpl.java:43)
                        	at java.lang.reflect.Method.invoke(Method.java:483)
                        	at org.testng.internal.MethodInvocationHelper.invokeMethod(MethodInvocationHelper.java:80)
                        	at org.testng.internal.Invoker.invokeMethod(Invoker.java:673)
                        	at org.testng.internal.Invoker.invokeTestMethod(Invoker.java:842)
                        	at org.testng.internal.Invoker.invokeTestMethods(Invoker.java:1166)
                        	at org.testng.internal.TestMethodWorker.invokeTestMethods(TestMethodWorker.java:125)
                        	at org.testng.internal.TestMethodWorker.run(TestMethodWorker.java:109)
                        	at org.testng.TestRunner.runWorkers(TestRunner.java:1178)
                        	at org.testng.TestRunner.privateRun(TestRunner.java:757)
                        	at org.testng.TestRunner.run(TestRunner.java:608)
                        	at org.testng.SuiteRunner.runTest(SuiteRunner.java:334)
                        	at org.testng.SuiteRunner.runSequentially(SuiteRunner.java:329)
                        	at org.testng.SuiteRunner.privateRun(SuiteRunner.java:291)
                        	at org.testng.SuiteRunner.run(SuiteRunner.java:240)
                        	at org.testng.SuiteRunnerWorker.runSuite(SuiteRunnerWorker.java:52)
                        	at org.testng.SuiteRunnerWorker.run(SuiteRunnerWorker.java:86)
                        	at org.testng.TestNG.runSuitesSequentially(TestNG.java:1158)
                        	at org.testng.TestNG.runSuitesSequentially(TestNG.java:1154)
                        	at org.testng.TestNG.runSuitesLocally(TestNG.java:1083)
                        	at org.testng.TestNG.run(TestNG.java:999)
                        	at org.apache.maven.surefire.testng.TestNGExecutor.run(TestNGExecutor.java:178)
                        	at org.apache.maven.surefire.testng.TestNGXmlTestSuite.execute(TestNGXmlTestSuite.java:92)
                        	at org.apache.maven.surefire.testng.TestNGProvider.invoke(TestNGProvider.java:96)
                        	at sun.reflect.NativeMethodAccessorImpl.invoke0(Native Method)
                        	at sun.reflect.NativeMethodAccessorImpl.invoke(NativeMethodAccessorImpl.java:62)
                        	at sun.reflect.DelegatingMethodAccessorImpl.invoke(DelegatingMethodAccessorImpl.java:43)
                        	at java.lang.reflect.Method.invoke(Method.java:483)
                        	at org.apache.maven.surefire.util.ReflectionUtils.invokeMethodWithArray(ReflectionUtils.java:189)
                        	at org.apache.maven.surefire.booter.ProviderFactory$ProviderProxy.invoke(ProviderFactory.java:165)
                        	at org.apache.maven.surefire.booter.ProviderFactory.invokeProvider(ProviderFactory.java:85)
                        	at org.apache.maven.surefire.booter.ForkedBooter.runSuitesInProcess(ForkedBooter.java:115)
                        	at org.apache.maven.surefire.booter.ForkedBooter.main(ForkedBooter.java:75)
                        Caused by: org.openqa.selenium.NoSuchElementException: Unable to locate element: {"method":"xpath","selector":"//div[contains(@id,'connection-working')
                        and contains(@class,'iceOutConStatActv') and contains(@style,'visibility: visible')]"}
                        For documentation on this error, please visit: http://seleniumhq.org/exceptions/no_such_element.html
                        Build info: version: '2.44.0', revision: '76d78cf323ce037c5f92db6c1bba601c2ac43ad8', time: '2014-10-23 13:11:40'
                        System info: host: 'LMTN202461', ip: '167.74.108.52', os.name: 'Windows 7', os.arch: 'amd64', os.version: '6.1', java.version:
                        '1.8.0_25'
                        Driver info: driver.version: unknown
                        	at &lt;anonymous class&gt;.FirefoxDriver.prototype.findElementInternal_(file:///C:/Users/othnvun/AppData/Local/Temp/anonymous5851109510279210777webdriver-profile/extensions/fxdriver@googlecode.com/components/driver-component.js:9641:133)
                        	at &lt;anonymous class&gt;.FirefoxDriver.prototype.findElement(file:///C:/Users/othnvun/AppData/Local/Temp/anonymous5851109510279210777webdriver-profile/extensions/fxdriver@googlecode.com/components/driver-component.js:9650:3)
                        	at &lt;anonymous class&gt;.DelayedCommand.prototype.executeInternal_/h(file:///C:/Users/othnvun/AppData/Local/Temp/anonymous5851109510279210777webdriver-profile/extensions/fxdriver@googlecode.com/components/command-processor.js:11635:16)
                        	at &lt;anonymous class&gt;.DelayedCommand.prototype.executeInternal_(file:///C:/Users/othnvun/AppData/Local/Temp/anonymous5851109510279210777webdriver-profile/extensions/fxdriver@googlecode.com/components/command-processor.js:11640:7)
                        	at &lt;anonymous class&gt;.DelayedCommand.prototype.execute/&lt;(file:///C:/Users/othnvun/AppData/Local/Temp/anonymous5851109510279210777webdriver-profile/extensions/fxdriver@googlecode.com/components/command-processor.js:11582:5)
                     </pre>
                  </div>
               </td>
            </tr>
            <tr id="com.maax.businessmanager.common.provision_copy_defect_Test_Provisioncopy_byStatus_passed_PASS1_row"
                class="testMethodStatusPASS">
               <td width="100%" class="firstMethodCell">
                  <a onclick="toggleDetailsVisibility('com.maax.businessmanager.common.provision_copy_defect_Test_Provisioncopy_byStatus_passed_PASS1_details')">Provisioncopy({Successmess=Data Updated Successfully, LOB=Life, Username=bcchase, Result=, Runmode=Y, Benefit=Member Life,
                     copypagecode=DEC3024, Password=Welcome1, copypagestatus=Inforce, copypagedesc=DEC3015DESC, Browser=Firefox})
                  </a>
               </td>
               <td nowrap="true">14:16:32</td>
               <td nowrap="true" align="right">34s
                  
               </td>
               <td nowrap="true">
                   
                  
               </td>
            </tr>
            <tr>
               <td colspan="4" class="detailsBox">
                  <div id="com.maax.businessmanager.common.provision_copy_defect_Test_Provisioncopy_byStatus_passed_PASS1_details"
                       class="testMethodDetails">
                     <div>
                        <b>Name: </b>Provisioncopy
                     </div>
                     <div>
                        <b>Signature: </b>Provisioncopy(java.util.Hashtable)
                     </div>
                     <div>
                        <b>Parameters: </b>
                        
                        {Successmess=Data Updated Successfully, LOB=Life, Username=bcchase, Result=, Runmode=Y, Benefit=Member Life, copypagecode=DEC3024,
                        Password=Welcome1, copypagestatus=Inforce, copypagedesc=DEC3015DESC, Browser=Firefox}
                        
                        
                     </div>
                     <div>
                        <b>Start time: </b>14:16:32
                     </div>
                     <div>
                        <b>End time: </b>14:17:07
                     </div>
                     <div>
                        <b>Duration: </b>34s
                        
                     </div>
                  </div>
               </td>
            </tr>
            <tr></tr>
            <tr id="com.maax.businessmanager.common.provision_copy_defect_Test_Provisioncopy_byStatus_passed_PASS2_row"
                class="testMethodStatusPASS">
               <td width="100%" class="firstMethodCell">
                  <a onclick="toggleDetailsVisibility('com.maax.businessmanager.common.provision_copy_defect_Test_Provisioncopy_byStatus_passed_PASS2_details')">Provisioncopy({Successmess=Data Updated Successfully, LOB=AD&amp;D, Username=bcchase, Result=, Runmode=Y, Benefit=Member AD&amp;D,
                     copypagecode=DEC3024, Password=Welcome1, copypagestatus=Inforce, copypagedesc=DEC3015DESC, Browser=Firefox})
                  </a>
               </td>
               <td nowrap="true">14:17:07</td>
               <td nowrap="true" align="right">32s
                  
               </td>
               <td nowrap="true">
                   
                  
               </td>
            </tr>
            <tr>
               <td colspan="4" class="detailsBox">
                  <div id="com.maax.businessmanager.common.provision_copy_defect_Test_Provisioncopy_byStatus_passed_PASS2_details"
                       class="testMethodDetails">
                     <div>
                        <b>Name: </b>Provisioncopy
                     </div>
                     <div>
                        <b>Signature: </b>Provisioncopy(java.util.Hashtable)
                     </div>
                     <div>
                        <b>Parameters: </b>
                        
                        {Successmess=Data Updated Successfully, LOB=AD&amp;D, Username=bcchase, Result=, Runmode=Y, Benefit=Member AD&amp;D, copypagecode=DEC3024,
                        Password=Welcome1, copypagestatus=Inforce, copypagedesc=DEC3015DESC, Browser=Firefox}
                        
                        
                     </div>
                     <div>
                        <b>Start time: </b>14:17:07
                     </div>
                     <div>
                        <b>End time: </b>14:17:39
                     </div>
                     <div>
                        <b>Duration: </b>32s
                        
                     </div>
                  </div>
               </td>
            </tr>
            <tr></tr>
            <tr id="com.maax.businessmanager.common.provision_copy_defect_Test_Provisioncopy_byStatus_passed_PASS3_row"
                class="testMethodStatusPASS">
               <td width="100%" class="firstMethodCell">
                  <a onclick="toggleDetailsVisibility('com.maax.businessmanager.common.provision_copy_defect_Test_Provisioncopy_byStatus_passed_PASS3_details')">Provisioncopy({Successmess=Data Updated Successfully, LOB=Income Replacement, Username=bcchase, Result=, Runmode=Y, Benefit=LTD,
                     copypagecode=DEC3024, Password=Welcome1, copypagestatus=Inforce, copypagedesc=DEC3015DESC, Browser=Firefox})
                  </a>
               </td>
               <td nowrap="true">14:18:09</td>
               <td nowrap="true" align="right">32s
                  
               </td>
               <td nowrap="true">
                   
                  
               </td>
            </tr>
            <tr>
               <td colspan="4" class="detailsBox">
                  <div id="com.maax.businessmanager.common.provision_copy_defect_Test_Provisioncopy_byStatus_passed_PASS3_details"
                       class="testMethodDetails">
                     <div>
                        <b>Name: </b>Provisioncopy
                     </div>
                     <div>
                        <b>Signature: </b>Provisioncopy(java.util.Hashtable)
                     </div>
                     <div>
                        <b>Parameters: </b>
                        
                        {Successmess=Data Updated Successfully, LOB=Income Replacement, Username=bcchase, Result=, Runmode=Y, Benefit=LTD, copypagecode=DEC3024,
                        Password=Welcome1, copypagestatus=Inforce, copypagedesc=DEC3015DESC, Browser=Firefox}
                        
                        
                     </div>
                     <div>
                        <b>Start time: </b>14:18:09
                     </div>
                     <div>
                        <b>End time: </b>14:18:42
                     </div>
                     <div>
                        <b>Duration: </b>32s
                        
                     </div>
                  </div>
               </td>
            </tr>
            <tr></tr>
            <tr id="com.maax.businessmanager.common.provision_copy_defect_Test_Provisioncopy_byStatus_passed_PASS4_row"
                class="testMethodStatusPASS">
               <td width="100%" class="firstMethodCell">
                  <a onclick="toggleDetailsVisibility('com.maax.businessmanager.common.provision_copy_defect_Test_Provisioncopy_byStatus_passed_PASS4_details')">Provisioncopy({Successmess=Data Updated Successfully, LOB=Life, Username=bcchase, Result=, Runmode=Y, Benefit=Opt Spousal
                     Life, copypagecode=DEC3024, Password=Welcome1, copypagestatus=Inforce, copypagedesc=DEC3015DESC, Browser=Firefox})
                  </a>
               </td>
               <td nowrap="true">14:19:42</td>
               <td nowrap="true" align="right">31s
                  
               </td>
               <td nowrap="true">
                   
                  
               </td>
            </tr>
            <tr>
               <td colspan="4" class="detailsBox">
                  <div id="com.maax.businessmanager.common.provision_copy_defect_Test_Provisioncopy_byStatus_passed_PASS4_details"
                       class="testMethodDetails">
                     <div>
                        <b>Name: </b>Provisioncopy
                     </div>
                     <div>
                        <b>Signature: </b>Provisioncopy(java.util.Hashtable)
                     </div>
                     <div>
                        <b>Parameters: </b>
                        
                        {Successmess=Data Updated Successfully, LOB=Life, Username=bcchase, Result=, Runmode=Y, Benefit=Opt Spousal Life, copypagecode=DEC3024,
                        Password=Welcome1, copypagestatus=Inforce, copypagedesc=DEC3015DESC, Browser=Firefox}
                        
                        
                     </div>
                     <div>
                        <b>Start time: </b>14:19:42
                     </div>
                     <div>
                        <b>End time: </b>14:20:14
                     </div>
                     <div>
                        <b>Duration: </b>31s
                        
                     </div>
                  </div>
               </td>
            </tr>
            <tr></tr>
            <tr id="com.maax.businessmanager.common.provision_copy_defect_Test_Provisioncopy_byStatus_passed_PASS5_row"
                class="testMethodStatusPASS">
               <td width="100%" class="firstMethodCell">
                  <a onclick="toggleDetailsVisibility('com.maax.businessmanager.common.provision_copy_defect_Test_Provisioncopy_byStatus_passed_PASS5_details')">Provisioncopy({Successmess=Data Updated Successfully, LOB=Life, Username=bcchase, Result=, Runmode=Y, Benefit=Dependent Life,
                     copypagecode=DEC3024, Password=Welcome1, copypagestatus=Inforce, copypagedesc=DEC3015DESC, Browser=Firefox})
                  </a>
               </td>
               <td nowrap="true">14:20:14</td>
               <td nowrap="true" align="right">31s
                  
               </td>
               <td nowrap="true">
                   
                  
               </td>
            </tr>
            <tr>
               <td colspan="4" class="detailsBox">
                  <div id="com.maax.businessmanager.common.provision_copy_defect_Test_Provisioncopy_byStatus_passed_PASS5_details"
                       class="testMethodDetails">
                     <div>
                        <b>Name: </b>Provisioncopy
                     </div>
                     <div>
                        <b>Signature: </b>Provisioncopy(java.util.Hashtable)
                     </div>
                     <div>
                        <b>Parameters: </b>
                        
                        {Successmess=Data Updated Successfully, LOB=Life, Username=bcchase, Result=, Runmode=Y, Benefit=Dependent Life, copypagecode=DEC3024,
                        Password=Welcome1, copypagestatus=Inforce, copypagedesc=DEC3015DESC, Browser=Firefox}
                        
                        
                     </div>
                     <div>
                        <b>Start time: </b>14:20:14
                     </div>
                     <div>
                        <b>End time: </b>14:20:45
                     </div>
                     <div>
                        <b>Duration: </b>31s
                        
                     </div>
                  </div>
               </td>
            </tr>
            <tr></tr>
            <tr id="com.maax.businessmanager.common.provision_copy_defect_Test_Provisioncopy_byStatus_passed_PASS6_row"
                class="testMethodStatusPASS">
               <td width="100%" class="firstMethodCell">
                  <a onclick="toggleDetailsVisibility('com.maax.businessmanager.common.provision_copy_defect_Test_Provisioncopy_byStatus_passed_PASS6_details')">Provisioncopy({Successmess=Data Updated Successfully, LOB=Life, Username=bcchase, Result=, Runmode=Y, Benefit=Optional Child
                     Life, copypagecode=DEC3024, Password=Welcome1, copypagestatus=Inforce, copypagedesc=DEC3015DESC, Browser=Firefox})
                  </a>
               </td>
               <td nowrap="true">14:20:45</td>
               <td nowrap="true" align="right">31s
                  
               </td>
               <td nowrap="true">
                   
                  
               </td>
            </tr>
            <tr>
               <td colspan="4" class="detailsBox">
                  <div id="com.maax.businessmanager.common.provision_copy_defect_Test_Provisioncopy_byStatus_passed_PASS6_details"
                       class="testMethodDetails">
                     <div>
                        <b>Name: </b>Provisioncopy
                     </div>
                     <div>
                        <b>Signature: </b>Provisioncopy(java.util.Hashtable)
                     </div>
                     <div>
                        <b>Parameters: </b>
                        
                        {Successmess=Data Updated Successfully, LOB=Life, Username=bcchase, Result=, Runmode=Y, Benefit=Optional Child Life, copypagecode=DEC3024,
                        Password=Welcome1, copypagestatus=Inforce, copypagedesc=DEC3015DESC, Browser=Firefox}
                        
                        
                     </div>
                     <div>
                        <b>Start time: </b>14:20:45
                     </div>
                     <div>
                        <b>End time: </b>14:21:17
                     </div>
                     <div>
                        <b>Duration: </b>31s
                        
                     </div>
                  </div>
               </td>
            </tr>
            <tr></tr>
            <tr id="com.maax.businessmanager.common.provision_copy_defect_Test_Provisioncopy_byStatus_passed_PASS7_row"
                class="testMethodStatusPASS">
               <td width="100%" class="firstMethodCell">
                  <a onclick="toggleDetailsVisibility('com.maax.businessmanager.common.provision_copy_defect_Test_Provisioncopy_byStatus_passed_PASS7_details')">Provisioncopy({Successmess=Data Updated Successfully, LOB=Life, Username=bcchase, Result=, Runmode=Y, Benefit=Critical Illness,
                     copypagecode=DEC3024, Password=Welcome1, copypagestatus=Inforce, copypagedesc=DEC3015DESC, Browser=Firefox})
                  </a>
               </td>
               <td nowrap="true">14:21:17</td>
               <td nowrap="true" align="right">31s
                  
               </td>
               <td nowrap="true">
                   
                  
               </td>
            </tr>
            <tr>
               <td colspan="4" class="detailsBox">
                  <div id="com.maax.businessmanager.common.provision_copy_defect_Test_Provisioncopy_byStatus_passed_PASS7_details"
                       class="testMethodDetails">
                     <div>
                        <b>Name: </b>Provisioncopy
                     </div>
                     <div>
                        <b>Signature: </b>Provisioncopy(java.util.Hashtable)
                     </div>
                     <div>
                        <b>Parameters: </b>
                        
                        {Successmess=Data Updated Successfully, LOB=Life, Username=bcchase, Result=, Runmode=Y, Benefit=Critical Illness, copypagecode=DEC3024,
                        Password=Welcome1, copypagestatus=Inforce, copypagedesc=DEC3015DESC, Browser=Firefox}
                        
                        
                     </div>
                     <div>
                        <b>Start time: </b>14:21:17
                     </div>
                     <div>
                        <b>End time: </b>14:21:48
                     </div>
                     <div>
                        <b>Duration: </b>31s
                        
                     </div>
                  </div>
               </td>
            </tr>
            <tr></tr>
         </table>
      </div>
      <div id="testMethodsByClass" style="display: none;">
         <table class="testMethodsTable" cellpadding="0" cellspacing="0">
            <tr>
               <td colspan="4">
                  <h3 style="display: inline;">com.maax.businessmanager.common.provision_copy_defect_Test</h3>
               </td>
            </tr>
            <tr class="methodsTableHeader">
               <td width="100%">Name</td>
               <td nowrap="true">Started</td>
               <td nowrap="true">Duration</td>
               <td>Exception</td>
            </tr>
            <tr id="com.maax.businessmanager.common.provision_copy_defect_Test_Provisioncopy_byClass_PASS1_row"
                class="testMethodStatusPASS">
               <td width="100%" class="firstMethodCell">
                  <a onclick="toggleDetailsVisibility('com.maax.businessmanager.common.provision_copy_defect_Test_Provisioncopy_byClass_PASS1_details')">Provisioncopy({Successmess=Data Updated Successfully, LOB=Life, Username=bcchase, Result=, Runmode=Y, Benefit=Member Life,
                     copypagecode=DEC3024, Password=Welcome1, copypagestatus=Inforce, copypagedesc=DEC3015DESC, Browser=Firefox})
                  </a>
               </td>
               <td nowrap="true">14:16:32</td>
               <td nowrap="true" align="right">34s
                  
               </td>
               <td nowrap="true">
                   
                  
               </td>
            </tr>
            <tr>
               <td colspan="4" class="detailsBox">
                  <div id="com.maax.businessmanager.common.provision_copy_defect_Test_Provisioncopy_byClass_PASS1_details"
                       class="testMethodDetails">
                     <div>
                        <b>Name: </b>Provisioncopy
                     </div>
                     <div>
                        <b>Signature: </b>Provisioncopy(java.util.Hashtable)
                     </div>
                     <div>
                        <b>Parameters: </b>
                        
                        {Successmess=Data Updated Successfully, LOB=Life, Username=bcchase, Result=, Runmode=Y, Benefit=Member Life, copypagecode=DEC3024,
                        Password=Welcome1, copypagestatus=Inforce, copypagedesc=DEC3015DESC, Browser=Firefox}
                        
                        
                     </div>
                     <div>
                        <b>Start time: </b>14:16:32
                     </div>
                     <div>
                        <b>End time: </b>14:17:07
                     </div>
                     <div>
                        <b>Duration: </b>34s
                        
                     </div>
                  </div>
               </td>
            </tr>
            <tr></tr>
            <tr id="com.maax.businessmanager.common.provision_copy_defect_Test_Provisioncopy_byClass_PASS2_row"
                class="testMethodStatusPASS">
               <td width="100%" class="firstMethodCell">
                  <a onclick="toggleDetailsVisibility('com.maax.businessmanager.common.provision_copy_defect_Test_Provisioncopy_byClass_PASS2_details')">Provisioncopy({Successmess=Data Updated Successfully, LOB=AD&amp;D, Username=bcchase, Result=, Runmode=Y, Benefit=Member AD&amp;D,
                     copypagecode=DEC3024, Password=Welcome1, copypagestatus=Inforce, copypagedesc=DEC3015DESC, Browser=Firefox})
                  </a>
               </td>
               <td nowrap="true">14:17:07</td>
               <td nowrap="true" align="right">32s
                  
               </td>
               <td nowrap="true">
                   
                  
               </td>
            </tr>
            <tr>
               <td colspan="4" class="detailsBox">
                  <div id="com.maax.businessmanager.common.provision_copy_defect_Test_Provisioncopy_byClass_PASS2_details"
                       class="testMethodDetails">
                     <div>
                        <b>Name: </b>Provisioncopy
                     </div>
                     <div>
                        <b>Signature: </b>Provisioncopy(java.util.Hashtable)
                     </div>
                     <div>
                        <b>Parameters: </b>
                        
                        {Successmess=Data Updated Successfully, LOB=AD&amp;D, Username=bcchase, Result=, Runmode=Y, Benefit=Member AD&amp;D, copypagecode=DEC3024,
                        Password=Welcome1, copypagestatus=Inforce, copypagedesc=DEC3015DESC, Browser=Firefox}
                        
                        
                     </div>
                     <div>
                        <b>Start time: </b>14:17:07
                     </div>
                     <div>
                        <b>End time: </b>14:17:39
                     </div>
                     <div>
                        <b>Duration: </b>32s
                        
                     </div>
                  </div>
               </td>
            </tr>
            <tr></tr>
            <tr id="com.maax.businessmanager.common.provision_copy_defect_Test_Provisioncopy_byClass_FAIL3_row"
                class="testMethodStatusFAIL">
               <td width="100%" class="firstMethodCell">
                  <a onclick="toggleDetailsVisibility('com.maax.businessmanager.common.provision_copy_defect_Test_Provisioncopy_byClass_FAIL3_details')">Provisioncopy({Successmess=Data Updated Successfully, LOB=Income Replacement, Username=bcchase, Result=, Runmode=Y, Benefit=STD,
                     copypagecode=DEC3024, Password=Welcome1, copypagestatus=Inforce, copypagedesc=DEC3015DESC, Browser=Firefox})
                  </a>
               </td>
               <td nowrap="true">14:17:39</td>
               <td nowrap="true" align="right">29s
                  
               </td>
               <td nowrap="true">
                  <a onclick="toggleDetailsVisibility('com.maax.businessmanager.common.provision_copy_defect_Test_Provisioncopy_byClass_FAIL3_exception')">org.openqa.selenium.NoSuchElementException: 
                     Unable to locate element: {"method":"xpath","selector":"//div[contains(@id,'connection-working') and contains(@class,'iceOutConStatActv')
                     and contains(@style,'visibility: visible')]"}
                     Command duration or timeout: 10 milliseconds
                     For documentation on this error, please visit: http://seleniumhq.org/exceptions/no_such_element.html
                     Build info: version: '2.44.0', revision: '76d78cf323ce037c5f92db6c1bba601c2ac43ad8', time: '2014-10-23 13:11:40'
                     System info: host: 'LMTN202461', ip: '167.74.108.52', os.name: 'Windows 7', os.arch: 'amd64', os.version: '6.1', java.version:
                     '1.8.0_25'
                     Driver info: org.openqa.selenium.firefox.FirefoxDriver
                     Capabilities [{applicationCacheEnabled=true, rotatable=false, handlesAlerts=true, databaseEnabled=true, version=31.2.0, platform=WINDOWS,
                     nativeEvents=true, acceptSslCerts=true, webStorageEnabled=true, locationContextEnabled=true, browserName=firefox, takesScreenshot=true,
                     javascriptEnabled=true, cssSelectorsEnabled=true}]
                     Session ID: 1c172864-afc4-4907-af4c-d1fd7d6ddb37
                     
                  </a>
                   
                  
               </td>
            </tr>
            <tr>
               <td colspan="4" class="detailsBox">
                  <div id="com.maax.businessmanager.common.provision_copy_defect_Test_Provisioncopy_byClass_FAIL3_details"
                       class="testMethodDetails">
                     <div>
                        <b>Name: </b>Provisioncopy
                     </div>
                     <div>
                        <b>Signature: </b>Provisioncopy(java.util.Hashtable)
                     </div>
                     <div>
                        <b>Parameters: </b>
                        
                        {Successmess=Data Updated Successfully, LOB=Income Replacement, Username=bcchase, Result=, Runmode=Y, Benefit=STD, copypagecode=DEC3024,
                        Password=Welcome1, copypagestatus=Inforce, copypagedesc=DEC3015DESC, Browser=Firefox}
                        
                        
                     </div>
                     <div>
                        <b>Start time: </b>14:17:39
                     </div>
                     <div>
                        <b>End time: </b>14:18:09
                     </div>
                     <div>
                        <b>Duration: </b>29s
                        
                     </div>
                  </div>
               </td>
            </tr>
            <tr>
               <td colspan="4" class="detailsBox">
                  <div id="com.maax.businessmanager.common.provision_copy_defect_Test_Provisioncopy_byClass_FAIL3_exception"
                       class="testMethodDetails">
                     <pre style="padding: 5px; margin: 0;">org.openqa.selenium.NoSuchElementException: Unable to locate element: {"method":"xpath","selector":"//div[contains(@id,'connection-working')
                        and contains(@class,'iceOutConStatActv') and contains(@style,'visibility: visible')]"}
                        Command duration or timeout: 10 milliseconds
                        For documentation on this error, please visit: http://seleniumhq.org/exceptions/no_such_element.html
                        Build info: version: '2.44.0', revision: '76d78cf323ce037c5f92db6c1bba601c2ac43ad8', time: '2014-10-23 13:11:40'
                        System info: host: 'LMTN202461', ip: '167.74.108.52', os.name: 'Windows 7', os.arch: 'amd64', os.version: '6.1', java.version:
                        '1.8.0_25'
                        Driver info: org.openqa.selenium.firefox.FirefoxDriver
                        Capabilities [{applicationCacheEnabled=true, rotatable=false, handlesAlerts=true, databaseEnabled=true, version=31.2.0, platform=WINDOWS,
                        nativeEvents=true, acceptSslCerts=true, webStorageEnabled=true, locationContextEnabled=true, browserName=firefox, takesScreenshot=true,
                        javascriptEnabled=true, cssSelectorsEnabled=true}]
                        Session ID: 1c172864-afc4-4907-af4c-d1fd7d6ddb37
                        	at sun.reflect.GeneratedConstructorAccessor31.newInstance(Unknown Source)
                        	at sun.reflect.DelegatingConstructorAccessorImpl.newInstance(DelegatingConstructorAccessorImpl.java:45)
                        	at java.lang.reflect.Constructor.newInstance(Constructor.java:408)
                        	at org.openqa.selenium.remote.ErrorHandler.createThrowable(ErrorHandler.java:204)
                        	at org.openqa.selenium.remote.ErrorHandler.throwIfResponseFailed(ErrorHandler.java:156)
                        	at org.openqa.selenium.remote.RemoteWebDriver.execute(RemoteWebDriver.java:599)
                        	at org.openqa.selenium.remote.RemoteWebDriver.findElement(RemoteWebDriver.java:352)
                        	at org.openqa.selenium.remote.RemoteWebDriver.findElementByXPath(RemoteWebDriver.java:449)
                        	at org.openqa.selenium.By$ByXPath.findElement(By.java:357)
                        	at org.openqa.selenium.remote.RemoteWebDriver.findElement(RemoteWebDriver.java:344)
                        	at com.maax.businessmanager.util.TestBase.dynamicwait(TestBase.java:248)
                        	at com.maax.businessmanager.common.provision_copy_defect_Test.Provisioncopy(provision_copy_defect_Test.java:89)
                        	at sun.reflect.NativeMethodAccessorImpl.invoke0(Native Method)
                        	at sun.reflect.NativeMethodAccessorImpl.invoke(NativeMethodAccessorImpl.java:62)
                        	at sun.reflect.DelegatingMethodAccessorImpl.invoke(DelegatingMethodAccessorImpl.java:43)
                        	at java.lang.reflect.Method.invoke(Method.java:483)
                        	at org.testng.internal.MethodInvocationHelper.invokeMethod(MethodInvocationHelper.java:80)
                        	at org.testng.internal.Invoker.invokeMethod(Invoker.java:673)
                        	at org.testng.internal.Invoker.invokeTestMethod(Invoker.java:842)
                        	at org.testng.internal.Invoker.invokeTestMethods(Invoker.java:1166)
                        	at org.testng.internal.TestMethodWorker.invokeTestMethods(TestMethodWorker.java:125)
                        	at org.testng.internal.TestMethodWorker.run(TestMethodWorker.java:109)
                        	at org.testng.TestRunner.runWorkers(TestRunner.java:1178)
                        	at org.testng.TestRunner.privateRun(TestRunner.java:757)
                        	at org.testng.TestRunner.run(TestRunner.java:608)
                        	at org.testng.SuiteRunner.runTest(SuiteRunner.java:334)
                        	at org.testng.SuiteRunner.runSequentially(SuiteRunner.java:329)
                        	at org.testng.SuiteRunner.privateRun(SuiteRunner.java:291)
                        	at org.testng.SuiteRunner.run(SuiteRunner.java:240)
                        	at org.testng.SuiteRunnerWorker.runSuite(SuiteRunnerWorker.java:52)
                        	at org.testng.SuiteRunnerWorker.run(SuiteRunnerWorker.java:86)
                        	at org.testng.TestNG.runSuitesSequentially(TestNG.java:1158)
                        	at org.testng.TestNG.runSuitesSequentially(TestNG.java:1154)
                        	at org.testng.TestNG.runSuitesLocally(TestNG.java:1083)
                        	at org.testng.TestNG.run(TestNG.java:999)
                        	at org.apache.maven.surefire.testng.TestNGExecutor.run(TestNGExecutor.java:178)
                        	at org.apache.maven.surefire.testng.TestNGXmlTestSuite.execute(TestNGXmlTestSuite.java:92)
                        	at org.apache.maven.surefire.testng.TestNGProvider.invoke(TestNGProvider.java:96)
                        	at sun.reflect.NativeMethodAccessorImpl.invoke0(Native Method)
                        	at sun.reflect.NativeMethodAccessorImpl.invoke(NativeMethodAccessorImpl.java:62)
                        	at sun.reflect.DelegatingMethodAccessorImpl.invoke(DelegatingMethodAccessorImpl.java:43)
                        	at java.lang.reflect.Method.invoke(Method.java:483)
                        	at org.apache.maven.surefire.util.ReflectionUtils.invokeMethodWithArray(ReflectionUtils.java:189)
                        	at org.apache.maven.surefire.booter.ProviderFactory$ProviderProxy.invoke(ProviderFactory.java:165)
                        	at org.apache.maven.surefire.booter.ProviderFactory.invokeProvider(ProviderFactory.java:85)
                        	at org.apache.maven.surefire.booter.ForkedBooter.runSuitesInProcess(ForkedBooter.java:115)
                        	at org.apache.maven.surefire.booter.ForkedBooter.main(ForkedBooter.java:75)
                        Caused by: org.openqa.selenium.NoSuchElementException: Unable to locate element: {"method":"xpath","selector":"//div[contains(@id,'connection-working')
                        and contains(@class,'iceOutConStatActv') and contains(@style,'visibility: visible')]"}
                        For documentation on this error, please visit: http://seleniumhq.org/exceptions/no_such_element.html
                        Build info: version: '2.44.0', revision: '76d78cf323ce037c5f92db6c1bba601c2ac43ad8', time: '2014-10-23 13:11:40'
                        System info: host: 'LMTN202461', ip: '167.74.108.52', os.name: 'Windows 7', os.arch: 'amd64', os.version: '6.1', java.version:
                        '1.8.0_25'
                        Driver info: driver.version: unknown
                        	at &lt;anonymous class&gt;.FirefoxDriver.prototype.findElementInternal_(file:///C:/Users/othnvun/AppData/Local/Temp/anonymous1926278199757334052webdriver-profile/extensions/fxdriver@googlecode.com/components/driver-component.js:9641:133)
                        	at &lt;anonymous class&gt;.FirefoxDriver.prototype.findElement(file:///C:/Users/othnvun/AppData/Local/Temp/anonymous1926278199757334052webdriver-profile/extensions/fxdriver@googlecode.com/components/driver-component.js:9650:3)
                        	at &lt;anonymous class&gt;.DelayedCommand.prototype.executeInternal_/h(file:///C:/Users/othnvun/AppData/Local/Temp/anonymous1926278199757334052webdriver-profile/extensions/fxdriver@googlecode.com/components/command-processor.js:11635:16)
                        	at &lt;anonymous class&gt;.DelayedCommand.prototype.executeInternal_(file:///C:/Users/othnvun/AppData/Local/Temp/anonymous1926278199757334052webdriver-profile/extensions/fxdriver@googlecode.com/components/command-processor.js:11640:7)
                        	at &lt;anonymous class&gt;.DelayedCommand.prototype.execute/&lt;(file:///C:/Users/othnvun/AppData/Local/Temp/anonymous1926278199757334052webdriver-profile/extensions/fxdriver@googlecode.com/components/command-processor.js:11582:5)
                     </pre>
                  </div>
               </td>
            </tr>
            <tr id="com.maax.businessmanager.common.provision_copy_defect_Test_Provisioncopy_byClass_PASS4_row"
                class="testMethodStatusPASS">
               <td width="100%" class="firstMethodCell">
                  <a onclick="toggleDetailsVisibility('com.maax.businessmanager.common.provision_copy_defect_Test_Provisioncopy_byClass_PASS4_details')">Provisioncopy({Successmess=Data Updated Successfully, LOB=Income Replacement, Username=bcchase, Result=, Runmode=Y, Benefit=LTD,
                     copypagecode=DEC3024, Password=Welcome1, copypagestatus=Inforce, copypagedesc=DEC3015DESC, Browser=Firefox})
                  </a>
               </td>
               <td nowrap="true">14:18:09</td>
               <td nowrap="true" align="right">32s
                  
               </td>
               <td nowrap="true">
                   
                  
               </td>
            </tr>
            <tr>
               <td colspan="4" class="detailsBox">
                  <div id="com.maax.businessmanager.common.provision_copy_defect_Test_Provisioncopy_byClass_PASS4_details"
                       class="testMethodDetails">
                     <div>
                        <b>Name: </b>Provisioncopy
                     </div>
                     <div>
                        <b>Signature: </b>Provisioncopy(java.util.Hashtable)
                     </div>
                     <div>
                        <b>Parameters: </b>
                        
                        {Successmess=Data Updated Successfully, LOB=Income Replacement, Username=bcchase, Result=, Runmode=Y, Benefit=LTD, copypagecode=DEC3024,
                        Password=Welcome1, copypagestatus=Inforce, copypagedesc=DEC3015DESC, Browser=Firefox}
                        
                        
                     </div>
                     <div>
                        <b>Start time: </b>14:18:09
                     </div>
                     <div>
                        <b>End time: </b>14:18:42
                     </div>
                     <div>
                        <b>Duration: </b>32s
                        
                     </div>
                  </div>
               </td>
            </tr>
            <tr></tr>
            <tr id="com.maax.businessmanager.common.provision_copy_defect_Test_Provisioncopy_byClass_FAIL5_row"
                class="testMethodStatusFAIL">
               <td width="100%" class="firstMethodCell">
                  <a onclick="toggleDetailsVisibility('com.maax.businessmanager.common.provision_copy_defect_Test_Provisioncopy_byClass_FAIL5_details')">Provisioncopy({Successmess=Data Updated Successfully, LOB=AD&amp;D, Username=bcchase, Result=, Runmode=Y, Benefit=Optional AD&amp;D,
                     copypagecode=DEC3024, Password=Welcome1, copypagestatus=Inforce, copypagedesc=DEC3015DESC, Browser=Firefox})
                  </a>
               </td>
               <td nowrap="true">14:18:42</td>
               <td nowrap="true" align="right">29s
                  
               </td>
               <td nowrap="true">
                  <a onclick="toggleDetailsVisibility('com.maax.businessmanager.common.provision_copy_defect_Test_Provisioncopy_byClass_FAIL5_exception')">org.openqa.selenium.NoSuchElementException: 
                     Unable to locate element: {"method":"xpath","selector":"//div[contains(@id,'connection-working') and contains(@class,'iceOutConStatActv')
                     and contains(@style,'visibility: visible')]"}
                     Command duration or timeout: 8 milliseconds
                     For documentation on this error, please visit: http://seleniumhq.org/exceptions/no_such_element.html
                     Build info: version: '2.44.0', revision: '76d78cf323ce037c5f92db6c1bba601c2ac43ad8', time: '2014-10-23 13:11:40'
                     System info: host: 'LMTN202461', ip: '167.74.108.52', os.name: 'Windows 7', os.arch: 'amd64', os.version: '6.1', java.version:
                     '1.8.0_25'
                     Driver info: org.openqa.selenium.firefox.FirefoxDriver
                     Capabilities [{applicationCacheEnabled=true, rotatable=false, handlesAlerts=true, databaseEnabled=true, version=31.2.0, platform=WINDOWS,
                     nativeEvents=true, acceptSslCerts=true, webStorageEnabled=true, locationContextEnabled=true, browserName=firefox, takesScreenshot=true,
                     javascriptEnabled=true, cssSelectorsEnabled=true}]
                     Session ID: 80cd566b-1fa8-4b60-bcce-01898f1cea6c
                     
                  </a>
                   
                  
               </td>
            </tr>
            <tr>
               <td colspan="4" class="detailsBox">
                  <div id="com.maax.businessmanager.common.provision_copy_defect_Test_Provisioncopy_byClass_FAIL5_details"
                       class="testMethodDetails">
                     <div>
                        <b>Name: </b>Provisioncopy
                     </div>
                     <div>
                        <b>Signature: </b>Provisioncopy(java.util.Hashtable)
                     </div>
                     <div>
                        <b>Parameters: </b>
                        
                        {Successmess=Data Updated Successfully, LOB=AD&amp;D, Username=bcchase, Result=, Runmode=Y, Benefit=Optional AD&amp;D, copypagecode=DEC3024,
                        Password=Welcome1, copypagestatus=Inforce, copypagedesc=DEC3015DESC, Browser=Firefox}
                        
                        
                     </div>
                     <div>
                        <b>Start time: </b>14:18:42
                     </div>
                     <div>
                        <b>End time: </b>14:19:11
                     </div>
                     <div>
                        <b>Duration: </b>29s
                        
                     </div>
                  </div>
               </td>
            </tr>
            <tr>
               <td colspan="4" class="detailsBox">
                  <div id="com.maax.businessmanager.common.provision_copy_defect_Test_Provisioncopy_byClass_FAIL5_exception"
                       class="testMethodDetails">
                     <pre style="padding: 5px; margin: 0;">org.openqa.selenium.NoSuchElementException: Unable to locate element: {"method":"xpath","selector":"//div[contains(@id,'connection-working')
                        and contains(@class,'iceOutConStatActv') and contains(@style,'visibility: visible')]"}
                        Command duration or timeout: 8 milliseconds
                        For documentation on this error, please visit: http://seleniumhq.org/exceptions/no_such_element.html
                        Build info: version: '2.44.0', revision: '76d78cf323ce037c5f92db6c1bba601c2ac43ad8', time: '2014-10-23 13:11:40'
                        System info: host: 'LMTN202461', ip: '167.74.108.52', os.name: 'Windows 7', os.arch: 'amd64', os.version: '6.1', java.version:
                        '1.8.0_25'
                        Driver info: org.openqa.selenium.firefox.FirefoxDriver
                        Capabilities [{applicationCacheEnabled=true, rotatable=false, handlesAlerts=true, databaseEnabled=true, version=31.2.0, platform=WINDOWS,
                        nativeEvents=true, acceptSslCerts=true, webStorageEnabled=true, locationContextEnabled=true, browserName=firefox, takesScreenshot=true,
                        javascriptEnabled=true, cssSelectorsEnabled=true}]
                        Session ID: 80cd566b-1fa8-4b60-bcce-01898f1cea6c
                        	at sun.reflect.GeneratedConstructorAccessor31.newInstance(Unknown Source)
                        	at sun.reflect.DelegatingConstructorAccessorImpl.newInstance(DelegatingConstructorAccessorImpl.java:45)
                        	at java.lang.reflect.Constructor.newInstance(Constructor.java:408)
                        	at org.openqa.selenium.remote.ErrorHandler.createThrowable(ErrorHandler.java:204)
                        	at org.openqa.selenium.remote.ErrorHandler.throwIfResponseFailed(ErrorHandler.java:156)
                        	at org.openqa.selenium.remote.RemoteWebDriver.execute(RemoteWebDriver.java:599)
                        	at org.openqa.selenium.remote.RemoteWebDriver.findElement(RemoteWebDriver.java:352)
                        	at org.openqa.selenium.remote.RemoteWebDriver.findElementByXPath(RemoteWebDriver.java:449)
                        	at org.openqa.selenium.By$ByXPath.findElement(By.java:357)
                        	at org.openqa.selenium.remote.RemoteWebDriver.findElement(RemoteWebDriver.java:344)
                        	at com.maax.businessmanager.util.TestBase.dynamicwait(TestBase.java:248)
                        	at com.maax.businessmanager.common.provision_copy_defect_Test.Provisioncopy(provision_copy_defect_Test.java:89)
                        	at sun.reflect.NativeMethodAccessorImpl.invoke0(Native Method)
                        	at sun.reflect.NativeMethodAccessorImpl.invoke(NativeMethodAccessorImpl.java:62)
                        	at sun.reflect.DelegatingMethodAccessorImpl.invoke(DelegatingMethodAccessorImpl.java:43)
                        	at java.lang.reflect.Method.invoke(Method.java:483)
                        	at org.testng.internal.MethodInvocationHelper.invokeMethod(MethodInvocationHelper.java:80)
                        	at org.testng.internal.Invoker.invokeMethod(Invoker.java:673)
                        	at org.testng.internal.Invoker.invokeTestMethod(Invoker.java:842)
                        	at org.testng.internal.Invoker.invokeTestMethods(Invoker.java:1166)
                        	at org.testng.internal.TestMethodWorker.invokeTestMethods(TestMethodWorker.java:125)
                        	at org.testng.internal.TestMethodWorker.run(TestMethodWorker.java:109)
                        	at org.testng.TestRunner.runWorkers(TestRunner.java:1178)
                        	at org.testng.TestRunner.privateRun(TestRunner.java:757)
                        	at org.testng.TestRunner.run(TestRunner.java:608)
                        	at org.testng.SuiteRunner.runTest(SuiteRunner.java:334)
                        	at org.testng.SuiteRunner.runSequentially(SuiteRunner.java:329)
                        	at org.testng.SuiteRunner.privateRun(SuiteRunner.java:291)
                        	at org.testng.SuiteRunner.run(SuiteRunner.java:240)
                        	at org.testng.SuiteRunnerWorker.runSuite(SuiteRunnerWorker.java:52)
                        	at org.testng.SuiteRunnerWorker.run(SuiteRunnerWorker.java:86)
                        	at org.testng.TestNG.runSuitesSequentially(TestNG.java:1158)
                        	at org.testng.TestNG.runSuitesSequentially(TestNG.java:1154)
                        	at org.testng.TestNG.runSuitesLocally(TestNG.java:1083)
                        	at org.testng.TestNG.run(TestNG.java:999)
                        	at org.apache.maven.surefire.testng.TestNGExecutor.run(TestNGExecutor.java:178)
                        	at org.apache.maven.surefire.testng.TestNGXmlTestSuite.execute(TestNGXmlTestSuite.java:92)
                        	at org.apache.maven.surefire.testng.TestNGProvider.invoke(TestNGProvider.java:96)
                        	at sun.reflect.NativeMethodAccessorImpl.invoke0(Native Method)
                        	at sun.reflect.NativeMethodAccessorImpl.invoke(NativeMethodAccessorImpl.java:62)
                        	at sun.reflect.DelegatingMethodAccessorImpl.invoke(DelegatingMethodAccessorImpl.java:43)
                        	at java.lang.reflect.Method.invoke(Method.java:483)
                        	at org.apache.maven.surefire.util.ReflectionUtils.invokeMethodWithArray(ReflectionUtils.java:189)
                        	at org.apache.maven.surefire.booter.ProviderFactory$ProviderProxy.invoke(ProviderFactory.java:165)
                        	at org.apache.maven.surefire.booter.ProviderFactory.invokeProvider(ProviderFactory.java:85)
                        	at org.apache.maven.surefire.booter.ForkedBooter.runSuitesInProcess(ForkedBooter.java:115)
                        	at org.apache.maven.surefire.booter.ForkedBooter.main(ForkedBooter.java:75)
                        Caused by: org.openqa.selenium.NoSuchElementException: Unable to locate element: {"method":"xpath","selector":"//div[contains(@id,'connection-working')
                        and contains(@class,'iceOutConStatActv') and contains(@style,'visibility: visible')]"}
                        For documentation on this error, please visit: http://seleniumhq.org/exceptions/no_such_element.html
                        Build info: version: '2.44.0', revision: '76d78cf323ce037c5f92db6c1bba601c2ac43ad8', time: '2014-10-23 13:11:40'
                        System info: host: 'LMTN202461', ip: '167.74.108.52', os.name: 'Windows 7', os.arch: 'amd64', os.version: '6.1', java.version:
                        '1.8.0_25'
                        Driver info: driver.version: unknown
                        	at &lt;anonymous class&gt;.FirefoxDriver.prototype.findElementInternal_(file:///C:/Users/othnvun/AppData/Local/Temp/anonymous5759456224517786857webdriver-profile/extensions/fxdriver@googlecode.com/components/driver-component.js:9641:133)
                        	at &lt;anonymous class&gt;.FirefoxDriver.prototype.findElement(file:///C:/Users/othnvun/AppData/Local/Temp/anonymous5759456224517786857webdriver-profile/extensions/fxdriver@googlecode.com/components/driver-component.js:9650:3)
                        	at &lt;anonymous class&gt;.DelayedCommand.prototype.executeInternal_/h(file:///C:/Users/othnvun/AppData/Local/Temp/anonymous5759456224517786857webdriver-profile/extensions/fxdriver@googlecode.com/components/command-processor.js:11635:16)
                        	at &lt;anonymous class&gt;.DelayedCommand.prototype.executeInternal_(file:///C:/Users/othnvun/AppData/Local/Temp/anonymous5759456224517786857webdriver-profile/extensions/fxdriver@googlecode.com/components/command-processor.js:11640:7)
                        	at &lt;anonymous class&gt;.DelayedCommand.prototype.execute/&lt;(file:///C:/Users/othnvun/AppData/Local/Temp/anonymous5759456224517786857webdriver-profile/extensions/fxdriver@googlecode.com/components/command-processor.js:11582:5)
                     </pre>
                  </div>
               </td>
            </tr>
            <tr id="com.maax.businessmanager.common.provision_copy_defect_Test_Provisioncopy_byClass_FAIL6_row"
                class="testMethodStatusFAIL">
               <td width="100%" class="firstMethodCell">
                  <a onclick="toggleDetailsVisibility('com.maax.businessmanager.common.provision_copy_defect_Test_Provisioncopy_byClass_FAIL6_details')">Provisioncopy({Successmess=Data Updated Successfully, LOB=Life, Username=bcchase, Result=, Runmode=Y, Benefit=Optional Member
                     Life, copypagecode=DEC3024, Password=Welcome1, copypagestatus=Inforce, copypagedesc=DEC3015DESC, Browser=Firefox})
                  </a>
               </td>
               <td nowrap="true">14:19:11</td>
               <td nowrap="true" align="right">30s
                  
               </td>
               <td nowrap="true">
                  <a onclick="toggleDetailsVisibility('com.maax.businessmanager.common.provision_copy_defect_Test_Provisioncopy_byClass_FAIL6_exception')">org.openqa.selenium.NoSuchElementException: 
                     Unable to locate element: {"method":"xpath","selector":"//div[contains(@id,'connection-working') and contains(@class,'iceOutConStatActv')
                     and contains(@style,'visibility: visible')]"}
                     Command duration or timeout: 7 milliseconds
                     For documentation on this error, please visit: http://seleniumhq.org/exceptions/no_such_element.html
                     Build info: version: '2.44.0', revision: '76d78cf323ce037c5f92db6c1bba601c2ac43ad8', time: '2014-10-23 13:11:40'
                     System info: host: 'LMTN202461', ip: '167.74.108.52', os.name: 'Windows 7', os.arch: 'amd64', os.version: '6.1', java.version:
                     '1.8.0_25'
                     Driver info: org.openqa.selenium.firefox.FirefoxDriver
                     Capabilities [{applicationCacheEnabled=true, rotatable=false, handlesAlerts=true, databaseEnabled=true, version=31.2.0, platform=WINDOWS,
                     nativeEvents=true, acceptSslCerts=true, webStorageEnabled=true, locationContextEnabled=true, browserName=firefox, takesScreenshot=true,
                     javascriptEnabled=true, cssSelectorsEnabled=true}]
                     Session ID: d1e5b8cf-907a-4696-a5a5-c41caa700ece
                     
                  </a>
                   
                  
               </td>
            </tr>
            <tr>
               <td colspan="4" class="detailsBox">
                  <div id="com.maax.businessmanager.common.provision_copy_defect_Test_Provisioncopy_byClass_FAIL6_details"
                       class="testMethodDetails">
                     <div>
                        <b>Name: </b>Provisioncopy
                     </div>
                     <div>
                        <b>Signature: </b>Provisioncopy(java.util.Hashtable)
                     </div>
                     <div>
                        <b>Parameters: </b>
                        
                        {Successmess=Data Updated Successfully, LOB=Life, Username=bcchase, Result=, Runmode=Y, Benefit=Optional Member Life, copypagecode=DEC3024,
                        Password=Welcome1, copypagestatus=Inforce, copypagedesc=DEC3015DESC, Browser=Firefox}
                        
                        
                     </div>
                     <div>
                        <b>Start time: </b>14:19:11
                     </div>
                     <div>
                        <b>End time: </b>14:19:42
                     </div>
                     <div>
                        <b>Duration: </b>30s
                        
                     </div>
                  </div>
               </td>
            </tr>
            <tr>
               <td colspan="4" class="detailsBox">
                  <div id="com.maax.businessmanager.common.provision_copy_defect_Test_Provisioncopy_byClass_FAIL6_exception"
                       class="testMethodDetails">
                     <pre style="padding: 5px; margin: 0;">org.openqa.selenium.NoSuchElementException: Unable to locate element: {"method":"xpath","selector":"//div[contains(@id,'connection-working')
                        and contains(@class,'iceOutConStatActv') and contains(@style,'visibility: visible')]"}
                        Command duration or timeout: 7 milliseconds
                        For documentation on this error, please visit: http://seleniumhq.org/exceptions/no_such_element.html
                        Build info: version: '2.44.0', revision: '76d78cf323ce037c5f92db6c1bba601c2ac43ad8', time: '2014-10-23 13:11:40'
                        System info: host: 'LMTN202461', ip: '167.74.108.52', os.name: 'Windows 7', os.arch: 'amd64', os.version: '6.1', java.version:
                        '1.8.0_25'
                        Driver info: org.openqa.selenium.firefox.FirefoxDriver
                        Capabilities [{applicationCacheEnabled=true, rotatable=false, handlesAlerts=true, databaseEnabled=true, version=31.2.0, platform=WINDOWS,
                        nativeEvents=true, acceptSslCerts=true, webStorageEnabled=true, locationContextEnabled=true, browserName=firefox, takesScreenshot=true,
                        javascriptEnabled=true, cssSelectorsEnabled=true}]
                        Session ID: d1e5b8cf-907a-4696-a5a5-c41caa700ece
                        	at sun.reflect.GeneratedConstructorAccessor31.newInstance(Unknown Source)
                        	at sun.reflect.DelegatingConstructorAccessorImpl.newInstance(DelegatingConstructorAccessorImpl.java:45)
                        	at java.lang.reflect.Constructor.newInstance(Constructor.java:408)
                        	at org.openqa.selenium.remote.ErrorHandler.createThrowable(ErrorHandler.java:204)
                        	at org.openqa.selenium.remote.ErrorHandler.throwIfResponseFailed(ErrorHandler.java:156)
                        	at org.openqa.selenium.remote.RemoteWebDriver.execute(RemoteWebDriver.java:599)
                        	at org.openqa.selenium.remote.RemoteWebDriver.findElement(RemoteWebDriver.java:352)
                        	at org.openqa.selenium.remote.RemoteWebDriver.findElementByXPath(RemoteWebDriver.java:449)
                        	at org.openqa.selenium.By$ByXPath.findElement(By.java:357)
                        	at org.openqa.selenium.remote.RemoteWebDriver.findElement(RemoteWebDriver.java:344)
                        	at com.maax.businessmanager.util.TestBase.dynamicwait(TestBase.java:248)
                        	at com.maax.businessmanager.common.provision_copy_defect_Test.Provisioncopy(provision_copy_defect_Test.java:89)
                        	at sun.reflect.NativeMethodAccessorImpl.invoke0(Native Method)
                        	at sun.reflect.NativeMethodAccessorImpl.invoke(NativeMethodAccessorImpl.java:62)
                        	at sun.reflect.DelegatingMethodAccessorImpl.invoke(DelegatingMethodAccessorImpl.java:43)
                        	at java.lang.reflect.Method.invoke(Method.java:483)
                        	at org.testng.internal.MethodInvocationHelper.invokeMethod(MethodInvocationHelper.java:80)
                        	at org.testng.internal.Invoker.invokeMethod(Invoker.java:673)
                        	at org.testng.internal.Invoker.invokeTestMethod(Invoker.java:842)
                        	at org.testng.internal.Invoker.invokeTestMethods(Invoker.java:1166)
                        	at org.testng.internal.TestMethodWorker.invokeTestMethods(TestMethodWorker.java:125)
                        	at org.testng.internal.TestMethodWorker.run(TestMethodWorker.java:109)
                        	at org.testng.TestRunner.runWorkers(TestRunner.java:1178)
                        	at org.testng.TestRunner.privateRun(TestRunner.java:757)
                        	at org.testng.TestRunner.run(TestRunner.java:608)
                        	at org.testng.SuiteRunner.runTest(SuiteRunner.java:334)
                        	at org.testng.SuiteRunner.runSequentially(SuiteRunner.java:329)
                        	at org.testng.SuiteRunner.privateRun(SuiteRunner.java:291)
                        	at org.testng.SuiteRunner.run(SuiteRunner.java:240)
                        	at org.testng.SuiteRunnerWorker.runSuite(SuiteRunnerWorker.java:52)
                        	at org.testng.SuiteRunnerWorker.run(SuiteRunnerWorker.java:86)
                        	at org.testng.TestNG.runSuitesSequentially(TestNG.java:1158)
                        	at org.testng.TestNG.runSuitesSequentially(TestNG.java:1154)
                        	at org.testng.TestNG.runSuitesLocally(TestNG.java:1083)
                        	at org.testng.TestNG.run(TestNG.java:999)
                        	at org.apache.maven.surefire.testng.TestNGExecutor.run(TestNGExecutor.java:178)
                        	at org.apache.maven.surefire.testng.TestNGXmlTestSuite.execute(TestNGXmlTestSuite.java:92)
                        	at org.apache.maven.surefire.testng.TestNGProvider.invoke(TestNGProvider.java:96)
                        	at sun.reflect.NativeMethodAccessorImpl.invoke0(Native Method)
                        	at sun.reflect.NativeMethodAccessorImpl.invoke(NativeMethodAccessorImpl.java:62)
                        	at sun.reflect.DelegatingMethodAccessorImpl.invoke(DelegatingMethodAccessorImpl.java:43)
                        	at java.lang.reflect.Method.invoke(Method.java:483)
                        	at org.apache.maven.surefire.util.ReflectionUtils.invokeMethodWithArray(ReflectionUtils.java:189)
                        	at org.apache.maven.surefire.booter.ProviderFactory$ProviderProxy.invoke(ProviderFactory.java:165)
                        	at org.apache.maven.surefire.booter.ProviderFactory.invokeProvider(ProviderFactory.java:85)
                        	at org.apache.maven.surefire.booter.ForkedBooter.runSuitesInProcess(ForkedBooter.java:115)
                        	at org.apache.maven.surefire.booter.ForkedBooter.main(ForkedBooter.java:75)
                        Caused by: org.openqa.selenium.NoSuchElementException: Unable to locate element: {"method":"xpath","selector":"//div[contains(@id,'connection-working')
                        and contains(@class,'iceOutConStatActv') and contains(@style,'visibility: visible')]"}
                        For documentation on this error, please visit: http://seleniumhq.org/exceptions/no_such_element.html
                        Build info: version: '2.44.0', revision: '76d78cf323ce037c5f92db6c1bba601c2ac43ad8', time: '2014-10-23 13:11:40'
                        System info: host: 'LMTN202461', ip: '167.74.108.52', os.name: 'Windows 7', os.arch: 'amd64', os.version: '6.1', java.version:
                        '1.8.0_25'
                        Driver info: driver.version: unknown
                        	at &lt;anonymous class&gt;.FirefoxDriver.prototype.findElementInternal_(file:///C:/Users/othnvun/AppData/Local/Temp/anonymous5851109510279210777webdriver-profile/extensions/fxdriver@googlecode.com/components/driver-component.js:9641:133)
                        	at &lt;anonymous class&gt;.FirefoxDriver.prototype.findElement(file:///C:/Users/othnvun/AppData/Local/Temp/anonymous5851109510279210777webdriver-profile/extensions/fxdriver@googlecode.com/components/driver-component.js:9650:3)
                        	at &lt;anonymous class&gt;.DelayedCommand.prototype.executeInternal_/h(file:///C:/Users/othnvun/AppData/Local/Temp/anonymous5851109510279210777webdriver-profile/extensions/fxdriver@googlecode.com/components/command-processor.js:11635:16)
                        	at &lt;anonymous class&gt;.DelayedCommand.prototype.executeInternal_(file:///C:/Users/othnvun/AppData/Local/Temp/anonymous5851109510279210777webdriver-profile/extensions/fxdriver@googlecode.com/components/command-processor.js:11640:7)
                        	at &lt;anonymous class&gt;.DelayedCommand.prototype.execute/&lt;(file:///C:/Users/othnvun/AppData/Local/Temp/anonymous5851109510279210777webdriver-profile/extensions/fxdriver@googlecode.com/components/command-processor.js:11582:5)
                     </pre>
                  </div>
               </td>
            </tr>
            <tr id="com.maax.businessmanager.common.provision_copy_defect_Test_Provisioncopy_byClass_PASS7_row"
                class="testMethodStatusPASS">
               <td width="100%" class="firstMethodCell">
                  <a onclick="toggleDetailsVisibility('com.maax.businessmanager.common.provision_copy_defect_Test_Provisioncopy_byClass_PASS7_details')">Provisioncopy({Successmess=Data Updated Successfully, LOB=Life, Username=bcchase, Result=, Runmode=Y, Benefit=Opt Spousal
                     Life, copypagecode=DEC3024, Password=Welcome1, copypagestatus=Inforce, copypagedesc=DEC3015DESC, Browser=Firefox})
                  </a>
               </td>
               <td nowrap="true">14:19:42</td>
               <td nowrap="true" align="right">31s
                  
               </td>
               <td nowrap="true">
                   
                  
               </td>
            </tr>
            <tr>
               <td colspan="4" class="detailsBox">
                  <div id="com.maax.businessmanager.common.provision_copy_defect_Test_Provisioncopy_byClass_PASS7_details"
                       class="testMethodDetails">
                     <div>
                        <b>Name: </b>Provisioncopy
                     </div>
                     <div>
                        <b>Signature: </b>Provisioncopy(java.util.Hashtable)
                     </div>
                     <div>
                        <b>Parameters: </b>
                        
                        {Successmess=Data Updated Successfully, LOB=Life, Username=bcchase, Result=, Runmode=Y, Benefit=Opt Spousal Life, copypagecode=DEC3024,
                        Password=Welcome1, copypagestatus=Inforce, copypagedesc=DEC3015DESC, Browser=Firefox}
                        
                        
                     </div>
                     <div>
                        <b>Start time: </b>14:19:42
                     </div>
                     <div>
                        <b>End time: </b>14:20:14
                     </div>
                     <div>
                        <b>Duration: </b>31s
                        
                     </div>
                  </div>
               </td>
            </tr>
            <tr></tr>
            <tr id="com.maax.businessmanager.common.provision_copy_defect_Test_Provisioncopy_byClass_PASS8_row"
                class="testMethodStatusPASS">
               <td width="100%" class="firstMethodCell">
                  <a onclick="toggleDetailsVisibility('com.maax.businessmanager.common.provision_copy_defect_Test_Provisioncopy_byClass_PASS8_details')">Provisioncopy({Successmess=Data Updated Successfully, LOB=Life, Username=bcchase, Result=, Runmode=Y, Benefit=Dependent Life,
                     copypagecode=DEC3024, Password=Welcome1, copypagestatus=Inforce, copypagedesc=DEC3015DESC, Browser=Firefox})
                  </a>
               </td>
               <td nowrap="true">14:20:14</td>
               <td nowrap="true" align="right">31s
                  
               </td>
               <td nowrap="true">
                   
                  
               </td>
            </tr>
            <tr>
               <td colspan="4" class="detailsBox">
                  <div id="com.maax.businessmanager.common.provision_copy_defect_Test_Provisioncopy_byClass_PASS8_details"
                       class="testMethodDetails">
                     <div>
                        <b>Name: </b>Provisioncopy
                     </div>
                     <div>
                        <b>Signature: </b>Provisioncopy(java.util.Hashtable)
                     </div>
                     <div>
                        <b>Parameters: </b>
                        
                        {Successmess=Data Updated Successfully, LOB=Life, Username=bcchase, Result=, Runmode=Y, Benefit=Dependent Life, copypagecode=DEC3024,
                        Password=Welcome1, copypagestatus=Inforce, copypagedesc=DEC3015DESC, Browser=Firefox}
                        
                        
                     </div>
                     <div>
                        <b>Start time: </b>14:20:14
                     </div>
                     <div>
                        <b>End time: </b>14:20:45
                     </div>
                     <div>
                        <b>Duration: </b>31s
                        
                     </div>
                  </div>
               </td>
            </tr>
            <tr></tr>
            <tr id="com.maax.businessmanager.common.provision_copy_defect_Test_Provisioncopy_byClass_PASS9_row"
                class="testMethodStatusPASS">
               <td width="100%" class="firstMethodCell">
                  <a onclick="toggleDetailsVisibility('com.maax.businessmanager.common.provision_copy_defect_Test_Provisioncopy_byClass_PASS9_details')">Provisioncopy({Successmess=Data Updated Successfully, LOB=Life, Username=bcchase, Result=, Runmode=Y, Benefit=Optional Child
                     Life, copypagecode=DEC3024, Password=Welcome1, copypagestatus=Inforce, copypagedesc=DEC3015DESC, Browser=Firefox})
                  </a>
               </td>
               <td nowrap="true">14:20:45</td>
               <td nowrap="true" align="right">31s
                  
               </td>
               <td nowrap="true">
                   
                  
               </td>
            </tr>
            <tr>
               <td colspan="4" class="detailsBox">
                  <div id="com.maax.businessmanager.common.provision_copy_defect_Test_Provisioncopy_byClass_PASS9_details"
                       class="testMethodDetails">
                     <div>
                        <b>Name: </b>Provisioncopy
                     </div>
                     <div>
                        <b>Signature: </b>Provisioncopy(java.util.Hashtable)
                     </div>
                     <div>
                        <b>Parameters: </b>
                        
                        {Successmess=Data Updated Successfully, LOB=Life, Username=bcchase, Result=, Runmode=Y, Benefit=Optional Child Life, copypagecode=DEC3024,
                        Password=Welcome1, copypagestatus=Inforce, copypagedesc=DEC3015DESC, Browser=Firefox}
                        
                        
                     </div>
                     <div>
                        <b>Start time: </b>14:20:45
                     </div>
                     <div>
                        <b>End time: </b>14:21:17
                     </div>
                     <div>
                        <b>Duration: </b>31s
                        
                     </div>
                  </div>
               </td>
            </tr>
            <tr></tr>
            <tr id="com.maax.businessmanager.common.provision_copy_defect_Test_Provisioncopy_byClass_PASS10_row"
                class="testMethodStatusPASS">
               <td width="100%" class="firstMethodCell">
                  <a onclick="toggleDetailsVisibility('com.maax.businessmanager.common.provision_copy_defect_Test_Provisioncopy_byClass_PASS10_details')">Provisioncopy({Successmess=Data Updated Successfully, LOB=Life, Username=bcchase, Result=, Runmode=Y, Benefit=Critical Illness,
                     copypagecode=DEC3024, Password=Welcome1, copypagestatus=Inforce, copypagedesc=DEC3015DESC, Browser=Firefox})
                  </a>
               </td>
               <td nowrap="true">14:21:17</td>
               <td nowrap="true" align="right">31s
                  
               </td>
               <td nowrap="true">
                   
                  
               </td>
            </tr>
            <tr>
               <td colspan="4" class="detailsBox">
                  <div id="com.maax.businessmanager.common.provision_copy_defect_Test_Provisioncopy_byClass_PASS10_details"
                       class="testMethodDetails">
                     <div>
                        <b>Name: </b>Provisioncopy
                     </div>
                     <div>
                        <b>Signature: </b>Provisioncopy(java.util.Hashtable)
                     </div>
                     <div>
                        <b>Parameters: </b>
                        
                        {Successmess=Data Updated Successfully, LOB=Life, Username=bcchase, Result=, Runmode=Y, Benefit=Critical Illness, copypagecode=DEC3024,
                        Password=Welcome1, copypagestatus=Inforce, copypagedesc=DEC3015DESC, Browser=Firefox}
                        
                        
                     </div>
                     <div>
                        <b>Start time: </b>14:21:17
                     </div>
                     <div>
                        <b>End time: </b>14:21:48
                     </div>
                     <div>
                        <b>Duration: </b>31s
                        
                     </div>
                  </div>
               </td>
            </tr>
            <tr></tr>
         </table>
         <br></br>
      </div>
      <div style="margin-top: 15px; color: gray; text-align: center; font-size: 9px;">
         Generated with
         
         <a href="http://code.google.com/p/testng-xslt/" style="color: #8888aa;"
            target="_blank">
            TestNG XSLT
            
         </a>
      </div>
   </body>
</html>